Log file open, 01/16/22 16:14:09
LogWindows: Failed to load 'aqProf.dll' (GetLastError=126)
LogWindows: File 'aqProf.dll' does not exist
LogWindows: Failed to load 'VtuneApi.dll' (GetLastError=126)
LogWindows: File 'VtuneApi.dll' does not exist
LogWindows: Failed to load 'VtuneApi32e.dll' (GetLastError=126)
LogWindows: File 'VtuneApi32e.dll' does not exist
LogConsoleResponse: Display: Failed to find resolution value strings in scalability ini. Falling back to default.
LogConsoleResponse: Display: Failed to find resolution value strings in scalability ini. Falling back to default.
LogInit: Display: Running engine for game: MushMush
LogPlatformFile: Not using cached read wrapper
LogTaskGraph: Started task graph with 5 named threads and 23 total threads with 3 sets of task threads.
LogStats: Stats thread started at 0.428342
LogICUInternationalization: ICU TimeZone Detection - Raw Offset: -5:00, Platform Override: ''
LogInit: Display: Loading text-based GConfig....
LogPluginManager: Mounting plugin MeshPainting
LogPluginManager: Mounting plugin XGEController
LogPluginManager: Mounting plugin Paper2D
LogPluginManager: Mounting plugin LiveLink
LogPluginManager: Mounting plugin AISupport
LogPluginManager: Mounting plugin EnvironmentQueryEditor
LogPluginManager: Mounting plugin GameplayCameras
LogPluginManager: Mounting plugin AssetManagerEditor
LogPluginManager: Mounting plugin LightPropagationVolume
LogPluginManager: Mounting plugin CryptoKeys
LogPluginManager: Mounting plugin CurveEditorTools
LogPluginManager: Mounting plugin DataValidation
LogPluginManager: Mounting plugin FacialAnimation
LogPluginManager: Mounting plugin GameplayTagsEditor
LogPluginManager: Mounting plugin GeometryMode
LogPluginManager: Mounting plugin CameraShakePreviewer
LogPluginManager: Mounting plugin MaterialAnalyzer
LogPluginManager: Mounting plugin AnimationSharing
LogPluginManager: Mounting plugin MobileLauncherProfileWizard
LogPluginManager: Mounting plugin SpeedTreeImporter
LogPluginManager: Mounting plugin MacGraphicsSwitching
LogPluginManager: Mounting plugin PluginBrowser
LogPluginManager: Mounting plugin CLionSourceCodeAccess
LogPluginManager: Mounting plugin KDevelopSourceCodeAccess
LogPluginManager: Mounting plugin NullSourceCodeAccess
LogPluginManager: Mounting plugin CodeLiteSourceCodeAccess
LogPluginManager: Mounting plugin PixWinPlugin
LogPluginManager: Mounting plugin PlasticSourceControl
LogPluginManager: Mounting plugin GitSourceControl
LogPluginManager: Mounting plugin PropertyAccessNode
LogPluginManager: Mounting plugin OodleData
LogPluginManager: Mounting plugin PerforceSourceControl
LogPluginManager: Mounting plugin RiderSourceCodeAccess
LogPluginManager: Mounting plugin PluginUtils
LogPluginManager: Mounting plugin TextureFormatOodle
LogPluginManager: Mounting plugin SubversionSourceControl
LogPluginManager: Mounting plugin UObjectPlugin
LogPluginManager: Mounting plugin AutomationUtils
LogPluginManager: Mounting plugin AlembicImporter
LogPluginManager: Mounting plugin BackChannel
LogPluginManager: Mounting plugin ChaosCloth
LogPluginManager: Mounting plugin ChaosClothEditor
LogPluginManager: Mounting plugin ChaosNiagara
LogPluginManager: Mounting plugin CharacterAI
LogPluginManager: Mounting plugin OodleNetwork
LogPluginManager: Mounting plugin ChaosSolverPlugin
LogPluginManager: Mounting plugin ChaosEditor
LogPluginManager: Mounting plugin VisualStudioCodeSourceCodeAccess
LogPluginManager: Mounting plugin XCodeSourceCodeAccess
LogPluginManager: Mounting plugin VisualStudioSourceCodeAccess
LogPluginManager: Mounting plugin GeometryCache
LogPluginManager: Mounting plugin GeometryCollectionPlugin
LogPluginManager: Mounting plugin DatasmithContent
LogPluginManager: Mounting plugin VariantManagerContent
LogPluginManager: Mounting plugin GeometryProcessing
LogPluginManager: Mounting plugin MotoSynth
LogPluginManager: Mounting plugin OpenImageDenoise
LogPluginManager: Mounting plugin PlatformCrypto
LogPluginManager: Mounting plugin PlanarCut
LogPluginManager: Mounting plugin PythonScriptPlugin
LogPluginManager: Mounting plugin ProxyLODPlugin
LogPluginManager: Mounting plugin SkeletalReduction
LogPluginManager: Mounting plugin LuminPlatformFeatures
LogPluginManager: Mounting plugin MagicLeap
LogPluginManager: Mounting plugin MagicLeapLightEstimation
LogPluginManager: Mounting plugin MagicLeapMedia
LogPluginManager: Mounting plugin MagicLeapPassableWorld
LogPluginManager: Mounting plugin MLSDK
LogPluginManager: Mounting plugin AndroidMedia
LogPluginManager: Mounting plugin AvfMedia
LogPluginManager: Mounting plugin ImgMedia
LogPluginManager: Mounting plugin MediaCompositing
LogPluginManager: Mounting plugin WebMMedia
LogPluginManager: Mounting plugin MediaPlayerEditor
LogPluginManager: Mounting plugin TcpMessaging
LogPluginManager: Mounting plugin UdpMessaging
LogPluginManager: Mounting plugin WmfMedia
LogPluginManager: Mounting plugin ActorSequence
LogPluginManager: Mounting plugin MatineeToLevelSequence
LogPluginManager: Mounting plugin LevelSequenceEditor
LogPluginManager: Mounting plugin TemplateSequence
LogPluginManager: Mounting plugin OnlineSubsystem
LogPluginManager: Mounting plugin OnlineSubsystemNull
LogPluginManager: Mounting plugin LauncherChunkInstaller
LogPluginManager: Mounting plugin OnlineSubsystemUtils
LogPluginManager: Mounting plugin ActorLayerUtilities
LogPluginManager: Mounting plugin AndroidDeviceProfileSelector
LogPluginManager: Mounting plugin AndroidMoviePlayer
LogPluginManager: Mounting plugin AndroidPermission
LogPluginManager: Mounting plugin AppleImageUtils
LogPluginManager: Mounting plugin AppleMoviePlayer
LogPluginManager: Mounting plugin ArchVisCharacter
LogPluginManager: Mounting plugin AssetTags
LogPluginManager: Mounting plugin AudioCapture
LogPluginManager: Mounting plugin AudioSynesthesia
LogPluginManager: Mounting plugin CableComponent
LogPluginManager: Mounting plugin ChunkDownloader
LogPluginManager: Mounting plugin CustomMeshComponent
LogPluginManager: Mounting plugin EditableMesh
LogPluginManager: Mounting plugin ExampleDeviceProfileSelector
LogPluginManager: Mounting plugin GoogleCloudMessaging
LogPluginManager: Mounting plugin GooglePAD
LogPluginManager: Mounting plugin IOSDeviceProfileSelector
LogPluginManager: Mounting plugin LinuxDeviceProfileSelector
LogPluginManager: Mounting plugin LocationServicesBPLibrary
LogPluginManager: Mounting plugin MobilePatchingUtils
LogPluginManager: Mounting plugin OpenXR
LogPluginManager: Mounting plugin OpenXRHandTracking
LogPluginManager: Mounting plugin OpenXREyeTracker
LogPluginManager: Mounting plugin PhysXVehicles
LogPluginManager: Mounting plugin PostSplashScreen
LogPluginManager: Mounting plugin ProceduralMeshComponent
LogPluginManager: Mounting plugin PropertyAccessEditor
LogPluginManager: Mounting plugin RuntimePhysXCooking
LogPluginManager: Mounting plugin SignificanceManager
LogPluginManager: Mounting plugin SoundFields
LogPluginManager: Mounting plugin Synthesis
LogPluginManager: Mounting plugin WebMMoviePlayer
LogPluginManager: Mounting plugin WindowsMoviePlayer
LogPluginManager: Mounting plugin ScreenshotTools
LogPluginManager: Mounting plugin Takes
LogPluginManager: Mounting plugin Niagara
LogPluginManager: Mounting plugin ContentBrowserAssetDataSource
LogPluginManager: Mounting plugin ContentBrowserFileDataSource
LogPluginManager: Mounting plugin ContentBrowserClassDataSource
LogPluginManager: Mounting plugin OnlineSubsystemIOS
LogPluginManager: Mounting plugin OnlineSubsystemGooglePlay
LogPluginManager: Mounting plugin OculusVR
LogPluginManager: Mounting plugin SteamVR
PixWinPlugin: PIX capture plugin failed to initialize! Check that the process is launched from PIX.
LogInit: Using libcurl 7.55.1-DEV
LogInit:  - built for x86_64-pc-win32
LogInit:  - supports SSL with OpenSSL/1.1.1
LogInit:  - supports HTTP deflate (compression) using libz 1.2.8
LogInit:  - other features:
LogInit:      CURL_VERSION_SSL
LogInit:      CURL_VERSION_LIBZ
LogInit:      CURL_VERSION_IPV6
LogInit:      CURL_VERSION_ASYNCHDNS
LogInit:      CURL_VERSION_LARGEFILE
LogInit:      CURL_VERSION_IDN
LogInit:  CurlRequestOptions (configurable via config and command line):
LogInit:  - bVerifyPeer = true  - Libcurl will verify peer certificate
LogInit:  - bUseHttpProxy = false  - Libcurl will NOT use HTTP proxy
LogInit:  - bDontReuseConnections = false  - Libcurl will reuse connections
LogInit:  - MaxHostConnections = 16  - Libcurl will limit the number of connections to a host
LogInit:  - LocalHostAddr = Default
LogInit:  - BufferSize = 65536
LogOnline: OSS: Creating online subsystem instance for: NULL
LogInit: WinSock: version 1.1 (2.2), MaxSocks=32767, MaxUdp=65467
LogOnline: OSS: TryLoadSubsystemAndSetDefault: Loaded subsystem for module [NULL]
LogOculusPluginWrapper: OculusPlugin initialized successfully
LogHMD: Failed initializing OVRPlugin 1.59.0
LogInit: Build: ++UE4+Release-4.27-CL-18319896
LogInit: Engine Version: 4.27.2-18319896+++UE4+Release-4.27
LogInit: Compatible Engine Version: 4.27.0-17155196+++UE4+Release-4.27
LogInit: Net CL: 17155196
LogInit: OS: Windows 10 (Release 2009) (), CPU: AMD FX(tm)-8300 Eight-Core Processor           , GPU: NVIDIA GeForce GTX 1060 3GB
LogInit: Compiled (64-bit): Nov 30 2021 07:12:08
LogInit: Compiled with Visual C++: 19.24.28315.00
LogInit: Build Configuration: Development
LogInit: Branch Name: ++UE4+Release-4.27
LogInit: Command Line: 
LogInit: Base Directory: C:/Program Files/Epic Games/UE_4.27/Engine/Binaries/Win64/
LogInit: Allocator: TBB
LogInit: Installed Engine Build: 1
LogDevObjectVersion: Number of dev versions registered: 29
LogDevObjectVersion:   Dev-Blueprints (B0D832E4-1F89-4F0D-ACCF-7EB736FD4AA2): 10
LogDevObjectVersion:   Dev-Build (E1C64328-A22C-4D53-A36C-8E866417BD8C): 0
LogDevObjectVersion:   Dev-Core (375EC13C-06E4-48FB-B500-84F0262A717E): 4
LogDevObjectVersion:   Dev-Editor (E4B068ED-F494-42E9-A231-DA0B2E46BB41): 40
LogDevObjectVersion:   Dev-Framework (CFFC743F-43B0-4480-9391-14DF171D2073): 37
LogDevObjectVersion:   Dev-Mobile (B02B49B5-BB20-44E9-A304-32B752E40360): 3
LogDevObjectVersion:   Dev-Networking (A4E4105C-59A1-49B5-A7C5-40C4547EDFEE): 0
LogDevObjectVersion:   Dev-Online (39C831C9-5AE6-47DC-9A44-9C173E1C8E7C): 0
LogDevObjectVersion:   Dev-Physics (78F01B33-EBEA-4F98-B9B4-84EACCB95AA2): 14
LogDevObjectVersion:   Dev-Platform (6631380F-2D4D-43E0-8009-CF276956A95A): 0
LogDevObjectVersion:   Dev-Rendering (12F88B9F-8875-4AFC-A67C-D90C383ABD29): 45
LogDevObjectVersion:   Dev-Sequencer (7B5AE74C-D270-4C10-A958-57980B212A5A): 13
LogDevObjectVersion:   Dev-VR (D7296918-1DD6-4BDD-9DE2-64A83CC13884): 3
LogDevObjectVersion:   Dev-LoadTimes (C2A15278-BFE7-4AFE-6C17-90FF531DF755): 1
LogDevObjectVersion:   Private-Geometry (6EACA3D4-40EC-4CC1-B786-8BED09428FC5): 3
LogDevObjectVersion:   Dev-AnimPhys (29E575DD-E0A3-4627-9D10-D276232CDCEA): 17
LogDevObjectVersion:   Dev-Anim (AF43A65D-7FD3-4947-9873-3E8ED9C1BB05): 15
LogDevObjectVersion:   Dev-ReflectionCapture (6B266CEC-1EC7-4B8F-A30B-E4D90942FC07): 1
LogDevObjectVersion:   Dev-Automation (0DF73D61-A23F-47EA-B727-89E90C41499A): 1
LogDevObjectVersion:   FortniteMain (601D1886-AC64-4F84-AA16-D3DE0DEAC7D6): 47
LogDevObjectVersion:   FortniteRelease (E7086368-6B23-4C58-8439-1B7016265E91): 1
LogDevObjectVersion:   Dev-Enterprise (9DFFBCD6-494F-0158-E221-12823C92A888): 10
LogDevObjectVersion:   Dev-Niagara (F2AED0AC-9AFE-416F-8664-AA7FFA26D6FC): 1
LogDevObjectVersion:   Dev-Destruction (174F1F0B-B4C6-45A5-B13F-2EE8D0FB917D): 10
LogDevObjectVersion:   Dev-Physics-Ext (35F94A83-E258-406C-A318-09F59610247C): 41
LogDevObjectVersion:   Dev-PhysicsMaterial-Chaos (B68FC16E-8B1B-42E2-B453-215C058844FE): 1
LogDevObjectVersion:   Dev-CineCamera (B2E18506-4273-CFC2-A54E-F4BB758BBA07): 1
LogDevObjectVersion:   Dev-VirtualProduction (64F58936-FD1B-42BA-BA96-7289D5D0FA4E): 1
LogDevObjectVersion:   Dev-MediaFramework (6F0ED827-A609-4895-9C91-998D90180EA4): 2
LogInit: Presizing for max 25165824 objects, including 0 objects not considered by GC, pre-allocating 0 bytes for permanent pool.
LogConfig: Applying CVar settings from Section [/Script/Engine.StreamingSettings] File [D:/miles/Documents/Unreal Projects/Gabbi_Capstone/MushMush/Saved/Config/Windows/Engine.ini]
LogConfig: Setting CVar [[s.MinBulkDataSizeForAsyncLoading:131072]]
LogConfig: Setting CVar [[s.AsyncLoadingThreadEnabled:0]]
LogConfig: Setting CVar [[s.EventDrivenLoaderEnabled:1]]
LogConfig: Setting CVar [[s.WarnIfTimeLimitExceeded:0]]
LogConfig: Setting CVar [[s.TimeLimitExceededMultiplier:1.5]]
LogConfig: Setting CVar [[s.TimeLimitExceededMinTime:0.005]]
LogConfig: Setting CVar [[s.UseBackgroundLevelStreaming:1]]
LogConfig: Setting CVar [[s.PriorityAsyncLoadingExtraTime:15.0]]
LogConfig: Setting CVar [[s.LevelStreamingActorsUpdateTimeLimit:5.0]]
LogConfig: Setting CVar [[s.PriorityLevelStreamingActorsUpdateExtraTime:5.0]]
LogConfig: Setting CVar [[s.LevelStreamingComponentsRegistrationGranularity:10]]
LogConfig: Setting CVar [[s.UnregisterComponentsTimeLimit:1.0]]
LogConfig: Setting CVar [[s.LevelStreamingComponentsUnregistrationGranularity:5]]
LogConfig: Setting CVar [[s.FlushStreamingOnExit:1]]
LogInit: Object subsystem initialized
LogConfig: Setting CVar [[con.DebugEarlyDefault:1]]
LogConfig: Setting CVar [[r.setres:1280x720]]
[2022.01.16-21.14.10:566][  0]LogConfig: Setting CVar [[r.VSync:0]]
[2022.01.16-21.14.10:566][  0]LogConfig: Setting CVar [[r.RHICmdBypass:0]]
[2022.01.16-21.14.10:566][  0]LogConfig: Applying CVar settings from Section [/Script/Engine.RendererSettings] File [D:/miles/Documents/Unreal Projects/Gabbi_Capstone/MushMush/Saved/Config/Windows/Engine.ini]
[2022.01.16-21.14.10:566][  0]LogConfig: Setting CVar [[r.GPUCrashDebugging:0]]
[2022.01.16-21.14.10:566][  0]LogConfig: Applying CVar settings from Section [/Script/Engine.RendererOverrideSettings] File [D:/miles/Documents/Unreal Projects/Gabbi_Capstone/MushMush/Saved/Config/Windows/Engine.ini]
[2022.01.16-21.14.10:566][  0]LogConfig: Applying CVar settings from Section [/Script/Engine.StreamingSettings] File [D:/miles/Documents/Unreal Projects/Gabbi_Capstone/MushMush/Saved/Config/Windows/Engine.ini]
[2022.01.16-21.14.10:566][  0]LogConfig: Setting CVar [[s.MinBulkDataSizeForAsyncLoading:131072]]
[2022.01.16-21.14.10:566][  0]LogConfig: Setting CVar [[s.AsyncLoadingThreadEnabled:0]]
[2022.01.16-21.14.10:566][  0]LogConfig: Setting CVar [[s.EventDrivenLoaderEnabled:1]]
[2022.01.16-21.14.10:566][  0]LogConfig: Setting CVar [[s.WarnIfTimeLimitExceeded:0]]
[2022.01.16-21.14.10:566][  0]LogConfig: Setting CVar [[s.TimeLimitExceededMultiplier:1.5]]
[2022.01.16-21.14.10:566][  0]LogConfig: Setting CVar [[s.TimeLimitExceededMinTime:0.005]]
[2022.01.16-21.14.10:566][  0]LogConfig: Setting CVar [[s.UseBackgroundLevelStreaming:1]]
[2022.01.16-21.14.10:566][  0]LogConfig: Setting CVar [[s.PriorityAsyncLoadingExtraTime:15.0]]
[2022.01.16-21.14.10:566][  0]LogConfig: Setting CVar [[s.LevelStreamingActorsUpdateTimeLimit:5.0]]
[2022.01.16-21.14.10:566][  0]LogConfig: Setting CVar [[s.PriorityLevelStreamingActorsUpdateExtraTime:5.0]]
[2022.01.16-21.14.10:566][  0]LogConfig: Setting CVar [[s.LevelStreamingComponentsRegistrationGranularity:10]]
[2022.01.16-21.14.10:566][  0]LogConfig: Setting CVar [[s.UnregisterComponentsTimeLimit:1.0]]
[2022.01.16-21.14.10:566][  0]LogConfig: Setting CVar [[s.LevelStreamingComponentsUnregistrationGranularity:5]]
[2022.01.16-21.14.10:566][  0]LogConfig: Setting CVar [[s.FlushStreamingOnExit:1]]
[2022.01.16-21.14.10:566][  0]LogConfig: Applying CVar settings from Section [/Script/Engine.GarbageCollectionSettings] File [D:/miles/Documents/Unreal Projects/Gabbi_Capstone/MushMush/Saved/Config/Windows/Engine.ini]
[2022.01.16-21.14.10:566][  0]LogConfig: Setting CVar [[gc.MaxObjectsNotConsideredByGC:1]]
[2022.01.16-21.14.10:566][  0]LogConfig: Setting CVar [[gc.SizeOfPermanentObjectPool:0]]
[2022.01.16-21.14.10:566][  0]LogConfig: Setting CVar [[gc.FlushStreamingOnGC:0]]
[2022.01.16-21.14.10:567][  0]LogConfig: Setting CVar [[gc.NumRetriesBeforeForcingGC:10]]
[2022.01.16-21.14.10:567][  0]LogConfig: Setting CVar [[gc.AllowParallelGC:1]]
[2022.01.16-21.14.10:567][  0]LogConfig: Setting CVar [[gc.TimeBetweenPurgingPendingKillObjects:61.1]]
[2022.01.16-21.14.10:567][  0]LogConfig: Setting CVar [[gc.MaxObjectsInEditor:25165824]]
[2022.01.16-21.14.10:567][  0]LogConfig: Setting CVar [[gc.IncrementalBeginDestroyEnabled:1]]
[2022.01.16-21.14.10:567][  0]LogConfig: Setting CVar [[gc.CreateGCClusters:1]]
[2022.01.16-21.14.10:567][  0]LogConfig: Setting CVar [[gc.MinGCClusterSize:5]]
[2022.01.16-21.14.10:567][  0]LogConfig: Setting CVar [[gc.ActorClusteringEnabled:0]]
[2022.01.16-21.14.10:567][  0]LogConfig: Setting CVar [[gc.BlueprintClusteringEnabled:0]]
[2022.01.16-21.14.10:567][  0]LogConfig: Setting CVar [[gc.UseDisregardForGCOnDedicatedServers:0]]
[2022.01.16-21.14.10:567][  0]LogConfig: Setting CVar [[gc.MultithreadedDestructionEnabled:1]]
[2022.01.16-21.14.10:567][  0]LogConfig: Applying CVar settings from Section [/Script/Engine.NetworkSettings] File [D:/miles/Documents/Unreal Projects/Gabbi_Capstone/MushMush/Saved/Config/Windows/Engine.ini]
[2022.01.16-21.14.10:567][  0]LogConfig: Applying CVar settings from Section [/Script/UnrealEd.CookerSettings] File [D:/miles/Documents/Unreal Projects/Gabbi_Capstone/MushMush/Saved/Config/Windows/Engine.ini]
[2022.01.16-21.14.10:594][  0]LogConfig: Applying CVar settings from Section [ViewDistanceQuality@3] File [D:/miles/Documents/Unreal Projects/Gabbi_Capstone/MushMush/Saved/Config/Windows/Scalability.ini]
[2022.01.16-21.14.10:594][  0]LogConfig: Setting CVar [[r.SkeletalMeshLODBias:0]]
[2022.01.16-21.14.10:594][  0]LogConfig: Setting CVar [[r.ViewDistanceScale:1.0]]
[2022.01.16-21.14.10:594][  0]LogConfig: Applying CVar settings from Section [AntiAliasingQuality@3] File [D:/miles/Documents/Unreal Projects/Gabbi_Capstone/MushMush/Saved/Config/Windows/Scalability.ini]
[2022.01.16-21.14.10:594][  0]LogConfig: Setting CVar [[r.PostProcessAAQuality:4]]
[2022.01.16-21.14.10:594][  0]LogConfig: Applying CVar settings from Section [ShadowQuality@3] File [D:/miles/Documents/Unreal Projects/Gabbi_Capstone/MushMush/Saved/Config/Windows/Scalability.ini]
[2022.01.16-21.14.10:594][  0]LogConfig: Setting CVar [[r.LightFunctionQuality:1]]
[2022.01.16-21.14.10:594][  0]LogConfig: Setting CVar [[r.ShadowQuality:5]]
[2022.01.16-21.14.10:594][  0]LogConfig: Setting CVar [[r.Shadow.CSM.MaxCascades:10]]
[2022.01.16-21.14.10:594][  0]LogConfig: Setting CVar [[r.Shadow.MaxResolution:2048]]
[2022.01.16-21.14.10:594][  0]LogConfig: Setting CVar [[r.Shadow.MaxCSMResolution:2048]]
[2022.01.16-21.14.10:594][  0]LogConfig: Setting CVar [[r.Shadow.RadiusThreshold:0.01]]
[2022.01.16-21.14.10:594][  0]LogConfig: Setting CVar [[r.Shadow.DistanceScale:1.0]]
[2022.01.16-21.14.10:594][  0]LogConfig: Setting CVar [[r.Shadow.CSM.TransitionScale:1.0]]
[2022.01.16-21.14.10:594][  0]LogConfig: Setting CVar [[r.Shadow.PreShadowResolutionFactor:1.0]]
[2022.01.16-21.14.10:594][  0]LogConfig: Setting CVar [[r.DistanceFieldShadowing:1]]
[2022.01.16-21.14.10:594][  0]LogConfig: Setting CVar [[r.DistanceFieldAO:1]]
[2022.01.16-21.14.10:594][  0]LogConfig: Setting CVar [[r.AOQuality:2]]
[2022.01.16-21.14.10:594][  0]LogConfig: Setting CVar [[r.VolumetricFog:1]]
[2022.01.16-21.14.10:594][  0]LogConfig: Setting CVar [[r.VolumetricFog.GridPixelSize:8]]
[2022.01.16-21.14.10:594][  0]LogConfig: Setting CVar [[r.VolumetricFog.GridSizeZ:128]]
[2022.01.16-21.14.10:594][  0]LogConfig: Setting CVar [[r.VolumetricFog.HistoryMissSupersampleCount:4]]
[2022.01.16-21.14.10:594][  0]LogConfig: Setting CVar [[r.LightMaxDrawDistanceScale:1]]
[2022.01.16-21.14.10:594][  0]LogConfig: Setting CVar [[r.CapsuleShadows:1]]
[2022.01.16-21.14.10:594][  0]LogConfig: Applying CVar settings from Section [PostProcessQuality@3] File [D:/miles/Documents/Unreal Projects/Gabbi_Capstone/MushMush/Saved/Config/Windows/Scalability.ini]
[2022.01.16-21.14.10:594][  0]LogConfig: Setting CVar [[r.MotionBlurQuality:4]]
[2022.01.16-21.14.10:594][  0]LogConfig: Setting CVar [[r.AmbientOcclusionMipLevelFactor:0.4]]
[2022.01.16-21.14.10:594][  0]LogConfig: Setting CVar [[r.AmbientOcclusionMaxQuality:100]]
[2022.01.16-21.14.10:594][  0]LogConfig: Setting CVar [[r.AmbientOcclusionLevels:-1]]
[2022.01.16-21.14.10:594][  0]LogConfig: Setting CVar [[r.AmbientOcclusionRadiusScale:1.0]]
[2022.01.16-21.14.10:594][  0]LogConfig: Setting CVar [[r.DepthOfFieldQuality:2]]
[2022.01.16-21.14.10:594][  0]LogConfig: Setting CVar [[r.RenderTargetPoolMin:400]]
[2022.01.16-21.14.10:595][  0]LogConfig: Setting CVar [[r.LensFlareQuality:2]]
[2022.01.16-21.14.10:595][  0]LogConfig: Setting CVar [[r.SceneColorFringeQuality:1]]
[2022.01.16-21.14.10:595][  0]LogConfig: Setting CVar [[r.EyeAdaptationQuality:2]]
[2022.01.16-21.14.10:595][  0]LogConfig: Setting CVar [[r.BloomQuality:5]]
[2022.01.16-21.14.10:595][  0]LogConfig: Setting CVar [[r.FastBlurThreshold:100]]
[2022.01.16-21.14.10:595][  0]LogConfig: Setting CVar [[r.Upscale.Quality:3]]
[2022.01.16-21.14.10:595][  0]LogConfig: Setting CVar [[r.Tonemapper.GrainQuantization:1]]
[2022.01.16-21.14.10:595][  0]LogConfig: Setting CVar [[r.LightShaftQuality:1]]
[2022.01.16-21.14.10:595][  0]LogConfig: Setting CVar [[r.Filter.SizeScale:1]]
[2022.01.16-21.14.10:595][  0]LogConfig: Setting CVar [[r.Tonemapper.Quality:5]]
[2022.01.16-21.14.10:595][  0]LogConfig: Setting CVar [[r.DOF.Gather.AccumulatorQuality:1        ; higher gathering accumulator quality]]
[2022.01.16-21.14.10:595][  0]LogConfig: Setting CVar [[r.DOF.Gather.PostfilterMethod:1          ; Median3x3 postfilering method]]
[2022.01.16-21.14.10:595][  0]LogConfig: Setting CVar [[r.DOF.Gather.EnableBokehSettings:0       ; no bokeh simulation when gathering]]
[2022.01.16-21.14.10:595][  0]LogConfig: Setting CVar [[r.DOF.Gather.RingCount:4                 ; medium number of samples when gathering]]
[2022.01.16-21.14.10:595][  0]LogConfig: Setting CVar [[r.DOF.Scatter.ForegroundCompositing:1    ; additive foreground scattering]]
[2022.01.16-21.14.10:595][  0]LogConfig: Setting CVar [[r.DOF.Scatter.BackgroundCompositing:2    ; additive background scattering]]
[2022.01.16-21.14.10:595][  0]LogConfig: Setting CVar [[r.DOF.Scatter.EnableBokehSettings:1      ; bokeh simulation when scattering]]
[2022.01.16-21.14.10:595][  0]LogConfig: Setting CVar [[r.DOF.Scatter.MaxSpriteRatio:0.1         ; only a maximum of 10% of scattered bokeh]]
[2022.01.16-21.14.10:595][  0]LogConfig: Setting CVar [[r.DOF.Recombine.Quality:1                ; cheap slight out of focus]]
[2022.01.16-21.14.10:595][  0]LogConfig: Setting CVar [[r.DOF.Recombine.EnableBokehSettings:0    ; no bokeh simulation on slight out of focus]]
[2022.01.16-21.14.10:595][  0]LogConfig: Setting CVar [[r.DOF.TemporalAAQuality:1                ; more stable temporal accumulation]]
[2022.01.16-21.14.10:595][  0]LogConfig: Setting CVar [[r.DOF.Kernel.MaxForegroundRadius:0.025]]
[2022.01.16-21.14.10:595][  0]LogConfig: Setting CVar [[r.DOF.Kernel.MaxBackgroundRadius:0.025]]
[2022.01.16-21.14.10:595][  0]LogConfig: Applying CVar settings from Section [TextureQuality@3] File [D:/miles/Documents/Unreal Projects/Gabbi_Capstone/MushMush/Saved/Config/Windows/Scalability.ini]
[2022.01.16-21.14.10:595][  0]LogConfig: Setting CVar [[r.Streaming.MipBias:0]]
[2022.01.16-21.14.10:595][  0]LogConfig: Setting CVar [[r.Streaming.AmortizeCPUToGPUCopy:0]]
[2022.01.16-21.14.10:595][  0]LogConfig: Setting CVar [[r.Streaming.MaxNumTexturesToStreamPerFrame:0]]
[2022.01.16-21.14.10:595][  0]LogConfig: Setting CVar [[r.Streaming.Boost:1]]
[2022.01.16-21.14.10:595][  0]LogConfig: Setting CVar [[r.MaxAnisotropy:8]]
[2022.01.16-21.14.10:595][  0]LogConfig: Setting CVar [[r.VT.MaxAnisotropy:8]]
[2022.01.16-21.14.10:595][  0]LogConfig: Setting CVar [[r.Streaming.LimitPoolSizeToVRAM:0]]
[2022.01.16-21.14.10:595][  0]LogConfig: Setting CVar [[r.Streaming.PoolSize:1000]]
[2022.01.16-21.14.10:595][  0]LogConfig: Setting CVar [[r.Streaming.MaxEffectiveScreenSize:0]]
[2022.01.16-21.14.10:595][  0]LogConfig: Applying CVar settings from Section [EffectsQuality@3] File [D:/miles/Documents/Unreal Projects/Gabbi_Capstone/MushMush/Saved/Config/Windows/Scalability.ini]
[2022.01.16-21.14.10:595][  0]LogConfig: Setting CVar [[r.TranslucencyLightingVolumeDim:64]]
[2022.01.16-21.14.10:595][  0]LogConfig: Setting CVar [[r.RefractionQuality:2]]
[2022.01.16-21.14.10:595][  0]LogConfig: Setting CVar [[r.SSR.Quality:3]]
[2022.01.16-21.14.10:595][  0]LogConfig: Setting CVar [[r.SSR.HalfResSceneColor:0]]
[2022.01.16-21.14.10:595][  0]LogConfig: Setting CVar [[r.SceneColorFormat:4]]
[2022.01.16-21.14.10:595][  0]LogConfig: Setting CVar [[r.DetailMode:2]]
[2022.01.16-21.14.10:595][  0]LogConfig: Setting CVar [[r.TranslucencyVolumeBlur:1]]
[2022.01.16-21.14.10:595][  0]LogConfig: Setting CVar [[r.MaterialQualityLevel:1 ; High quality]]
[2022.01.16-21.14.10:595][  0]LogConfig: Setting CVar [[r.AnisotropicMaterials:1]]
[2022.01.16-21.14.10:595][  0]LogConfig: Setting CVar [[r.SSS.Scale:1]]
[2022.01.16-21.14.10:595][  0]LogConfig: Setting CVar [[r.SSS.SampleSet:2]]
[2022.01.16-21.14.10:595][  0]LogConfig: Setting CVar [[r.SSS.Quality:1]]
[2022.01.16-21.14.10:595][  0]LogConfig: Setting CVar [[r.SSS.HalfRes:0]]
[2022.01.16-21.14.10:595][  0]LogConfig: Setting CVar [[r.SSGI.Quality:3]]
[2022.01.16-21.14.10:595][  0]LogConfig: Setting CVar [[r.EmitterSpawnRateScale:1.0]]
[2022.01.16-21.14.10:595][  0]LogConfig: Setting CVar [[r.ParticleLightQuality:2]]
[2022.01.16-21.14.10:595][  0]LogConfig: Setting CVar [[r.SkyAtmosphere.AerialPerspectiveLUT.FastApplyOnOpaque:1 ; Always have FastSkyLUT 1 in this case to avoid wrong sky]]
[2022.01.16-21.14.10:595][  0]LogConfig: Setting CVar [[r.SkyAtmosphere.AerialPerspectiveLUT.SampleCountMaxPerSlice:4]]
[2022.01.16-21.14.10:595][  0]LogConfig: Setting CVar [[r.SkyAtmosphere.AerialPerspectiveLUT.DepthResolution:16.0]]
[2022.01.16-21.14.10:595][  0]LogConfig: Setting CVar [[r.SkyAtmosphere.FastSkyLUT:1]]
[2022.01.16-21.14.10:596][  0]LogConfig: Setting CVar [[r.SkyAtmosphere.FastSkyLUT.SampleCountMin:4.0]]
[2022.01.16-21.14.10:596][  0]LogConfig: Setting CVar [[r.SkyAtmosphere.FastSkyLUT.SampleCountMax:128.0]]
[2022.01.16-21.14.10:596][  0]LogConfig: Setting CVar [[r.SkyAtmosphere.SampleCountMin:4.0]]
[2022.01.16-21.14.10:596][  0]LogConfig: Setting CVar [[r.SkyAtmosphere.SampleCountMax:128.0]]
[2022.01.16-21.14.10:596][  0]LogConfig: Setting CVar [[r.SkyAtmosphere.TransmittanceLUT.UseSmallFormat:0]]
[2022.01.16-21.14.10:596][  0]LogConfig: Setting CVar [[r.SkyAtmosphere.TransmittanceLUT.SampleCount:10.0]]
[2022.01.16-21.14.10:596][  0]LogConfig: Setting CVar [[r.SkyAtmosphere.MultiScatteringLUT.SampleCount:15.0]]
[2022.01.16-21.14.10:596][  0]LogConfig: Setting CVar [[r.SkyLight.RealTimeReflectionCapture:1]]
[2022.01.16-21.14.10:596][  0]LogConfig: Applying CVar settings from Section [FoliageQuality@3] File [D:/miles/Documents/Unreal Projects/Gabbi_Capstone/MushMush/Saved/Config/Windows/Scalability.ini]
[2022.01.16-21.14.10:596][  0]LogConfig: Setting CVar [[foliage.DensityScale:1.0]]
[2022.01.16-21.14.10:596][  0]LogConfig: Setting CVar [[grass.DensityScale:1.0]]
[2022.01.16-21.14.10:596][  0]LogConfig: Applying CVar settings from Section [ShadingQuality@3] File [D:/miles/Documents/Unreal Projects/Gabbi_Capstone/MushMush/Saved/Config/Windows/Scalability.ini]
[2022.01.16-21.14.10:596][  0]LogConfig: Setting CVar [[r.HairStrands.SkyLighting.IntegrationType:2]]
[2022.01.16-21.14.10:596][  0]LogConfig: Setting CVar [[r.HairStrands.SkyAO.SampleCount:4]]
[2022.01.16-21.14.10:596][  0]LogConfig: Setting CVar [[r.HairStrands.Visibility.MSAA.SamplePerPixel:4]]
[2022.01.16-21.14.10:596][  0]LogInit: Selected Device Profile: [Windows]
[2022.01.16-21.14.10:596][  0]LogInit: Applying CVar settings loaded from the selected device profile: [Windows]
[2022.01.16-21.14.10:596][  0]LogHAL: Display: Platform has ~ 32 GB [34323951616 / 34359738368 / 32], which maps to Largest [LargestMinGB=32, LargerMinGB=12, DefaultMinGB=8, SmallerMinGB=6, SmallestMinGB=0)
[2022.01.16-21.14.10:596][  0]LogInit: Going up to parent DeviceProfile []
[2022.01.16-21.14.10:596][  0]LogConfig: Applying CVar settings from Section [ViewDistanceQuality@3] File [D:/miles/Documents/Unreal Projects/Gabbi_Capstone/MushMush/Saved/Config/Windows/Scalability.ini]
[2022.01.16-21.14.10:596][  0]LogConfig: Setting CVar [[r.SkeletalMeshLODBias:0]]
[2022.01.16-21.14.10:596][  0]LogConfig: Setting CVar [[r.ViewDistanceScale:1.0]]
[2022.01.16-21.14.10:596][  0]LogConfig: Applying CVar settings from Section [AntiAliasingQuality@3] File [D:/miles/Documents/Unreal Projects/Gabbi_Capstone/MushMush/Saved/Config/Windows/Scalability.ini]
[2022.01.16-21.14.10:596][  0]LogConfig: Setting CVar [[r.PostProcessAAQuality:4]]
[2022.01.16-21.14.10:596][  0]LogConfig: Applying CVar settings from Section [ShadowQuality@3] File [D:/miles/Documents/Unreal Projects/Gabbi_Capstone/MushMush/Saved/Config/Windows/Scalability.ini]
[2022.01.16-21.14.10:596][  0]LogConfig: Setting CVar [[r.LightFunctionQuality:1]]
[2022.01.16-21.14.10:596][  0]LogConfig: Setting CVar [[r.ShadowQuality:5]]
[2022.01.16-21.14.10:596][  0]LogConfig: Setting CVar [[r.Shadow.CSM.MaxCascades:10]]
[2022.01.16-21.14.10:596][  0]LogConfig: Setting CVar [[r.Shadow.MaxResolution:2048]]
[2022.01.16-21.14.10:596][  0]LogConfig: Setting CVar [[r.Shadow.MaxCSMResolution:2048]]
[2022.01.16-21.14.10:596][  0]LogConfig: Setting CVar [[r.Shadow.RadiusThreshold:0.01]]
[2022.01.16-21.14.10:596][  0]LogConfig: Setting CVar [[r.Shadow.DistanceScale:1.0]]
[2022.01.16-21.14.10:596][  0]LogConfig: Setting CVar [[r.Shadow.CSM.TransitionScale:1.0]]
[2022.01.16-21.14.10:596][  0]LogConfig: Setting CVar [[r.Shadow.PreShadowResolutionFactor:1.0]]
[2022.01.16-21.14.10:596][  0]LogConfig: Setting CVar [[r.DistanceFieldShadowing:1]]
[2022.01.16-21.14.10:596][  0]LogConfig: Setting CVar [[r.DistanceFieldAO:1]]
[2022.01.16-21.14.10:596][  0]LogConfig: Setting CVar [[r.AOQuality:2]]
[2022.01.16-21.14.10:596][  0]LogConfig: Setting CVar [[r.VolumetricFog:1]]
[2022.01.16-21.14.10:596][  0]LogConfig: Setting CVar [[r.VolumetricFog.GridPixelSize:8]]
[2022.01.16-21.14.10:596][  0]LogConfig: Setting CVar [[r.VolumetricFog.GridSizeZ:128]]
[2022.01.16-21.14.10:596][  0]LogConfig: Setting CVar [[r.VolumetricFog.HistoryMissSupersampleCount:4]]
[2022.01.16-21.14.10:596][  0]LogConfig: Setting CVar [[r.LightMaxDrawDistanceScale:1]]
[2022.01.16-21.14.10:596][  0]LogConfig: Setting CVar [[r.CapsuleShadows:1]]
[2022.01.16-21.14.10:596][  0]LogConfig: Applying CVar settings from Section [PostProcessQuality@3] File [D:/miles/Documents/Unreal Projects/Gabbi_Capstone/MushMush/Saved/Config/Windows/Scalability.ini]
[2022.01.16-21.14.10:596][  0]LogConfig: Setting CVar [[r.MotionBlurQuality:4]]
[2022.01.16-21.14.10:597][  0]LogConfig: Setting CVar [[r.AmbientOcclusionMipLevelFactor:0.4]]
[2022.01.16-21.14.10:597][  0]LogConfig: Setting CVar [[r.AmbientOcclusionMaxQuality:100]]
[2022.01.16-21.14.10:597][  0]LogConfig: Setting CVar [[r.AmbientOcclusionLevels:-1]]
[2022.01.16-21.14.10:597][  0]LogConfig: Setting CVar [[r.AmbientOcclusionRadiusScale:1.0]]
[2022.01.16-21.14.10:597][  0]LogConfig: Setting CVar [[r.DepthOfFieldQuality:2]]
[2022.01.16-21.14.10:597][  0]LogConfig: Setting CVar [[r.RenderTargetPoolMin:400]]
[2022.01.16-21.14.10:597][  0]LogConfig: Setting CVar [[r.LensFlareQuality:2]]
[2022.01.16-21.14.10:597][  0]LogConfig: Setting CVar [[r.SceneColorFringeQuality:1]]
[2022.01.16-21.14.10:597][  0]LogConfig: Setting CVar [[r.EyeAdaptationQuality:2]]
[2022.01.16-21.14.10:597][  0]LogConfig: Setting CVar [[r.BloomQuality:5]]
[2022.01.16-21.14.10:597][  0]LogConfig: Setting CVar [[r.FastBlurThreshold:100]]
[2022.01.16-21.14.10:597][  0]LogConfig: Setting CVar [[r.Upscale.Quality:3]]
[2022.01.16-21.14.10:597][  0]LogConfig: Setting CVar [[r.Tonemapper.GrainQuantization:1]]
[2022.01.16-21.14.10:597][  0]LogConfig: Setting CVar [[r.LightShaftQuality:1]]
[2022.01.16-21.14.10:597][  0]LogConfig: Setting CVar [[r.Filter.SizeScale:1]]
[2022.01.16-21.14.10:597][  0]LogConfig: Setting CVar [[r.Tonemapper.Quality:5]]
[2022.01.16-21.14.10:597][  0]LogConfig: Setting CVar [[r.DOF.Gather.AccumulatorQuality:1        ; higher gathering accumulator quality]]
[2022.01.16-21.14.10:597][  0]LogConfig: Setting CVar [[r.DOF.Gather.PostfilterMethod:1          ; Median3x3 postfilering method]]
[2022.01.16-21.14.10:597][  0]LogConfig: Setting CVar [[r.DOF.Gather.EnableBokehSettings:0       ; no bokeh simulation when gathering]]
[2022.01.16-21.14.10:597][  0]LogConfig: Setting CVar [[r.DOF.Gather.RingCount:4                 ; medium number of samples when gathering]]
[2022.01.16-21.14.10:597][  0]LogConfig: Setting CVar [[r.DOF.Scatter.ForegroundCompositing:1    ; additive foreground scattering]]
[2022.01.16-21.14.10:597][  0]LogConfig: Setting CVar [[r.DOF.Scatter.BackgroundCompositing:2    ; additive background scattering]]
[2022.01.16-21.14.10:597][  0]LogConfig: Setting CVar [[r.DOF.Scatter.EnableBokehSettings:1      ; bokeh simulation when scattering]]
[2022.01.16-21.14.10:597][  0]LogConfig: Setting CVar [[r.DOF.Scatter.MaxSpriteRatio:0.1         ; only a maximum of 10% of scattered bokeh]]
[2022.01.16-21.14.10:597][  0]LogConfig: Setting CVar [[r.DOF.Recombine.Quality:1                ; cheap slight out of focus]]
[2022.01.16-21.14.10:597][  0]LogConfig: Setting CVar [[r.DOF.Recombine.EnableBokehSettings:0    ; no bokeh simulation on slight out of focus]]
[2022.01.16-21.14.10:597][  0]LogConfig: Setting CVar [[r.DOF.TemporalAAQuality:1                ; more stable temporal accumulation]]
[2022.01.16-21.14.10:597][  0]LogConfig: Setting CVar [[r.DOF.Kernel.MaxForegroundRadius:0.025]]
[2022.01.16-21.14.10:597][  0]LogConfig: Setting CVar [[r.DOF.Kernel.MaxBackgroundRadius:0.025]]
[2022.01.16-21.14.10:597][  0]LogConfig: Applying CVar settings from Section [TextureQuality@3] File [D:/miles/Documents/Unreal Projects/Gabbi_Capstone/MushMush/Saved/Config/Windows/Scalability.ini]
[2022.01.16-21.14.10:597][  0]LogConfig: Setting CVar [[r.Streaming.MipBias:0]]
[2022.01.16-21.14.10:597][  0]LogConfig: Setting CVar [[r.Streaming.AmortizeCPUToGPUCopy:0]]
[2022.01.16-21.14.10:597][  0]LogConfig: Setting CVar [[r.Streaming.MaxNumTexturesToStreamPerFrame:0]]
[2022.01.16-21.14.10:597][  0]LogConfig: Setting CVar [[r.Streaming.Boost:1]]
[2022.01.16-21.14.10:597][  0]LogConfig: Setting CVar [[r.MaxAnisotropy:8]]
[2022.01.16-21.14.10:597][  0]LogConfig: Setting CVar [[r.VT.MaxAnisotropy:8]]
[2022.01.16-21.14.10:597][  0]LogConfig: Setting CVar [[r.Streaming.LimitPoolSizeToVRAM:0]]
[2022.01.16-21.14.10:597][  0]LogConfig: Setting CVar [[r.Streaming.PoolSize:1000]]
[2022.01.16-21.14.10:597][  0]LogConfig: Setting CVar [[r.Streaming.MaxEffectiveScreenSize:0]]
[2022.01.16-21.14.10:597][  0]LogConfig: Applying CVar settings from Section [EffectsQuality@3] File [D:/miles/Documents/Unreal Projects/Gabbi_Capstone/MushMush/Saved/Config/Windows/Scalability.ini]
[2022.01.16-21.14.10:597][  0]LogConfig: Setting CVar [[r.TranslucencyLightingVolumeDim:64]]
[2022.01.16-21.14.10:597][  0]LogConfig: Setting CVar [[r.RefractionQuality:2]]
[2022.01.16-21.14.10:597][  0]LogConfig: Setting CVar [[r.SSR.Quality:3]]
[2022.01.16-21.14.10:597][  0]LogConfig: Setting CVar [[r.SSR.HalfResSceneColor:0]]
[2022.01.16-21.14.10:597][  0]LogConfig: Setting CVar [[r.SceneColorFormat:4]]
[2022.01.16-21.14.10:597][  0]LogConfig: Setting CVar [[r.DetailMode:2]]
[2022.01.16-21.14.10:597][  0]LogConfig: Setting CVar [[r.TranslucencyVolumeBlur:1]]
[2022.01.16-21.14.10:597][  0]LogConfig: Setting CVar [[r.MaterialQualityLevel:1 ; High quality]]
[2022.01.16-21.14.10:597][  0]LogConfig: Setting CVar [[r.AnisotropicMaterials:1]]
[2022.01.16-21.14.10:598][  0]LogConfig: Setting CVar [[r.SSS.Scale:1]]
[2022.01.16-21.14.10:598][  0]LogConfig: Setting CVar [[r.SSS.SampleSet:2]]
[2022.01.16-21.14.10:598][  0]LogConfig: Setting CVar [[r.SSS.Quality:1]]
[2022.01.16-21.14.10:598][  0]LogConfig: Setting CVar [[r.SSS.HalfRes:0]]
[2022.01.16-21.14.10:598][  0]LogConfig: Setting CVar [[r.SSGI.Quality:3]]
[2022.01.16-21.14.10:598][  0]LogConfig: Setting CVar [[r.EmitterSpawnRateScale:1.0]]
[2022.01.16-21.14.10:598][  0]LogConfig: Setting CVar [[r.ParticleLightQuality:2]]
[2022.01.16-21.14.10:598][  0]LogConfig: Setting CVar [[r.SkyAtmosphere.AerialPerspectiveLUT.FastApplyOnOpaque:1 ; Always have FastSkyLUT 1 in this case to avoid wrong sky]]
[2022.01.16-21.14.10:598][  0]LogConfig: Setting CVar [[r.SkyAtmosphere.AerialPerspectiveLUT.SampleCountMaxPerSlice:4]]
[2022.01.16-21.14.10:598][  0]LogConfig: Setting CVar [[r.SkyAtmosphere.AerialPerspectiveLUT.DepthResolution:16.0]]
[2022.01.16-21.14.10:598][  0]LogConfig: Setting CVar [[r.SkyAtmosphere.FastSkyLUT:1]]
[2022.01.16-21.14.10:598][  0]LogConfig: Setting CVar [[r.SkyAtmosphere.FastSkyLUT.SampleCountMin:4.0]]
[2022.01.16-21.14.10:598][  0]LogConfig: Setting CVar [[r.SkyAtmosphere.FastSkyLUT.SampleCountMax:128.0]]
[2022.01.16-21.14.10:598][  0]LogConfig: Setting CVar [[r.SkyAtmosphere.SampleCountMin:4.0]]
[2022.01.16-21.14.10:598][  0]LogConfig: Setting CVar [[r.SkyAtmosphere.SampleCountMax:128.0]]
[2022.01.16-21.14.10:598][  0]LogConfig: Setting CVar [[r.SkyAtmosphere.TransmittanceLUT.UseSmallFormat:0]]
[2022.01.16-21.14.10:598][  0]LogConfig: Setting CVar [[r.SkyAtmosphere.TransmittanceLUT.SampleCount:10.0]]
[2022.01.16-21.14.10:598][  0]LogConfig: Setting CVar [[r.SkyAtmosphere.MultiScatteringLUT.SampleCount:15.0]]
[2022.01.16-21.14.10:598][  0]LogConfig: Setting CVar [[r.SkyLight.RealTimeReflectionCapture:1]]
[2022.01.16-21.14.10:598][  0]LogConfig: Applying CVar settings from Section [FoliageQuality@3] File [D:/miles/Documents/Unreal Projects/Gabbi_Capstone/MushMush/Saved/Config/Windows/Scalability.ini]
[2022.01.16-21.14.10:598][  0]LogConfig: Setting CVar [[foliage.DensityScale:1.0]]
[2022.01.16-21.14.10:598][  0]LogConfig: Setting CVar [[grass.DensityScale:1.0]]
[2022.01.16-21.14.10:598][  0]LogConfig: Applying CVar settings from Section [ShadingQuality@3] File [D:/miles/Documents/Unreal Projects/Gabbi_Capstone/MushMush/Saved/Config/Windows/Scalability.ini]
[2022.01.16-21.14.10:598][  0]LogConfig: Setting CVar [[r.HairStrands.SkyLighting.IntegrationType:2]]
[2022.01.16-21.14.10:598][  0]LogConfig: Setting CVar [[r.HairStrands.SkyAO.SampleCount:4]]
[2022.01.16-21.14.10:598][  0]LogConfig: Setting CVar [[r.HairStrands.Visibility.MSAA.SamplePerPixel:4]]
[2022.01.16-21.14.10:598][  0]LogConfig: Applying CVar settings from Section [Startup] File [../../../Engine/Config/ConsoleVariables.ini]
[2022.01.16-21.14.10:598][  0]LogConfig: Setting CVar [[net.UseAdaptiveNetUpdateFrequency:0]]
[2022.01.16-21.14.10:598][  0]LogConfig: Setting CVar [[p.chaos.AllowCreatePhysxBodies:1]]
[2022.01.16-21.14.10:598][  0]LogConfig: Setting CVar [[fx.SkipVectorVMBackendOptimizations:1]]
[2022.01.16-21.14.10:598][  0]LogConfig: Applying CVar settings from Section [ConsoleVariables] File [D:/miles/Documents/Unreal Projects/Gabbi_Capstone/MushMush/Saved/Config/Windows/Engine.ini]
[2022.01.16-21.14.10:598][  0]LogConfig: Applying CVar settings from Section [ConsoleVariables] File [D:/miles/Documents/Unreal Projects/Gabbi_Capstone/MushMush/Saved/Config/Windows/Editor.ini]
[2022.01.16-21.14.10:599][  0]LogInit: Computer: DESKTOP-RGV4STL
[2022.01.16-21.14.10:599][  0]LogInit: User: miles
[2022.01.16-21.14.10:599][  0]LogInit: CPU Page size=4096, Cores=4
[2022.01.16-21.14.10:599][  0]LogInit: High frequency timer resolution =10.000000 MHz
[2022.01.16-21.14.10:599][  0]LogMemory: Memory total: Physical=32.0GB (32GB approx)
[2022.01.16-21.14.10:599][  0]LogMemory: Platform Memory Stats for Windows
[2022.01.16-21.14.10:599][  0]LogMemory: Process Physical Memory: 144.55 MB used, 144.56 MB peak
[2022.01.16-21.14.10:599][  0]LogMemory: Process Virtual Memory: 128.55 MB used, 128.55 MB peak
[2022.01.16-21.14.10:599][  0]LogMemory: Physical Memory: 11331.64 MB used,  21402.23 MB free, 32733.87 MB total
[2022.01.16-21.14.10:599][  0]LogMemory: Virtual Memory: 134194024.00 MB used,  23701.43 MB free, 134217728.00 MB total
[2022.01.16-21.14.10:606][  0]LogWindows: WindowsPlatformFeatures enabled
[2022.01.16-21.14.10:674][  0]LogInit: Physics initialised using underlying interface: PhysX
[2022.01.16-21.14.10:675][  0]LogInit: Using OS detected language (en-US).
[2022.01.16-21.14.10:675][  0]LogInit: Using OS detected locale (en-US).
[2022.01.16-21.14.10:683][  0]LogTextLocalizationManager: No specific localization for 'en-US' exists, so the 'en' localization will be used.
[2022.01.16-21.14.11:042][  0]LogInit: Setting process to per monitor DPI aware
[2022.01.16-21.14.11:073][  0]LogWindowsTextInputMethodSystem: Display: IME system deactivated.
[2022.01.16-21.14.11:106][  0]LogSlate: New Slate User Created.  User Index 0, Is Virtual User: 0
[2022.01.16-21.14.11:106][  0]LogSlate: Slate User Registered.  User Index 0, Is Virtual User: 0
[2022.01.16-21.14.11:379][  0]LogD3D11RHI: Loaded GFSDK_Aftermath_Lib.x64.dll
[2022.01.16-21.14.11:383][  0]LogHMD: Failed to initialize OpenVR with code 110
[2022.01.16-21.14.11:383][  0]LogD3D11RHI: D3D11 min allowed feature level: 11_0
[2022.01.16-21.14.11:383][  0]LogD3D11RHI: D3D11 max allowed feature level: 11_0
[2022.01.16-21.14.11:383][  0]LogD3D11RHI: D3D11 adapters:
[2022.01.16-21.14.11:550][  0]LogD3D11RHI:    0. 'NVIDIA GeForce GTX 1060 3GB' (Feature Level 11_0)
[2022.01.16-21.14.11:550][  0]LogD3D11RHI:       2988/0/16366 MB DedicatedVideo/DedicatedSystem/SharedSystem, Outputs:2, VendorId:0x10de
[2022.01.16-21.14.11:554][  0]LogD3D11RHI:    1. 'Microsoft Basic Render Driver' (Feature Level 11_0)
[2022.01.16-21.14.11:554][  0]LogD3D11RHI:       0/0/16366 MB DedicatedVideo/DedicatedSystem/SharedSystem, Outputs:0, VendorId:0x1414
[2022.01.16-21.14.11:554][  0]LogD3D11RHI: Chosen D3D11 Adapter:
[2022.01.16-21.14.11:554][  0]LogD3D11RHI:     Description : NVIDIA GeForce GTX 1060 3GB
[2022.01.16-21.14.11:554][  0]LogD3D11RHI:     VendorId    : 10de
[2022.01.16-21.14.11:554][  0]LogD3D11RHI:     DeviceId    : 1c02
[2022.01.16-21.14.11:554][  0]LogD3D11RHI:     SubSysId    : 0000
[2022.01.16-21.14.11:554][  0]LogD3D11RHI:     Revision    : 00a1
[2022.01.16-21.14.11:554][  0]LogD3D11RHI:     DedicatedVideoMemory : 3133145088 bytes
[2022.01.16-21.14.11:554][  0]LogD3D11RHI:     DedicatedSystemMemory : 0 bytes
[2022.01.16-21.14.11:554][  0]LogD3D11RHI:     SharedSystemMemory : 17161975808 bytes
[2022.01.16-21.14.11:554][  0]LogD3D11RHI:     AdapterLuid : 0 356764934
[2022.01.16-21.14.11:567][  0]LogD3D11RHI: Creating new Direct3DDevice
[2022.01.16-21.14.11:567][  0]LogD3D11RHI:     GPU DeviceId: 0x1c02 (for the marketing name, search the web for "GPU Device Id")
[2022.01.16-21.14.11:567][  0]LogWindows: EnumDisplayDevices:
[2022.01.16-21.14.11:567][  0]LogWindows:    0. 'NVIDIA GeForce GTX 1060 3GB' (P:1 D:1)
[2022.01.16-21.14.11:567][  0]LogWindows:    1. 'NVIDIA GeForce GTX 1060 3GB' (P:0 D:1)
[2022.01.16-21.14.11:568][  0]LogWindows:    2. 'NVIDIA GeForce GTX 1060 3GB' (P:0 D:0)
[2022.01.16-21.14.11:568][  0]LogWindows:    3. 'NVIDIA GeForce GTX 1060 3GB' (P:0 D:0)
[2022.01.16-21.14.11:569][  0]LogWindows: DebugString: FoundDriverCount:4 
[2022.01.16-21.14.11:569][  0]LogD3D11RHI:     Adapter Name: NVIDIA GeForce GTX 1060 3GB
[2022.01.16-21.14.11:569][  0]LogD3D11RHI:   Driver Version: 511.23 (internal:30.0.15.1123, unified:511.23)
[2022.01.16-21.14.11:569][  0]LogD3D11RHI:      Driver Date: 1-10-2022
[2022.01.16-21.14.11:569][  0]LogRHI: Texture pool is 2091 MB (70% of 2988 MB)
[2022.01.16-21.14.11:569][  0]LogD3D11RHI: Creating D3DDevice using adapter:
[2022.01.16-21.14.11:569][  0]LogD3D11RHI:     Description : NVIDIA GeForce GTX 1060 3GB
[2022.01.16-21.14.11:569][  0]LogD3D11RHI:     VendorId    : 10de
[2022.01.16-21.14.11:569][  0]LogD3D11RHI:     DeviceId    : 1c02
[2022.01.16-21.14.11:569][  0]LogD3D11RHI:     SubSysId    : 0000
[2022.01.16-21.14.11:569][  0]LogD3D11RHI:     Revision    : 00a1
[2022.01.16-21.14.11:569][  0]LogD3D11RHI:     DedicatedVideoMemory : 3133145088 bytes
[2022.01.16-21.14.11:569][  0]LogD3D11RHI:     DedicatedSystemMemory : 0 bytes
[2022.01.16-21.14.11:569][  0]LogD3D11RHI:     SharedSystemMemory : 17161975808 bytes
[2022.01.16-21.14.11:569][  0]LogD3D11RHI:     AdapterLuid : 0 356764934
[2022.01.16-21.14.11:680][  0]LogD3D11RHI: RHI has support for 64 bit atomics
[2022.01.16-21.14.11:680][  0]LogD3D11RHI: Async texture creation enabled
[2022.01.16-21.14.11:680][  0]LogD3D11RHI: Array index from any shader is supported
[2022.01.16-21.14.11:723][  0]LogD3D11RHI: GPU Timing Frequency: 1000.000000 (Debug: 2 1)
[2022.01.16-21.14.11:791][  0]LogRHI: GeForceNow SDK initialized: 1
[2022.01.16-21.14.12:296][  0]LogTargetPlatformManager: Display: Loaded TargetPlatform 'AllDesktop'
[2022.01.16-21.14.12:338][  0]LogTargetPlatformManager: Display: Loaded TargetPlatform 'Android'
[2022.01.16-21.14.12:338][  0]LogTargetPlatformManager: Display: Loaded TargetPlatform 'Android_ASTC'
[2022.01.16-21.14.12:338][  0]LogTargetPlatformManager: Display: Loaded TargetPlatform 'Android_DXT'
[2022.01.16-21.14.12:338][  0]LogTargetPlatformManager: Display: Loaded TargetPlatform 'Android_ETC2'
[2022.01.16-21.14.12:338][  0]LogTargetPlatformManager: Display: Loaded TargetPlatform 'AndroidClient'
[2022.01.16-21.14.12:338][  0]LogTargetPlatformManager: Display: Loaded TargetPlatform 'Android_ASTCClient'
[2022.01.16-21.14.12:338][  0]LogTargetPlatformManager: Display: Loaded TargetPlatform 'Android_DXTClient'
[2022.01.16-21.14.12:338][  0]LogTargetPlatformManager: Display: Loaded TargetPlatform 'Android_ETC2Client'
[2022.01.16-21.14.12:338][  0]LogTargetPlatformManager: Display: Loaded TargetPlatform 'Android_Multi'
[2022.01.16-21.14.12:338][  0]LogTargetPlatformManager: Display: Loaded TargetPlatform 'Android_MultiClient'
[2022.01.16-21.14.12:367][  0]LogTargetPlatformManager: Display: Loaded TargetPlatform 'IOSClient'
[2022.01.16-21.14.12:367][  0]LogTargetPlatformManager: Display: Loaded TargetPlatform 'IOS'
[2022.01.16-21.14.12:385][  0]LogTargetPlatformManager: Display: Loaded TargetPlatform 'Linux'
[2022.01.16-21.14.12:392][  0]LogTargetPlatformManager: Display: Loaded TargetPlatform 'LinuxNoEditor'
[2022.01.16-21.14.12:400][  0]LogTargetPlatformManager: Display: Loaded TargetPlatform 'LinuxClient'
[2022.01.16-21.14.12:408][  0]LogTargetPlatformManager: Display: Loaded TargetPlatform 'LinuxServer'
[2022.01.16-21.14.12:427][  0]LogTargetPlatformManager: Display: Loaded TargetPlatform 'LinuxAArch64NoEditor'
[2022.01.16-21.14.12:436][  0]LogTargetPlatformManager: Display: Loaded TargetPlatform 'LinuxAArch64Client'
[2022.01.16-21.14.12:444][  0]LogTargetPlatformManager: Display: Loaded TargetPlatform 'LinuxAArch64Server'
[2022.01.16-21.14.12:493][  0]LogTargetPlatformManager: Display: Loaded TargetPlatform 'Lumin'
[2022.01.16-21.14.12:493][  0]LogTargetPlatformManager: Display: Loaded TargetPlatform 'LuminClient'
[2022.01.16-21.14.12:512][  0]LogTargetPlatformManager: Display: Loaded TargetPlatform 'MacNoEditor'
[2022.01.16-21.14.12:521][  0]LogTargetPlatformManager: Display: Loaded TargetPlatform 'Mac'
[2022.01.16-21.14.12:527][  0]LogTargetPlatformManager: Display: Loaded TargetPlatform 'MacClient'
[2022.01.16-21.14.12:535][  0]LogTargetPlatformManager: Display: Loaded TargetPlatform 'MacServer'
[2022.01.16-21.14.12:553][  0]LogTargetPlatformManager: Display: Loaded TargetPlatform 'TVOSClient'
[2022.01.16-21.14.12:553][  0]LogTargetPlatformManager: Display: Loaded TargetPlatform 'TVOS'
[2022.01.16-21.14.12:569][  0]LogTargetPlatformManager: Display: Loaded TargetPlatform 'WindowsNoEditor'
[2022.01.16-21.14.12:577][  0]LogTargetPlatformManager: Display: Loaded TargetPlatform 'Windows'
[2022.01.16-21.14.12:584][  0]LogTargetPlatformManager: Display: Loaded TargetPlatform 'WindowsClient'
[2022.01.16-21.14.12:591][  0]LogTargetPlatformManager: Display: Loaded TargetPlatform 'WindowsServer'
[2022.01.16-21.14.12:591][  0]LogTargetPlatformManager: Display: Building Assets For Windows
[2022.01.16-21.14.12:603][  0]LogAudioDebug: Display: Lib vorbis DLL was dynamically loaded.
[2022.01.16-21.14.12:658][  0]LogTextureFormatOodle: Display: Oodle Texture 2.9.0 init RDO Off
[2022.01.16-21.14.12:707][  0]LogRendererCore: Ray tracing is disabled. Reason: r.RayTracing=0.
[2022.01.16-21.14.12:707][  0]LogShaderCompilers: Guid format shader working directory is -13 characters bigger than the processId version (D:/miles/Documents/Unreal Projects/Gabbi_Capstone/MushMush/Intermediate/Shaders/WorkingDirectory/18392/).
[2022.01.16-21.14.12:708][  0]LogShaderCompilers: Cleaned the shader compiler working directory 'C:/Users/miles/AppData/Local/Temp/UnrealShaderWorkingDir/B8DC184B4F14479FCEAD23857FDD01B9/'.
[2022.01.16-21.14.12:708][  0]LogXGEController: Cannot use XGE Controller as Incredibuild is not installed on this machine.
[2022.01.16-21.14.12:708][  0]LogShaderCompilers: Cannot use XGE Shader Compiler as Incredibuild is not installed on this machine.
[2022.01.16-21.14.12:708][  0]LogShaderCompilers: Display: Using Local Shader Compiler.
[2022.01.16-21.14.14:312][  0]LogDerivedDataCache: Display: Max Cache Size: 512 MB
[2022.01.16-21.14.14:438][  0]LogDerivedDataCache: Loaded boot cache 0.13s 94MB C:/Users/miles/AppData/Local/UnrealEngine/4.27/DerivedDataCache/Boot.ddc.
[2022.01.16-21.14.14:438][  0]LogDerivedDataCache: Display: Loaded Boot cache: C:/Users/miles/AppData/Local/UnrealEngine/4.27/DerivedDataCache/Boot.ddc
[2022.01.16-21.14.14:438][  0]LogDerivedDataCache: FDerivedDataBackendGraph:  Pak pak cache file D:/miles/Documents/Unreal Projects/Gabbi_Capstone/MushMush/DerivedDataCache/DDC.ddp not found, will not use a pak cache.
[2022.01.16-21.14.14:438][  0]LogDerivedDataCache: Unable to find inner node Pak for hierarchical cache Hierarchy.
[2022.01.16-21.14.14:438][  0]LogDerivedDataCache: FDerivedDataBackendGraph:  CompressedPak pak cache file D:/miles/Documents/Unreal Projects/Gabbi_Capstone/MushMush/DerivedDataCache/Compressed.ddp not found, will not use a pak cache.
[2022.01.16-21.14.14:438][  0]LogDerivedDataCache: Unable to find inner node CompressedPak for hierarchical cache Hierarchy.
[2022.01.16-21.14.14:464][  0]LogDerivedDataCache: Display: Pak cache opened for reading ../../../Engine/DerivedDataCache/Compressed.ddp.
[2022.01.16-21.14.14:464][  0]LogDerivedDataCache: FDerivedDataBackendGraph:  EnterprisePak pak cache file ../../../Enterprise/DerivedDataCache/Compressed.ddp not found, will not use a pak cache.
[2022.01.16-21.14.14:464][  0]LogDerivedDataCache: Unable to find inner node EnterprisePak for hierarchical cache Hierarchy.
[2022.01.16-21.14.14:486][  0]LogDerivedDataCache: Speed tests for C:/Users/miles/AppData/Local/UnrealEngine/Common/DerivedDataCache took 0.02 seconds
[2022.01.16-21.14.14:486][  0]LogDerivedDataCache: Display: Performance to C:/Users/miles/AppData/Local/UnrealEngine/Common/DerivedDataCache: Latency=0.07ms. RandomReadSpeed=631.97MBs, RandomWriteSpeed=48.38MBs. Assigned SpeedClass 'Local'
[2022.01.16-21.14.14:488][  0]LogDerivedDataCache: Using Local data cache path C:/Users/miles/AppData/Local/UnrealEngine/Common/DerivedDataCache: Writable
[2022.01.16-21.14.14:488][  0]LogDerivedDataCache: Shared data cache path not found in *engine.ini, will not use an Shared cache.
[2022.01.16-21.14.14:488][  0]LogDerivedDataCache: Unable to find inner node Shared for hierarchical cache Hierarchy.
[2022.01.16-21.14.14:576][  0]LogSlate: Using FreeType 2.10.0
[2022.01.16-21.14.14:577][  0]LogSlate: SlateFontServices - WITH_FREETYPE: 1, WITH_HARFBUZZ: 1
[2022.01.16-21.14.14:618][  0]LogAssetRegistry: FAssetRegistry took 0.0046 seconds to start up
[2022.01.16-21.14.15:093][  0]LogInit: Selected Device Profile: [Windows]
[2022.01.16-21.14.15:093][  0]LogInit: Active device profile: [000001F795C84B00][000001F7979B6940 49] Windows
[2022.01.16-21.14.15:093][  0]LogInit: Profiles: [000001F795C84B00][000001F7979B6940 49] Windows, [000001F7978EA100][000001F78B2CAA80 49] WindowsNoEditor, [000001F795C85900][000001F78B3FEBC0 49] WindowsServer, [000001F7978EAE00][000001F78B40ED00 49] WindowsClient, [000001F795C87C00][000001F78B416E80 49] IOS, [000001F7978E8F00][000001F7958AB000 49] iPadAir, [000001F795C87E00][000001F7958AF180 49] iPadAir2, [000001F795C0CD00][000001F797AAD440 49] IPadPro, [000001F795C0CE00][000001F7958CD480 49] iPadAir3, [000001F7978EBB00][000001F797BE5600 49] iPadAir4, [000001F795C0F700][000001F797C4F780 49] iPadMini2, [000001F7978EB100][000001F797CAB900 49] iPadMini3, [000001F795C0F900][000001F797CCBA80 49] iPadMini4, [000001F7978EB500][000001F797CD3C00 49] iPadMini5, [000001F795C44600][000001F7981CA340 49] iPhone6, [000001F795C44700][000001F797CEC380 49] iPodTouch6, [000001F795C86600][000001F798232640 49] iPhone7, [000001F795C86800][000001F7981E2680 49] iPodTouch7, [000001F795C44100][000001F7983BA800 49] iPhone5S, [000001F795C0C700][000001F78B38E980 49] iPhone6Plus, [000001F795C46500][000001F78B392B00 49] iPhone6S, [000001F795C0D400][000001F78B412C40 49] iPhone6SPlus, [000001F795C47B00][000001F78B3D2D80 49] iPhone7Plus, [000001F795C0F600][000001F78B3D6EC0 49] iPhoneSE, [000001F795C86C00][000001F7983BF040 49] iPhone8, [000001F795C0C600][000001F7983C91C0 49] iPhone8Plus, [000001F795C86100][000001F7983CD340 49] iPhoneX, [000001F795C0E900][000001F7983D14C0 49] iPhoneXS, [000001F795C87D00][000001F78B3DF640 49] iPhoneXSMax, [000001F795C0EE00][000001F78B3E37C0 49] iPhoneXR, [000001F795C87F00][000001F78B3E7940 49] iPhone11, [000001F795C0DF00][000001F78B3EBAC0 49] iPhone11Pro, [000001F795C84600][000001F78B3EE0C0 49] iPhone11ProMax, [000001F795C0E000][000001F78B3F2240 49] iPhoneSE2, [000001F795C87A00][000001F78B3F63C0 49] iPhone12Mini, [000001F795C0E700][000001F78B3FA540 49] iPhone12, [000001F795C86A00][000001F79584E6C0 49] iPhone12Pro, [000001F795C0C500][000001F797972840 49] iPhone12ProMax, [000001F795C87900][000001F7979769C0 49] iPadPro105, [000001F795C0D800][000001F79797AB40 49] iPadPro129, [000001F795C84C00][000001F79797ECC0 49] iPadPro97, [000001F795C0E400][000001F78B3DAE00 49] iPadPro2_129, [000001F795C84800][000001F797982F40 49] iPad5, [000001F795C0C400][000001F795853080 49] iPad6, [000001F795C85B00][000001F7958571C0 49] iPad7, [000001F795C0F500][000001F79585F340 49] iPad8, [000001F795C85F00][000001F79575F4C0 49] iPadPro11, [000001F795C0DA00][000001F795879640 49] iPadPro2_11, [000001F795C86500][000001F7980E17C0 49] iPadPro3_129, [000001F795C0E200][000001F797969940 49] iPadPro4_129, [000001F795C85600][000001F7980E5AC0 49] AppleTV, [000001F795C0FD00][000001F7980E80C0 49] AppleTV4K, [000001F795C85A00][000001F7980EC240 49] TVOS, [000001F795C0CA00][000001F7980F03C0 49] Mac, [000001F795C86400][000001F797C86540 49] MacClient, [000001F795C0EC00][000001F797C526C0 49] MacNoEditor, [000001F795C87500][000001F797C1A840 49] MacServer, [000001F795C0E300][000001F797C049C0 49] Linux, [000001F795C84300][000001F797A9AB40 49] LinuxAArch64, [000001F795C0E100][000001F797A96CC0 49] LinuxNoEditor, [000001F795C86300][000001F797A92E40 49] LinuxAArch64NoEditor, [000001F795C0FC00][000001F79585AF80 49] LinuxClient, [000001F795C84F00][000001F797A890C0 49] LinuxAArch64Client, [000001F795C0D200][000001F7958B7200 49] LinuxServer, [000001F795C87000][000001F7958B3340 49] LinuxAArch64Server, [000001F795C0D600][000001F797CCF4C0 49] Android, [000001F795C85200][000001F7980F5640 49] Android_Low, [000001F795C0FE00][000001F7980F97C0 49] Android_Mid, [000001F795C84100][000001F7980FD940 49] Android_High, [000001F795C0EA00][000001F79327FAC0 49] Android_Default, [000001F795C85300][000001F7932820C0 49] Android_Adreno4xx, [000001F7978EA300][000001F793286240 49] Android_Adreno5xx_Low, [000001F795C45C00][000001F79328A3C0 49] Android_Adreno5xx, [000001F7978EBE00][000001F79328E540 49] Android_Adreno6xx, [000001F795C46700][000001F7932926C0 49] Android_Adreno6xx_Vulkan, [000001F7978EB600][000001F793296840 49] Android_Mali_T6xx, [000001F795C44F00][000001F79329A9C0 49] Android_Mali_T7xx, [000001F7978E9B00][000001F79329EB40 49] Android_Mali_T8xx, [000001F795C45F00][000001F7932A2CC0 49] Android_Mali_G71, [000001F7978EAC00][000001F797FF4E40 49] Android_Mali_G72, [000001F795C46F00][000001F797FF8FC0 49] Android_Mali_G72_Vulkan, [000001F7978EA500][000001F797FFD140 49] Android_Mali_G76, [000001F795C46200][000001F79575B280 49] Android_Mali_G76_Vulkan, [000001F7978E8E00][000001F7980013C0 49] Android_Mali_G77, [000001F795C45400][000001F798005500 49] Android_Mali_G77_Vulkan, [000001F7978EB700][000001F79800D680 49] Android_Mali_G78, [000001F795C45300][000001F798011800 49] Android_Mali_G78_Vulkan, [000001F7978E9500][000001F798015980 49] Android_Mali_G710, [000001F795C47D00][000001F798019B00 49] Android_Mali_G710_Vulkan, [000001F7978E8700][000001F79801C100 49] Android_Vulkan_SM5, [000001F795C45B00][000001F798020280 49] Android_PowerVR_G6xxx, [000001F7978E8A00][000001F798024400 49] Android_PowerVR_GT7xxx, [000001F795C44200][000001F798028580 49] Android_PowerVR_GE8xxx, [000001F7978EB800][000001F79802C700 49] Android_PowerVR_GM9xxx, [000001F795C44A00][000001F78B25C880 49] Android_PowerVR_GM9xxx_Vulkan, [000001F7978E9000][000001F78B260A00 49] Android_TegraK1, [000001F795C45700][000001F78B264B80 49] Android_Unknown_Vulkan, [000001F7978E9800][000001F78B268D00 49] Lumin, [000001F795C47C00][000001F78B26CE80 49] Lumin_Desktop, [000001F7978E9600][000001F78B271000 49] HoloLens, 
[2022.01.16-21.14.15:315][  0]LogMeshReduction: Using QuadricMeshReduction for automatic static mesh reduction
[2022.01.16-21.14.15:315][  0]LogMeshReduction: Using SimplygonMeshReduction for automatic skeletal mesh reduction
[2022.01.16-21.14.15:315][  0]LogMeshReduction: Using ProxyLODMeshReduction for automatic mesh merging
[2022.01.16-21.14.15:315][  0]LogMeshReduction: No distributed automatic mesh merging module available
[2022.01.16-21.14.15:315][  0]LogMeshMerging: No distributed automatic mesh merging module available
[2022.01.16-21.14.15:349][  0]LogNetVersion: MushMush 1.0.0, NetCL: 17155196, EngineNetVer: 17, GameNetVer: 0 (Checksum: 1127309942)
[2022.01.16-21.14.16:168][  0]LogTexture: Default maximum texture size for cubemaps generated from long-lat sources has been changed from 512 to unlimited. In order to preserve old behaiour for '/Engine/MapTemplates/Sky/DaylightAmbientCubemap.DaylightAmbientCubemap', its maximum texture size has been explicitly set to 512.
[2022.01.16-21.14.16:289][  0]LogHMD: PokeAHoleMaterial loaded successfully
[2022.01.16-21.14.16:301][  0]LogUObjectArray: 17178 objects as part of root set at end of initial load.
[2022.01.16-21.14.16:301][  0]LogUObjectAllocator: 4302048 out of 0 bytes used by permanent object pool.
[2022.01.16-21.14.16:301][  0]LogUObjectArray: CloseDisregardForGC: 0/0 objects in disregard for GC pool
[2022.01.16-21.14.16:757][  0]LogPython: Using Python 3.7.7
[2022.01.16-21.14.17:933][  0]LogTcpMessaging: Initializing TcpMessaging bridge
[2022.01.16-21.14.17:940][  0]LogUdpMessaging: Initializing bridge on interface 0.0.0.0:0 to multicast group 230.0.0.1:6666.
[2022.01.16-21.14.18:046][  0]LogNiagaraDebuggerClient: Niagara Debugger Client Initialized | Session: 035568F84C2DF7C368F0AF886810798A | Instance: B4206910494136D35FE21F8738056C49 (DESKTOP-RGV4STL-18392).
[2022.01.16-21.14.18:398][  0]SourceControl: Source control is disabled
[2022.01.16-21.14.18:398][  0]SourceControl: Source control is disabled
[2022.01.16-21.14.18:402][  0]SourceControl: Source control is disabled
[2022.01.16-21.14.18:407][  0]SourceControl: Source control is disabled
[2022.01.16-21.14.18:419][  0]SourceControl: Source control is disabled
[2022.01.16-21.14.18:590][  0]LogUProjectInfo: Found projects:
[2022.01.16-21.14.18:682][  0]LogOpenImageDenoise: OIDN starting up
[2022.01.16-21.14.18:755][  0]LogAndroidPermission: UAndroidPermissionCallbackProxy::GetInstance
[2022.01.16-21.14.18:792][  0]LogAudioCaptureCore: Display: No Audio Capture implementations found. Audio input will be silent.
[2022.01.16-21.14.18:792][  0]LogAudioCaptureCore: Display: No Audio Capture implementations found. Audio input will be silent.
[2022.01.16-21.14.19:017][  0]LogCollectionManager: Loaded 0 collections in 0.003460 seconds
[2022.01.16-21.14.19:063][  0]LogFileCache: Scanning file cache for directory 'D:/miles/Documents/Unreal Projects/Gabbi_Capstone/MushMush/Saved/Collections/' took 0.00s
[2022.01.16-21.14.19:063][  0]LogFileCache: Scanning file cache for directory 'D:/miles/Documents/Unreal Projects/Gabbi_Capstone/MushMush/Content/Developers/miles/Collections/' took 0.00s
[2022.01.16-21.14.19:063][  0]LogFileCache: Scanning file cache for directory 'D:/miles/Documents/Unreal Projects/Gabbi_Capstone/MushMush/Content/Collections/' took 0.00s
[2022.01.16-21.14.19:063][  0]LogOcInput: OculusInput pre-init called
[2022.01.16-21.14.19:470][  0]LogEngine: Initializing Engine...
[2022.01.16-21.14.19:474][  0]LogHMD: Failed to enumerate extensions. Please check that you have a valid OpenXR runtime installed.
[2022.01.16-21.14.19:474][  0]LogHMD: Failed to initialize OpenVR with code 110
[2022.01.16-21.14.19:474][  0]LogMagicLeap: Warning: VR disabled because ZI is not enabled.  To enable, in the editor, Edit -> Project Settings -> Plugins -> Magic Leap Plugin -> Enable Zero Iteration
[2022.01.16-21.14.19:476][  0]LogStats: UGameplayTagsManager::InitializeManager -  0.000 s
[2022.01.16-21.14.19:713][  0]LogInit: Initializing FReadOnlyCVARCache
[2022.01.16-21.14.19:731][  0]LogAIModule: Creating AISystem for world Untitled
[2022.01.16-21.14.19:736][  0]LogAudio: Display: Initializing Audio Device Manager...
[2022.01.16-21.14.19:742][  0]LogAudio: Display: Loading Default Audio Settings Objects...
[2022.01.16-21.14.19:743][  0]LogAudio: Display: No default SoundConcurrencyObject specified (or failed to load).
[2022.01.16-21.14.19:744][  0]LogAudio: Display: Audio Device Manager Initialized
[2022.01.16-21.14.19:744][  0]LogAudio: Display: Creating Audio Device:                 Id: 1, Scope: Shared, Realtime: True
[2022.01.16-21.14.19:744][  0]LogAudioMixer: Display: Audio Mixer Platform Settings:
[2022.01.16-21.14.19:744][  0]LogAudioMixer: Display: 	Sample Rate:						  48000
[2022.01.16-21.14.19:744][  0]LogAudioMixer: Display: 	Callback Buffer Frame Size Requested: 1024
[2022.01.16-21.14.19:744][  0]LogAudioMixer: Display: 	Callback Buffer Frame Size To Use:	  1024
[2022.01.16-21.14.19:744][  0]LogAudioMixer: Display: 	Number of buffers to queue:			  2
[2022.01.16-21.14.19:744][  0]LogAudioMixer: Display: 	Max Channels (voices):				  32
[2022.01.16-21.14.19:744][  0]LogAudioMixer: Display: 	Number of Async Source Workers:		  0
[2022.01.16-21.14.19:744][  0]LogAudio: Display: AudioDevice MaxSources: 32
[2022.01.16-21.14.19:745][  0]LogAudio: Display: Audio Spatialization Plugin: None (built-in).
[2022.01.16-21.14.19:745][  0]LogAudio: Display: Audio Reverb Plugin: None (built-in).
[2022.01.16-21.14.19:745][  0]LogAudio: Display: Audio Occlusion Plugin: None (built-in).
[2022.01.16-21.14.19:745][  0]LogAudioMixer: Display: Initializing audio mixer.
[2022.01.16-21.14.19:767][  0]LogAudioMixer: Display: 0: FrontLeft
[2022.01.16-21.14.19:767][  0]LogAudioMixer: Display: 1: FrontRight
[2022.01.16-21.14.19:794][  0]LogAudioMixer: Display: Using Audio Device Headphones (High Definition Audio Device)
[2022.01.16-21.14.19:800][  0]LogAudioMixer: Display: Initializing Sound Submixes...
[2022.01.16-21.14.19:803][  0]LogAudioMixer: Display: Creating Master Submix 'MasterSubmixDefault'
[2022.01.16-21.14.19:803][  0]LogAudioMixer: Display: Creating Master Submix 'MasterReverbSubmixDefault'
[2022.01.16-21.14.19:805][  0]LogAudioMixer: Display: Creating Master Submix 'MasterEQSubmixDefault'
[2022.01.16-21.14.19:805][  0]LogAudioMixer: FMixerPlatformXAudio2::StartAudioStream() called
[2022.01.16-21.14.19:805][  0]LogAudioMixer: Display: Output buffers initialized: Frames=1024, Channels=2, Samples=2048
[2022.01.16-21.14.19:807][  0]LogAudioMixer: Display: Starting AudioMixerPlatformInterface::RunInternal()
[2022.01.16-21.14.19:807][  0]LogAudioMixer: Display: FMixerPlatformXAudio2::SubmitBuffer() called for the first time
[2022.01.16-21.14.19:807][  0]LogInit: FAudioDevice initialized.
[2022.01.16-21.14.19:807][  0]LogAudio: Display: Audio Device (ID: 1) registered with world 'Untitled'.
[2022.01.16-21.14.19:808][  0]LogNetVersion: Set ProjectVersion to 1.0.0.0. Version Checksum will be recalculated on next use.
[2022.01.16-21.14.19:936][  0]LogDerivedDataCache: Saved boot cache 0.13s 94MB C:/Users/miles/AppData/Local/UnrealEngine/4.27/DerivedDataCache/Boot.ddc.
[2022.01.16-21.14.19:937][  0]LogInit: Texture streaming: Enabled
[2022.01.16-21.14.19:957][  0]LogAnalytics: Display: [UEEditor.Rocket.Release] APIServer = https://datarouter.ol.epicgames.com/. AppVersion = 4.27.2-18319896+++UE4+Release-4.27
[2022.01.16-21.14.19:962][  0]LogEngineSessionManager: EngineSessionManager initialized
[2022.01.16-21.14.19:962][  0]LogEditorSessionSummary: Verbose: Initializing EditorSessionSummaryWriter for editor session tracking
[2022.01.16-21.14.19:966][  0]LogEditorSessionSummary: EditorSessionSummaryWriter initialized
[2022.01.16-21.14.20:016][  0]LogInit: Transaction tracking system initialized
[2022.01.16-21.14.20:046][  0]BlueprintLog: New page: Editor Load
[2022.01.16-21.14.20:134][  0]LocalizationService: Localization service is disabled
[2022.01.16-21.14.20:169][  0]TimingProfiler: Initialize
[2022.01.16-21.14.20:169][  0]TimingProfiler: OnSessionChanged
[2022.01.16-21.14.20:169][  0]LoadingProfiler: Initialize
[2022.01.16-21.14.20:169][  0]LoadingProfiler: OnSessionChanged
[2022.01.16-21.14.20:169][  0]NetworkingProfiler: Initialize
[2022.01.16-21.14.20:169][  0]NetworkingProfiler: OnSessionChanged
[2022.01.16-21.14.20:169][  0]MemoryProfiler: Initialize
[2022.01.16-21.14.20:169][  0]MemoryProfiler: OnSessionChanged
[2022.01.16-21.14.20:443][  0]LogCook: Display: CookSettings for Memory: MemoryMaxUsedVirtual 0MiB, MemoryMaxUsedPhysical 16384MiB, MemoryMinFreeVirtual 0MiB, MemoryMinFreePhysical 1024MiB
[2022.01.16-21.14.20:444][  0]LogCook: Display: Mobile HDR setting 1
[2022.01.16-21.14.20:757][  0]LogFileCache: Scanning file cache for directory 'D:/miles/Documents/Unreal Projects/Gabbi_Capstone/MushMush/Content/' took 0.01s
[2022.01.16-21.14.21:086][  0]LogInit: Display: Engine is initialized. Leaving FEngineLoop::Init()
[2022.01.16-21.14.21:092][  0]SourceControl: Source control is disabled
[2022.01.16-21.14.21:092][  0]LogUnrealEdMisc: Loading editor; pre map load, took 12.764
[2022.01.16-21.14.21:092][  0]Cmd: MAP LOAD FILE="D:/miles/Documents/Unreal Projects/Gabbi_Capstone/MushMush/Content/ThirdPersonBP/Maps/ThirdPersonExampleMap.umap" TEMPLATE=0 SHOWPROGRESS=1 FEATURELEVEL=3
[2022.01.16-21.14.21:092][  0]LogEditorServer: Warning: Can't find file 'D:/miles/Documents/Unreal Projects/Gabbi_Capstone/MushMush/Content/ThirdPersonBP/Maps/ThirdPersonExampleMap.umap'
[2022.01.16-21.14.21:092][  0]Cmd: MAP CHECKDEP NOCLEARLOG
[2022.01.16-21.14.21:093][  0]MapCheck: Map check complete: 0 Error(s), 0 Warning(s), took 0.18ms to complete.
[2022.01.16-21.14.21:093][  0]LogFileHelpers: Loading map 'ThirdPersonExampleMap' took 0.001
[2022.01.16-21.14.21:096][  0]LogUnrealEdMisc: Total Editor Startup Time, took 12.768
[2022.01.16-21.14.21:255][  0]LogSlate: Updating window title bar state: overlay mode, drag disabled, window buttons hidden, title bar hidden
[2022.01.16-21.14.21:267][  0]LogSlate: Updating window title bar state: overlay mode, drag disabled, window buttons hidden, title bar hidden
[2022.01.16-21.14.21:277][  0]LogSlate: Updating window title bar state: overlay mode, drag disabled, window buttons hidden, title bar hidden
[2022.01.16-21.14.21:288][  0]LogSlate: Updating window title bar state: overlay mode, drag disabled, window buttons hidden, title bar hidden
[2022.01.16-21.14.21:335][  0]LogNativeClassHierarchy: Verbose: Native class hierarchy populated in 0.0394 seconds. Added 3822 classes and 928 folders.
[2022.01.16-21.14.21:343][  0]LogNativeClassHierarchy: Verbose: Native class hierarchy updated for 'WidgetCarousel' in 0.0006 seconds. Added 0 classes and 0 folders.
[2022.01.16-21.14.21:347][  0]LogPakFile: PakFile PrimaryIndexSize=187
[2022.01.16-21.14.21:347][  0]LogPakFile: PakFile PathHashIndexSize=101
[2022.01.16-21.14.21:347][  0]LogPakFile: PakFile FullDirectoryIndexSize=148
[2022.01.16-21.14.21:347][  0]LogShaderLibrary: Display: ShaderCodeLibraryPakFileMountedCallback: PakFile 'C:/Program Files/Epic Games/UE_4.27/FeaturePacks/FP_FirstPerson.upack' (chunk index -1, root 'root:/') mounted
[2022.01.16-21.14.21:347][  0]LogShaderLibrary: Display: ShaderCodeLibraryPakFileMountedCallback: pending pak file info (ChunkID:-1 Root:root:/ File:C:/Program Files/Epic Games/UE_4.27/FeaturePacks/FP_FirstPerson.upack)
[2022.01.16-21.14.21:347][  0]LogPakFile: OnPakFileMounted2Time == 0.000167
[2022.01.16-21.14.21:350][  0]LogPakFile: PakFile PrimaryIndexSize=189
[2022.01.16-21.14.21:350][  0]LogPakFile: PakFile PathHashIndexSize=101
[2022.01.16-21.14.21:350][  0]LogPakFile: PakFile FullDirectoryIndexSize=152
[2022.01.16-21.14.21:350][  0]LogShaderLibrary: Display: ShaderCodeLibraryPakFileMountedCallback: PakFile 'C:/Program Files/Epic Games/UE_4.27/FeaturePacks/FP_FirstPersonBP.upack' (chunk index -1, root 'root:/') mounted
[2022.01.16-21.14.21:350][  0]LogShaderLibrary: Display: ShaderCodeLibraryPakFileMountedCallback: pending pak file info (ChunkID:-1 Root:root:/ File:C:/Program Files/Epic Games/UE_4.27/FeaturePacks/FP_FirstPersonBP.upack)
[2022.01.16-21.14.21:350][  0]LogPakFile: OnPakFileMounted2Time == 0.000103
[2022.01.16-21.14.21:352][  0]LogPakFile: PakFile PrimaryIndexSize=191
[2022.01.16-21.14.21:352][  0]LogPakFile: PakFile PathHashIndexSize=101
[2022.01.16-21.14.21:352][  0]LogPakFile: PakFile FullDirectoryIndexSize=160
[2022.01.16-21.14.21:352][  0]LogShaderLibrary: Display: ShaderCodeLibraryPakFileMountedCallback: PakFile 'C:/Program Files/Epic Games/UE_4.27/FeaturePacks/MobileStarterContent.upack' (chunk index -1, root 'root:/') mounted
[2022.01.16-21.14.21:352][  0]LogShaderLibrary: Display: ShaderCodeLibraryPakFileMountedCallback: pending pak file info (ChunkID:-1 Root:root:/ File:C:/Program Files/Epic Games/UE_4.27/FeaturePacks/MobileStarterContent.upack)
[2022.01.16-21.14.21:353][  0]LogPakFile: OnPakFileMounted2Time == 0.000103
[2022.01.16-21.14.21:355][  0]LogPakFile: PakFile PrimaryIndexSize=185
[2022.01.16-21.14.21:355][  0]LogPakFile: PakFile PathHashIndexSize=101
[2022.01.16-21.14.21:355][  0]LogPakFile: PakFile FullDirectoryIndexSize=148
[2022.01.16-21.14.21:355][  0]LogShaderLibrary: Display: ShaderCodeLibraryPakFileMountedCallback: PakFile 'C:/Program Files/Epic Games/UE_4.27/FeaturePacks/StarterContent.upack' (chunk index -1, root 'root:/') mounted
[2022.01.16-21.14.21:355][  0]LogShaderLibrary: Display: ShaderCodeLibraryPakFileMountedCallback: pending pak file info (ChunkID:-1 Root:root:/ File:C:/Program Files/Epic Games/UE_4.27/FeaturePacks/StarterContent.upack)
[2022.01.16-21.14.21:355][  0]LogPakFile: OnPakFileMounted2Time == 0.000135
[2022.01.16-21.14.21:357][  0]LogPakFile: PakFile PrimaryIndexSize=190
[2022.01.16-21.14.21:357][  0]LogPakFile: PakFile PathHashIndexSize=101
[2022.01.16-21.14.21:357][  0]LogPakFile: PakFile FullDirectoryIndexSize=154
[2022.01.16-21.14.21:357][  0]LogShaderLibrary: Display: ShaderCodeLibraryPakFileMountedCallback: PakFile 'C:/Program Files/Epic Games/UE_4.27/FeaturePacks/TP_2DSideScroller.upack' (chunk index -1, root 'root:/') mounted
[2022.01.16-21.14.21:357][  0]LogShaderLibrary: Display: ShaderCodeLibraryPakFileMountedCallback: pending pak file info (ChunkID:-1 Root:root:/ File:C:/Program Files/Epic Games/UE_4.27/FeaturePacks/TP_2DSideScroller.upack)
[2022.01.16-21.14.21:357][  0]LogPakFile: OnPakFileMounted2Time == 0.000116
[2022.01.16-21.14.21:359][  0]LogPakFile: PakFile PrimaryIndexSize=192
[2022.01.16-21.14.21:359][  0]LogPakFile: PakFile PathHashIndexSize=101
[2022.01.16-21.14.21:359][  0]LogPakFile: PakFile FullDirectoryIndexSize=158
[2022.01.16-21.14.21:359][  0]LogShaderLibrary: Display: ShaderCodeLibraryPakFileMountedCallback: PakFile 'C:/Program Files/Epic Games/UE_4.27/FeaturePacks/TP_2DSideScrollerBP.upack' (chunk index -1, root 'root:/') mounted
[2022.01.16-21.14.21:359][  0]LogShaderLibrary: Display: ShaderCodeLibraryPakFileMountedCallback: pending pak file info (ChunkID:-1 Root:root:/ File:C:/Program Files/Epic Games/UE_4.27/FeaturePacks/TP_2DSideScrollerBP.upack)
[2022.01.16-21.14.21:360][  0]LogPakFile: OnPakFileMounted2Time == 0.000080
[2022.01.16-21.14.21:361][  0]LogPakFile: PakFile PrimaryIndexSize=182
[2022.01.16-21.14.21:361][  0]LogPakFile: PakFile PathHashIndexSize=101
[2022.01.16-21.14.21:361][  0]LogPakFile: PakFile FullDirectoryIndexSize=138
[2022.01.16-21.14.21:361][  0]LogShaderLibrary: Display: ShaderCodeLibraryPakFileMountedCallback: PakFile 'C:/Program Files/Epic Games/UE_4.27/FeaturePacks/TP_Flying.upack' (chunk index -1, root 'root:/') mounted
[2022.01.16-21.14.21:361][  0]LogShaderLibrary: Display: ShaderCodeLibraryPakFileMountedCallback: pending pak file info (ChunkID:-1 Root:root:/ File:C:/Program Files/Epic Games/UE_4.27/FeaturePacks/TP_Flying.upack)
[2022.01.16-21.14.21:361][  0]LogPakFile: OnPakFileMounted2Time == 0.000079
[2022.01.16-21.14.21:363][  0]LogPakFile: PakFile PrimaryIndexSize=184
[2022.01.16-21.14.21:363][  0]LogPakFile: PakFile PathHashIndexSize=101
[2022.01.16-21.14.21:363][  0]LogPakFile: PakFile FullDirectoryIndexSize=142
[2022.01.16-21.14.21:364][  0]LogShaderLibrary: Display: ShaderCodeLibraryPakFileMountedCallback: PakFile 'C:/Program Files/Epic Games/UE_4.27/FeaturePacks/TP_FlyingBP.upack' (chunk index -1, root 'root:/') mounted
[2022.01.16-21.14.21:364][  0]LogShaderLibrary: Display: ShaderCodeLibraryPakFileMountedCallback: pending pak file info (ChunkID:-1 Root:root:/ File:C:/Program Files/Epic Games/UE_4.27/FeaturePacks/TP_FlyingBP.upack)
[2022.01.16-21.14.21:364][  0]LogPakFile: OnPakFileMounted2Time == 0.000092
[2022.01.16-21.14.21:366][  0]LogPakFile: PakFile PrimaryIndexSize=188
[2022.01.16-21.14.21:366][  0]LogPakFile: PakFile PathHashIndexSize=101
[2022.01.16-21.14.21:366][  0]LogPakFile: PakFile FullDirectoryIndexSize=150
[2022.01.16-21.14.21:366][  0]LogShaderLibrary: Display: ShaderCodeLibraryPakFileMountedCallback: PakFile 'C:/Program Files/Epic Games/UE_4.27/FeaturePacks/TP_HandheldARBP.upack' (chunk index -1, root 'root:/') mounted
[2022.01.16-21.14.21:366][  0]LogShaderLibrary: Display: ShaderCodeLibraryPakFileMountedCallback: pending pak file info (ChunkID:-1 Root:root:/ File:C:/Program Files/Epic Games/UE_4.27/FeaturePacks/TP_HandheldARBP.upack)
[2022.01.16-21.14.21:366][  0]LogPakFile: OnPakFileMounted2Time == 0.000101
[2022.01.16-21.14.21:368][  0]LogPakFile: PakFile PrimaryIndexSize=182
[2022.01.16-21.14.21:368][  0]LogPakFile: PakFile PathHashIndexSize=101
[2022.01.16-21.14.21:369][  0]LogPakFile: PakFile FullDirectoryIndexSize=138
[2022.01.16-21.14.21:369][  0]LogShaderLibrary: Display: ShaderCodeLibraryPakFileMountedCallback: PakFile 'C:/Program Files/Epic Games/UE_4.27/FeaturePacks/TP_Puzzle.upack' (chunk index -1, root 'root:/') mounted
[2022.01.16-21.14.21:369][  0]LogShaderLibrary: Display: ShaderCodeLibraryPakFileMountedCallback: pending pak file info (ChunkID:-1 Root:root:/ File:C:/Program Files/Epic Games/UE_4.27/FeaturePacks/TP_Puzzle.upack)
[2022.01.16-21.14.21:369][  0]LogPakFile: OnPakFileMounted2Time == 0.000315
[2022.01.16-21.14.21:372][  0]LogPakFile: PakFile PrimaryIndexSize=184
[2022.01.16-21.14.21:372][  0]LogPakFile: PakFile PathHashIndexSize=101
[2022.01.16-21.14.21:372][  0]LogPakFile: PakFile FullDirectoryIndexSize=142
[2022.01.16-21.14.21:372][  0]LogShaderLibrary: Display: ShaderCodeLibraryPakFileMountedCallback: PakFile 'C:/Program Files/Epic Games/UE_4.27/FeaturePacks/TP_PuzzleBP.upack' (chunk index -1, root 'root:/') mounted
[2022.01.16-21.14.21:372][  0]LogShaderLibrary: Display: ShaderCodeLibraryPakFileMountedCallback: pending pak file info (ChunkID:-1 Root:root:/ File:C:/Program Files/Epic Games/UE_4.27/FeaturePacks/TP_PuzzleBP.upack)
[2022.01.16-21.14.21:372][  0]LogPakFile: OnPakFileMounted2Time == 0.000115
[2022.01.16-21.14.21:374][  0]LogPakFile: PakFile PrimaryIndexSize=183
[2022.01.16-21.14.21:374][  0]LogPakFile: PakFile PathHashIndexSize=101
[2022.01.16-21.14.21:374][  0]LogPakFile: PakFile FullDirectoryIndexSize=140
[2022.01.16-21.14.21:374][  0]LogShaderLibrary: Display: ShaderCodeLibraryPakFileMountedCallback: PakFile 'C:/Program Files/Epic Games/UE_4.27/FeaturePacks/TP_Rolling.upack' (chunk index -1, root 'root:/') mounted
[2022.01.16-21.14.21:374][  0]LogShaderLibrary: Display: ShaderCodeLibraryPakFileMountedCallback: pending pak file info (ChunkID:-1 Root:root:/ File:C:/Program Files/Epic Games/UE_4.27/FeaturePacks/TP_Rolling.upack)
[2022.01.16-21.14.21:374][  0]LogPakFile: OnPakFileMounted2Time == 0.000083
[2022.01.16-21.14.21:376][  0]LogPakFile: PakFile PrimaryIndexSize=185
[2022.01.16-21.14.21:376][  0]LogPakFile: PakFile PathHashIndexSize=101
[2022.01.16-21.14.21:376][  0]LogPakFile: PakFile FullDirectoryIndexSize=144
[2022.01.16-21.14.21:376][  0]LogShaderLibrary: Display: ShaderCodeLibraryPakFileMountedCallback: PakFile 'C:/Program Files/Epic Games/UE_4.27/FeaturePacks/TP_RollingBP.upack' (chunk index -1, root 'root:/') mounted
[2022.01.16-21.14.21:376][  0]LogShaderLibrary: Display: ShaderCodeLibraryPakFileMountedCallback: pending pak file info (ChunkID:-1 Root:root:/ File:C:/Program Files/Epic Games/UE_4.27/FeaturePacks/TP_RollingBP.upack)
[2022.01.16-21.14.21:376][  0]LogPakFile: OnPakFileMounted2Time == 0.000090
[2022.01.16-21.14.21:378][  0]LogPakFile: PakFile PrimaryIndexSize=188
[2022.01.16-21.14.21:378][  0]LogPakFile: PakFile PathHashIndexSize=101
[2022.01.16-21.14.21:378][  0]LogPakFile: PakFile FullDirectoryIndexSize=150
[2022.01.16-21.14.21:378][  0]LogShaderLibrary: Display: ShaderCodeLibraryPakFileMountedCallback: PakFile 'C:/Program Files/Epic Games/UE_4.27/FeaturePacks/TP_SideScroller.upack' (chunk index -1, root 'root:/') mounted
[2022.01.16-21.14.21:378][  0]LogShaderLibrary: Display: ShaderCodeLibraryPakFileMountedCallback: pending pak file info (ChunkID:-1 Root:root:/ File:C:/Program Files/Epic Games/UE_4.27/FeaturePacks/TP_SideScroller.upack)
[2022.01.16-21.14.21:378][  0]LogPakFile: OnPakFileMounted2Time == 0.000079
[2022.01.16-21.14.21:379][  0]LogPakFile: PakFile PrimaryIndexSize=190
[2022.01.16-21.14.21:379][  0]LogPakFile: PakFile PathHashIndexSize=101
[2022.01.16-21.14.21:379][  0]LogPakFile: PakFile FullDirectoryIndexSize=154
[2022.01.16-21.14.21:379][  0]LogShaderLibrary: Display: ShaderCodeLibraryPakFileMountedCallback: PakFile 'C:/Program Files/Epic Games/UE_4.27/FeaturePacks/TP_SideScrollerBP.upack' (chunk index -1, root 'root:/') mounted
[2022.01.16-21.14.21:380][  0]LogShaderLibrary: Display: ShaderCodeLibraryPakFileMountedCallback: pending pak file info (ChunkID:-1 Root:root:/ File:C:/Program Files/Epic Games/UE_4.27/FeaturePacks/TP_SideScrollerBP.upack)
[2022.01.16-21.14.21:380][  0]LogPakFile: OnPakFileMounted2Time == 0.000089
[2022.01.16-21.14.21:381][  0]LogPakFile: PakFile PrimaryIndexSize=187
[2022.01.16-21.14.21:381][  0]LogPakFile: PakFile PathHashIndexSize=101
[2022.01.16-21.14.21:381][  0]LogPakFile: PakFile FullDirectoryIndexSize=148
[2022.01.16-21.14.21:381][  0]LogShaderLibrary: Display: ShaderCodeLibraryPakFileMountedCallback: PakFile 'C:/Program Files/Epic Games/UE_4.27/FeaturePacks/TP_ThirdPerson.upack' (chunk index -1, root 'root:/') mounted
[2022.01.16-21.14.21:381][  0]LogShaderLibrary: Display: ShaderCodeLibraryPakFileMountedCallback: pending pak file info (ChunkID:-1 Root:root:/ File:C:/Program Files/Epic Games/UE_4.27/FeaturePacks/TP_ThirdPerson.upack)
[2022.01.16-21.14.21:381][  0]LogPakFile: OnPakFileMounted2Time == 0.000081
[2022.01.16-21.14.21:383][  0]LogPakFile: PakFile PrimaryIndexSize=189
[2022.01.16-21.14.21:383][  0]LogPakFile: PakFile PathHashIndexSize=101
[2022.01.16-21.14.21:383][  0]LogPakFile: PakFile FullDirectoryIndexSize=152
[2022.01.16-21.14.21:383][  0]LogShaderLibrary: Display: ShaderCodeLibraryPakFileMountedCallback: PakFile 'C:/Program Files/Epic Games/UE_4.27/FeaturePacks/TP_ThirdPersonBP.upack' (chunk index -1, root 'root:/') mounted
[2022.01.16-21.14.21:383][  0]LogShaderLibrary: Display: ShaderCodeLibraryPakFileMountedCallback: pending pak file info (ChunkID:-1 Root:root:/ File:C:/Program Files/Epic Games/UE_4.27/FeaturePacks/TP_ThirdPersonBP.upack)
[2022.01.16-21.14.21:384][  0]LogPakFile: OnPakFileMounted2Time == 0.000089
[2022.01.16-21.14.21:386][  0]LogPakFile: PakFile PrimaryIndexSize=183
[2022.01.16-21.14.21:386][  0]LogPakFile: PakFile PathHashIndexSize=101
[2022.01.16-21.14.21:386][  0]LogPakFile: PakFile FullDirectoryIndexSize=140
[2022.01.16-21.14.21:386][  0]LogShaderLibrary: Display: ShaderCodeLibraryPakFileMountedCallback: PakFile 'C:/Program Files/Epic Games/UE_4.27/FeaturePacks/TP_TopDown.upack' (chunk index -1, root 'root:/') mounted
[2022.01.16-21.14.21:386][  0]LogShaderLibrary: Display: ShaderCodeLibraryPakFileMountedCallback: pending pak file info (ChunkID:-1 Root:root:/ File:C:/Program Files/Epic Games/UE_4.27/FeaturePacks/TP_TopDown.upack)
[2022.01.16-21.14.21:386][  0]LogPakFile: OnPakFileMounted2Time == 0.000091
[2022.01.16-21.14.21:388][  0]LogPakFile: PakFile PrimaryIndexSize=185
[2022.01.16-21.14.21:388][  0]LogPakFile: PakFile PathHashIndexSize=101
[2022.01.16-21.14.21:388][  0]LogPakFile: PakFile FullDirectoryIndexSize=144
[2022.01.16-21.14.21:388][  0]LogShaderLibrary: Display: ShaderCodeLibraryPakFileMountedCallback: PakFile 'C:/Program Files/Epic Games/UE_4.27/FeaturePacks/TP_TopDownBP.upack' (chunk index -1, root 'root:/') mounted
[2022.01.16-21.14.21:388][  0]LogShaderLibrary: Display: ShaderCodeLibraryPakFileMountedCallback: pending pak file info (ChunkID:-1 Root:root:/ File:C:/Program Files/Epic Games/UE_4.27/FeaturePacks/TP_TopDownBP.upack)
[2022.01.16-21.14.21:388][  0]LogPakFile: OnPakFileMounted2Time == 0.000077
[2022.01.16-21.14.21:389][  0]LogPakFile: PakFile PrimaryIndexSize=185
[2022.01.16-21.14.21:390][  0]LogPakFile: PakFile PathHashIndexSize=101
[2022.01.16-21.14.21:390][  0]LogPakFile: PakFile FullDirectoryIndexSize=144
[2022.01.16-21.14.21:390][  0]LogShaderLibrary: Display: ShaderCodeLibraryPakFileMountedCallback: PakFile 'C:/Program Files/Epic Games/UE_4.27/FeaturePacks/TP_TwinStick.upack' (chunk index -1, root 'root:/') mounted
[2022.01.16-21.14.21:390][  0]LogShaderLibrary: Display: ShaderCodeLibraryPakFileMountedCallback: pending pak file info (ChunkID:-1 Root:root:/ File:C:/Program Files/Epic Games/UE_4.27/FeaturePacks/TP_TwinStick.upack)
[2022.01.16-21.14.21:390][  0]LogPakFile: OnPakFileMounted2Time == 0.000066
[2022.01.16-21.14.21:391][  0]LogPakFile: PakFile PrimaryIndexSize=187
[2022.01.16-21.14.21:391][  0]LogPakFile: PakFile PathHashIndexSize=101
[2022.01.16-21.14.21:391][  0]LogPakFile: PakFile FullDirectoryIndexSize=148
[2022.01.16-21.14.21:391][  0]LogShaderLibrary: Display: ShaderCodeLibraryPakFileMountedCallback: PakFile 'C:/Program Files/Epic Games/UE_4.27/FeaturePacks/TP_TwinStickBP.upack' (chunk index -1, root 'root:/') mounted
[2022.01.16-21.14.21:391][  0]LogShaderLibrary: Display: ShaderCodeLibraryPakFileMountedCallback: pending pak file info (ChunkID:-1 Root:root:/ File:C:/Program Files/Epic Games/UE_4.27/FeaturePacks/TP_TwinStickBP.upack)
[2022.01.16-21.14.21:391][  0]LogPakFile: OnPakFileMounted2Time == 0.000067
[2022.01.16-21.14.21:392][  0]LogPakFile: PakFile PrimaryIndexSize=183
[2022.01.16-21.14.21:392][  0]LogPakFile: PakFile PathHashIndexSize=101
[2022.01.16-21.14.21:393][  0]LogPakFile: PakFile FullDirectoryIndexSize=140
[2022.01.16-21.14.21:393][  0]LogShaderLibrary: Display: ShaderCodeLibraryPakFileMountedCallback: PakFile 'C:/Program Files/Epic Games/UE_4.27/FeaturePacks/TP_Vehicle.upack' (chunk index -1, root 'root:/') mounted
[2022.01.16-21.14.21:393][  0]LogShaderLibrary: Display: ShaderCodeLibraryPakFileMountedCallback: pending pak file info (ChunkID:-1 Root:root:/ File:C:/Program Files/Epic Games/UE_4.27/FeaturePacks/TP_Vehicle.upack)
[2022.01.16-21.14.21:393][  0]LogPakFile: OnPakFileMounted2Time == 0.000067
[2022.01.16-21.14.21:395][  0]LogPakFile: PakFile PrimaryIndexSize=186
[2022.01.16-21.14.21:395][  0]LogPakFile: PakFile PathHashIndexSize=101
[2022.01.16-21.14.21:395][  0]LogPakFile: PakFile FullDirectoryIndexSize=146
[2022.01.16-21.14.21:395][  0]LogShaderLibrary: Display: ShaderCodeLibraryPakFileMountedCallback: PakFile 'C:/Program Files/Epic Games/UE_4.27/FeaturePacks/TP_VehicleAdv.upack' (chunk index -1, root 'root:/') mounted
[2022.01.16-21.14.21:395][  0]LogShaderLibrary: Display: ShaderCodeLibraryPakFileMountedCallback: pending pak file info (ChunkID:-1 Root:root:/ File:C:/Program Files/Epic Games/UE_4.27/FeaturePacks/TP_VehicleAdv.upack)
[2022.01.16-21.14.21:395][  0]LogPakFile: OnPakFileMounted2Time == 0.000085
[2022.01.16-21.14.21:396][  0]LogPakFile: PakFile PrimaryIndexSize=188
[2022.01.16-21.14.21:396][  0]LogPakFile: PakFile PathHashIndexSize=101
[2022.01.16-21.14.21:396][  0]LogPakFile: PakFile FullDirectoryIndexSize=150
[2022.01.16-21.14.21:396][  0]LogShaderLibrary: Display: ShaderCodeLibraryPakFileMountedCallback: PakFile 'C:/Program Files/Epic Games/UE_4.27/FeaturePacks/TP_VehicleAdvBP.upack' (chunk index -1, root 'root:/') mounted
[2022.01.16-21.14.21:396][  0]LogShaderLibrary: Display: ShaderCodeLibraryPakFileMountedCallback: pending pak file info (ChunkID:-1 Root:root:/ File:C:/Program Files/Epic Games/UE_4.27/FeaturePacks/TP_VehicleAdvBP.upack)
[2022.01.16-21.14.21:396][  0]LogPakFile: OnPakFileMounted2Time == 0.000065
[2022.01.16-21.14.21:398][  0]LogPakFile: PakFile PrimaryIndexSize=185
[2022.01.16-21.14.21:398][  0]LogPakFile: PakFile PathHashIndexSize=101
[2022.01.16-21.14.21:398][  0]LogPakFile: PakFile FullDirectoryIndexSize=144
[2022.01.16-21.14.21:398][  0]LogShaderLibrary: Display: ShaderCodeLibraryPakFileMountedCallback: PakFile 'C:/Program Files/Epic Games/UE_4.27/FeaturePacks/TP_VehicleBP.upack' (chunk index -1, root 'root:/') mounted
[2022.01.16-21.14.21:398][  0]LogShaderLibrary: Display: ShaderCodeLibraryPakFileMountedCallback: pending pak file info (ChunkID:-1 Root:root:/ File:C:/Program Files/Epic Games/UE_4.27/FeaturePacks/TP_VehicleBP.upack)
[2022.01.16-21.14.21:398][  0]LogPakFile: OnPakFileMounted2Time == 0.000061
[2022.01.16-21.14.21:399][  0]LogPakFile: PakFile PrimaryIndexSize=192
[2022.01.16-21.14.21:399][  0]LogPakFile: PakFile PathHashIndexSize=101
[2022.01.16-21.14.21:399][  0]LogPakFile: PakFile FullDirectoryIndexSize=158
[2022.01.16-21.14.21:399][  0]LogShaderLibrary: Display: ShaderCodeLibraryPakFileMountedCallback: PakFile 'C:/Program Files/Epic Games/UE_4.27/FeaturePacks/TP_VirtualRealityBP.upack' (chunk index -1, root 'root:/') mounted
[2022.01.16-21.14.21:399][  0]LogShaderLibrary: Display: ShaderCodeLibraryPakFileMountedCallback: pending pak file info (ChunkID:-1 Root:root:/ File:C:/Program Files/Epic Games/UE_4.27/FeaturePacks/TP_VirtualRealityBP.upack)
[2022.01.16-21.14.21:399][  0]LogPakFile: OnPakFileMounted2Time == 0.000066
[2022.01.16-21.14.21:514][  0]LogNativeClassHierarchy: Verbose: Native class hierarchy updated for 'AddContentDialog' in 0.0004 seconds. Added 0 classes and 0 folders.
[2022.01.16-21.14.21:515][  0]LogNativeClassHierarchy: Verbose: Native class hierarchy updated for 'SceneOutliner' in 0.0003 seconds. Added 2 classes and 0 folders.
[2022.01.16-21.14.21:653][  0]LogSlate: Took 0.000390 seconds to synchronously load lazily loaded font '../../../Engine/Content/Slate/Fonts/Roboto-Regular.ttf' (155K)
[2022.01.16-21.14.21:655][  0]LogSlate: Took 0.000269 seconds to synchronously load lazily loaded font '../../../Engine/Content/Editor/Slate/Fonts/FontAwesome.ttf' (139K)
[2022.01.16-21.14.21:657][  0]LogSlate: Took 0.000325 seconds to synchronously load lazily loaded font '../../../Engine/Content/Slate/Fonts/Roboto-Bold.ttf' (160K)
[2022.01.16-21.14.21:883][  0]LogRenderer: Reallocating scene render targets to support 1084x648 Format 10 NumSamples 1 (Frame:1).
[2022.01.16-21.14.22:023][  0]LogNativeClassHierarchy: Verbose: Native class hierarchy updated for 'HierarchicalLODOutliner' in 0.0004 seconds. Added 0 classes and 0 folders.
[2022.01.16-21.14.22:024][  0]LogInput: Warning: Action Jump uses invalid key OculusGo_Left_Trigger_Click.
[2022.01.16-21.14.22:024][  0]LogInput: Warning: Action ResetVR uses invalid key OculusGo_Left_Trackpad_Click.
[2022.01.16-21.14.22:024][  0]LogInput: Warning: Use -RemoveInvalidKeys to remove instances of these keys from the action mapping.
[2022.01.16-21.14.22:024][  0]LogLoad: (Engine Initialization) Total time: 13.70 seconds
[2022.01.16-21.14.22:024][  0]LogLoad: (Engine Initialization) Total Blueprint compile time: 0.00 seconds
[2022.01.16-21.14.22:091][  0]LogContentStreaming: Texture pool size now 1000 MB
[2022.01.16-21.14.22:137][  1]LogAssetRegistry: Asset discovery search completed in 7.5208 seconds
[2022.01.16-21.14.22:146][  1]LogCollectionManager: Fixed up redirectors for 0 collections in 0.000006 seconds (updated 0 objects)
[2022.01.16-21.14.22:198][  3]LogSlate: Took 0.000271 seconds to synchronously load lazily loaded font '../../../Engine/Content/Slate/Fonts/Roboto-Light.ttf' (167K)
[2022.01.16-21.14.23:062][100]LogSlate: Took 0.000314 seconds to synchronously load lazily loaded font '../../../Engine/Content/Slate/Fonts/Roboto-Light.ttf' (167K)
[2022.01.16-21.15.09:777][298]LogAudioMixer: Display: Audio Buffer Underrun (starvation) detected.
[2022.01.16-21.15.36:862][379]LogAudioMixer: Display: Audio Buffer Underrun (starvation) detected.
[2022.01.16-21.16.23:989][520]LogAudioMixer: Display: Audio Buffer Underrun (starvation) detected.
[2022.01.16-21.17.02:214][634]LogAudioMixer: Display: Audio Buffer Underrun (starvation) detected.
[2022.01.16-21.17.23:297][697]LogAudioMixer: Display: Audio Buffer Underrun (starvation) detected.
[2022.01.16-21.18.10:223][837]LogAudioMixer: Display: Audio Buffer Underrun (starvation) detected.
[2022.01.16-21.19.06:497][  5]LogAudioMixer: Display: Audio Buffer Underrun (starvation) detected.
[2022.01.16-21.19.24:548][ 59]LogAudioMixer: Display: Audio Buffer Underrun (starvation) detected.
[2022.01.16-21.19.50:953][138]LogAudioMixer: Display: Audio Buffer Underrun (starvation) detected.
[2022.01.16-21.20.20:053][225]LogAudioMixer: Display: Audio Buffer Underrun (starvation) detected.
[2022.01.16-21.20.56:305][333]LogAudioMixer: Display: Audio Buffer Underrun (starvation) detected.
[2022.01.16-21.21.16:720][394]LogAudioMixer: Display: Audio Buffer Underrun (starvation) detected.
