Log file open, 04/14/22 21:26:26
LogWindows: Failed to load 'aqProf.dll' (GetLastError=126)
LogWindows: File 'aqProf.dll' does not exist
LogWindows: Failed to load 'VtuneApi.dll' (GetLastError=126)
LogWindows: File 'VtuneApi.dll' does not exist
LogWindows: Failed to load 'VtuneApi32e.dll' (GetLastError=126)
LogWindows: File 'VtuneApi32e.dll' does not exist
LogConsoleResponse: Display: Failed to find resolution value strings in scalability ini. Falling back to default.
LogConsoleResponse: Display: Failed to find resolution value strings in scalability ini. Falling back to default.
LogInit: Display: Running engine for game: MushMush
LogPlatformFile: Not using cached read wrapper
LogTaskGraph: Started task graph with 5 named threads and 23 total threads with 3 sets of task threads.
LogStats: Stats thread started at 0.520886
LogICUInternationalization: ICU TimeZone Detection - Raw Offset: -5:00, Platform Override: ''
LogInit: Display: Loading text-based GConfig....
LogPluginManager: Mounting plugin MeshPainting
LogPluginManager: Mounting plugin XGEController
LogPluginManager: Mounting plugin Paper2D
LogPluginManager: Mounting plugin LightPropagationVolume
LogPluginManager: Mounting plugin CameraShakePreviewer
LogPluginManager: Mounting plugin OodleData
LogPluginManager: Mounting plugin OodleNetwork
LogPluginManager: Mounting plugin LiveLink
LogPluginManager: Mounting plugin GameplayCameras
LogPluginManager: Mounting plugin AnimationSharing
LogPluginManager: Mounting plugin CLionSourceCodeAccess
LogPluginManager: Mounting plugin CodeLiteSourceCodeAccess
LogPluginManager: Mounting plugin GitSourceControl
LogPluginManager: Mounting plugin KDevelopSourceCodeAccess
LogPluginManager: Mounting plugin NullSourceCodeAccess
LogPluginManager: Mounting plugin PerforceSourceControl
LogPluginManager: Mounting plugin PixWinPlugin
LogPluginManager: Mounting plugin PlasticSourceControl
LogPluginManager: Mounting plugin PluginUtils
LogPluginManager: Mounting plugin PropertyAccessNode
LogPluginManager: Mounting plugin RiderSourceCodeAccess
LogPluginManager: Mounting plugin SubversionSourceControl
LogPluginManager: Mounting plugin TextureFormatOodle
LogPluginManager: Mounting plugin UObjectPlugin
LogPluginManager: Mounting plugin VisualStudioCodeSourceCodeAccess
LogPluginManager: Mounting plugin AssetManagerEditor
LogPluginManager: Mounting plugin XCodeSourceCodeAccess
LogPluginManager: Mounting plugin VisualStudioSourceCodeAccess
LogPluginManager: Mounting plugin CryptoKeys
LogPluginManager: Mounting plugin CurveEditorTools
LogPluginManager: Mounting plugin DataValidation
LogPluginManager: Mounting plugin FacialAnimation
LogPluginManager: Mounting plugin GameplayTagsEditor
LogPluginManager: Mounting plugin GeometryMode
LogPluginManager: Mounting plugin MacGraphicsSwitching
LogPluginManager: Mounting plugin MaterialAnalyzer
LogPluginManager: Mounting plugin DatasmithContent
LogPluginManager: Mounting plugin MobileLauncherProfileWizard
LogPluginManager: Mounting plugin PluginBrowser
LogPluginManager: Mounting plugin SpeedTreeImporter
LogPluginManager: Mounting plugin VariantManagerContent
LogPluginManager: Mounting plugin Niagara
LogPluginManager: Mounting plugin AlembicImporter
LogPluginManager: Mounting plugin AutomationUtils
LogPluginManager: Mounting plugin BackChannel
LogPluginManager: Mounting plugin ChaosCloth
LogPluginManager: Mounting plugin ChaosClothEditor
LogPluginManager: Mounting plugin ChaosEditor
LogPluginManager: Mounting plugin ChaosNiagara
LogPluginManager: Mounting plugin ChaosSolverPlugin
LogPluginManager: Mounting plugin CharacterAI
LogPluginManager: Mounting plugin GeometryCollectionPlugin
LogPluginManager: Mounting plugin GeometryProcessing
LogPluginManager: Mounting plugin MotoSynth
LogPluginManager: Mounting plugin OpenImageDenoise
LogPluginManager: Mounting plugin PlanarCut
LogPluginManager: Mounting plugin PlatformCrypto
LogPluginManager: Mounting plugin ProxyLODPlugin
LogPluginManager: Mounting plugin PythonScriptPlugin
LogPluginManager: Mounting plugin AndroidMedia
LogPluginManager: Mounting plugin SkeletalReduction
LogPluginManager: Mounting plugin AvfMedia
LogPluginManager: Mounting plugin MediaCompositing
LogPluginManager: Mounting plugin ImgMedia
LogPluginManager: Mounting plugin MediaPlayerEditor
LogPluginManager: Mounting plugin WebMMedia
LogPluginManager: Mounting plugin LuminPlatformFeatures
LogPluginManager: Mounting plugin MagicLeap
LogPluginManager: Mounting plugin WmfMedia
LogPluginManager: Mounting plugin MagicLeapLightEstimation
LogPluginManager: Mounting plugin MagicLeapPassableWorld
LogPluginManager: Mounting plugin MLSDK
LogPluginManager: Mounting plugin TcpMessaging
LogPluginManager: Mounting plugin UdpMessaging
LogPluginManager: Mounting plugin LevelSequenceEditor
LogPluginManager: Mounting plugin MatineeToLevelSequence
LogPluginManager: Mounting plugin ActorSequence
LogPluginManager: Mounting plugin TemplateSequence
LogPluginManager: Mounting plugin MagicLeapMedia
LogPluginManager: Mounting plugin OnlineSubsystem
LogPluginManager: Mounting plugin GeometryCache
LogPluginManager: Mounting plugin OnlineSubsystemNull
LogPluginManager: Mounting plugin OnlineSubsystemUtils
LogPluginManager: Mounting plugin LauncherChunkInstaller
LogPluginManager: Mounting plugin ActorLayerUtilities
LogPluginManager: Mounting plugin AndroidPermission
LogPluginManager: Mounting plugin AndroidDeviceProfileSelector
LogPluginManager: Mounting plugin AndroidMoviePlayer
LogPluginManager: Mounting plugin AppleImageUtils
LogPluginManager: Mounting plugin AppleMoviePlayer
LogPluginManager: Mounting plugin ArchVisCharacter
LogPluginManager: Mounting plugin AssetTags
LogPluginManager: Mounting plugin AudioCapture
LogPluginManager: Mounting plugin AudioSynesthesia
LogPluginManager: Mounting plugin CableComponent
LogPluginManager: Mounting plugin CustomMeshComponent
LogPluginManager: Mounting plugin ChunkDownloader
LogPluginManager: Mounting plugin EditableMesh
LogPluginManager: Mounting plugin ExampleDeviceProfileSelector
LogPluginManager: Mounting plugin GoogleCloudMessaging
LogPluginManager: Mounting plugin GooglePAD
LogPluginManager: Mounting plugin AISupport
LogPluginManager: Mounting plugin EnvironmentQueryEditor
LogPluginManager: Mounting plugin ScreenshotTools
LogPluginManager: Mounting plugin IOSDeviceProfileSelector
LogPluginManager: Mounting plugin LinuxDeviceProfileSelector
LogPluginManager: Mounting plugin LocationServicesBPLibrary
LogPluginManager: Mounting plugin MobilePatchingUtils
LogPluginManager: Mounting plugin OpenXREyeTracker
LogPluginManager: Mounting plugin OpenXRHandTracking
LogPluginManager: Mounting plugin OpenXR
LogPluginManager: Mounting plugin PhysXVehicles
LogPluginManager: Mounting plugin Takes
LogPluginManager: Mounting plugin PostSplashScreen
LogPluginManager: Mounting plugin PropertyAccessEditor
LogPluginManager: Mounting plugin ProceduralMeshComponent
LogPluginManager: Mounting plugin RuntimePhysXCooking
LogPluginManager: Mounting plugin SoundFields
LogPluginManager: Mounting plugin Synthesis
LogPluginManager: Mounting plugin WebMMoviePlayer
LogPluginManager: Mounting plugin SignificanceManager
LogPluginManager: Mounting plugin WindowsMoviePlayer
LogPluginManager: Mounting plugin ContentBrowserClassDataSource
LogPluginManager: Mounting plugin ContentBrowserFileDataSource
LogPluginManager: Mounting plugin ContentBrowserAssetDataSource
LogPluginManager: Mounting plugin OnlineSubsystemGooglePlay
LogPluginManager: Mounting plugin OnlineSubsystemIOS
LogPluginManager: Mounting plugin OculusVR
LogPluginManager: Mounting plugin SteamVR
PixWinPlugin: PIX capture plugin failed to initialize! Check that the process is launched from PIX.
LogInit: Using libcurl 7.55.1-DEV
LogInit:  - built for x86_64-pc-win32
LogInit:  - supports SSL with OpenSSL/1.1.1
LogInit:  - supports HTTP deflate (compression) using libz 1.2.8
LogInit:  - other features:
LogInit:      CURL_VERSION_SSL
LogInit:      CURL_VERSION_LIBZ
LogInit:      CURL_VERSION_IPV6
LogInit:      CURL_VERSION_ASYNCHDNS
LogInit:      CURL_VERSION_LARGEFILE
LogInit:      CURL_VERSION_IDN
LogInit:  CurlRequestOptions (configurable via config and command line):
LogInit:  - bVerifyPeer = true  - Libcurl will verify peer certificate
LogInit:  - bUseHttpProxy = false  - Libcurl will NOT use HTTP proxy
LogInit:  - bDontReuseConnections = false  - Libcurl will reuse connections
LogInit:  - MaxHostConnections = 16  - Libcurl will limit the number of connections to a host
LogInit:  - LocalHostAddr = Default
LogInit:  - BufferSize = 65536
LogOnline: OSS: Creating online subsystem instance for: NULL
LogInit: WinSock: version 1.1 (2.2), MaxSocks=32767, MaxUdp=65467
LogOnline: OSS: TryLoadSubsystemAndSetDefault: Loaded subsystem for module [NULL]
LogOculusPluginWrapper: OculusPlugin initialized successfully
LogHMD: Failed initializing OVRPlugin 1.59.0
LogInit: Build: ++UE4+Release-4.27-CL-18319896
LogInit: Engine Version: 4.27.2-18319896+++UE4+Release-4.27
LogInit: Compatible Engine Version: 4.27.0-17155196+++UE4+Release-4.27
LogInit: Net CL: 17155196
LogInit: OS: Windows 10 (Release 2009) (), CPU: AMD FX(tm)-8300 Eight-Core Processor           , GPU: NVIDIA GeForce GTX 1060 3GB
LogInit: Compiled (64-bit): Nov 30 2021 07:12:08
LogInit: Compiled with Visual C++: 19.24.28315.00
LogInit: Build Configuration: Development
LogInit: Branch Name: ++UE4+Release-4.27
LogInit: Command Line:  /Game/MushMush_ThirdPersonBP/Maps/MainLevel_CraftingTest -game -PIEVIACONSOLE -Multiprocess "GameUserSettingsINI=D:/miles/Documents/Unreal Projects/Gabbi_Capstone/MushMush/Saved/Config/Windows/PIEGameUserSettings0.ini" -MultiprocessSaveConfig -forcepassthrough -messaging -SessionName="Play in Standalone Game" -windowed -ResX=1280 -ResY=720
LogInit: Base Directory: C:/Program Files/Epic Games/UE_4.27/Engine/Binaries/Win64/
LogInit: Allocator: TBB
LogInit: Installed Engine Build: 1
LogDevObjectVersion: Number of dev versions registered: 29
LogDevObjectVersion:   Dev-Blueprints (B0D832E4-1F89-4F0D-ACCF-7EB736FD4AA2): 10
LogDevObjectVersion:   Dev-Build (E1C64328-A22C-4D53-A36C-8E866417BD8C): 0
LogDevObjectVersion:   Dev-Core (375EC13C-06E4-48FB-B500-84F0262A717E): 4
LogDevObjectVersion:   Dev-Editor (E4B068ED-F494-42E9-A231-DA0B2E46BB41): 40
LogDevObjectVersion:   Dev-Framework (CFFC743F-43B0-4480-9391-14DF171D2073): 37
LogDevObjectVersion:   Dev-Mobile (B02B49B5-BB20-44E9-A304-32B752E40360): 3
LogDevObjectVersion:   Dev-Networking (A4E4105C-59A1-49B5-A7C5-40C4547EDFEE): 0
LogDevObjectVersion:   Dev-Online (39C831C9-5AE6-47DC-9A44-9C173E1C8E7C): 0
LogDevObjectVersion:   Dev-Physics (78F01B33-EBEA-4F98-B9B4-84EACCB95AA2): 14
LogDevObjectVersion:   Dev-Platform (6631380F-2D4D-43E0-8009-CF276956A95A): 0
LogDevObjectVersion:   Dev-Rendering (12F88B9F-8875-4AFC-A67C-D90C383ABD29): 45
LogDevObjectVersion:   Dev-Sequencer (7B5AE74C-D270-4C10-A958-57980B212A5A): 13
LogDevObjectVersion:   Dev-VR (D7296918-1DD6-4BDD-9DE2-64A83CC13884): 3
LogDevObjectVersion:   Dev-LoadTimes (C2A15278-BFE7-4AFE-6C17-90FF531DF755): 1
LogDevObjectVersion:   Private-Geometry (6EACA3D4-40EC-4CC1-B786-8BED09428FC5): 3
LogDevObjectVersion:   Dev-AnimPhys (29E575DD-E0A3-4627-9D10-D276232CDCEA): 17
LogDevObjectVersion:   Dev-Anim (AF43A65D-7FD3-4947-9873-3E8ED9C1BB05): 15
LogDevObjectVersion:   Dev-ReflectionCapture (6B266CEC-1EC7-4B8F-A30B-E4D90942FC07): 1
LogDevObjectVersion:   Dev-Automation (0DF73D61-A23F-47EA-B727-89E90C41499A): 1
LogDevObjectVersion:   FortniteMain (601D1886-AC64-4F84-AA16-D3DE0DEAC7D6): 47
LogDevObjectVersion:   FortniteRelease (E7086368-6B23-4C58-8439-1B7016265E91): 1
LogDevObjectVersion:   Dev-Enterprise (9DFFBCD6-494F-0158-E221-12823C92A888): 10
LogDevObjectVersion:   Dev-Niagara (F2AED0AC-9AFE-416F-8664-AA7FFA26D6FC): 1
LogDevObjectVersion:   Dev-Destruction (174F1F0B-B4C6-45A5-B13F-2EE8D0FB917D): 10
LogDevObjectVersion:   Dev-Physics-Ext (35F94A83-E258-406C-A318-09F59610247C): 41
LogDevObjectVersion:   Dev-PhysicsMaterial-Chaos (B68FC16E-8B1B-42E2-B453-215C058844FE): 1
LogDevObjectVersion:   Dev-CineCamera (B2E18506-4273-CFC2-A54E-F4BB758BBA07): 1
LogDevObjectVersion:   Dev-VirtualProduction (64F58936-FD1B-42BA-BA96-7289D5D0FA4E): 1
LogDevObjectVersion:   Dev-MediaFramework (6F0ED827-A609-4895-9C91-998D90180EA4): 2
LogInit: Presizing for max 25165824 objects, including 0 objects not considered by GC, pre-allocating 0 bytes for permanent pool.
LogConfig: Applying CVar settings from Section [/Script/Engine.StreamingSettings] File [D:/miles/Documents/Unreal Projects/Gabbi_Capstone/MushMush/Saved/Config/Windows/Engine.ini]
LogConfig: Setting CVar [[s.MinBulkDataSizeForAsyncLoading:131072]]
LogConfig: Setting CVar [[s.AsyncLoadingThreadEnabled:0]]
LogConfig: Setting CVar [[s.EventDrivenLoaderEnabled:1]]
LogConfig: Setting CVar [[s.WarnIfTimeLimitExceeded:0]]
LogConfig: Setting CVar [[s.TimeLimitExceededMultiplier:1.5]]
LogConfig: Setting CVar [[s.TimeLimitExceededMinTime:0.005]]
LogConfig: Setting CVar [[s.UseBackgroundLevelStreaming:1]]
LogConfig: Setting CVar [[s.PriorityAsyncLoadingExtraTime:15.0]]
LogConfig: Setting CVar [[s.LevelStreamingActorsUpdateTimeLimit:5.0]]
LogConfig: Setting CVar [[s.PriorityLevelStreamingActorsUpdateExtraTime:5.0]]
LogConfig: Setting CVar [[s.LevelStreamingComponentsRegistrationGranularity:10]]
LogConfig: Setting CVar [[s.UnregisterComponentsTimeLimit:1.0]]
LogConfig: Setting CVar [[s.LevelStreamingComponentsUnregistrationGranularity:5]]
LogConfig: Setting CVar [[s.FlushStreamingOnExit:1]]
LogInit: Object subsystem initialized
LogConfig: Setting CVar [[con.DebugEarlyDefault:1]]
LogConfig: Setting CVar [[r.setres:1280x720]]
[2022.04.15-01.26.28:029][  0]LogConfig: Setting CVar [[con.DebugEarlyDefault:1]]
[2022.04.15-01.26.28:029][  0]LogConfig: Setting CVar [[r.setres:1280x720]]
[2022.04.15-01.26.28:029][  0]LogConfig: Applying CVar settings from Section [/Script/Engine.RendererSettings] File [D:/miles/Documents/Unreal Projects/Gabbi_Capstone/MushMush/Saved/Config/Windows/Engine.ini]
[2022.04.15-01.26.28:029][  0]LogConfig: Setting CVar [[r.GPUCrashDebugging:0]]
[2022.04.15-01.26.28:029][  0]LogConfig: Applying CVar settings from Section [/Script/Engine.RendererOverrideSettings] File [D:/miles/Documents/Unreal Projects/Gabbi_Capstone/MushMush/Saved/Config/Windows/Engine.ini]
[2022.04.15-01.26.28:029][  0]LogConfig: Applying CVar settings from Section [/Script/Engine.StreamingSettings] File [D:/miles/Documents/Unreal Projects/Gabbi_Capstone/MushMush/Saved/Config/Windows/Engine.ini]
[2022.04.15-01.26.28:029][  0]LogConfig: Setting CVar [[s.MinBulkDataSizeForAsyncLoading:131072]]
[2022.04.15-01.26.28:029][  0]LogConfig: Setting CVar [[s.AsyncLoadingThreadEnabled:0]]
[2022.04.15-01.26.28:029][  0]LogConfig: Setting CVar [[s.EventDrivenLoaderEnabled:1]]
[2022.04.15-01.26.28:029][  0]LogConfig: Setting CVar [[s.WarnIfTimeLimitExceeded:0]]
[2022.04.15-01.26.28:029][  0]LogConfig: Setting CVar [[s.TimeLimitExceededMultiplier:1.5]]
[2022.04.15-01.26.28:029][  0]LogConfig: Setting CVar [[s.TimeLimitExceededMinTime:0.005]]
[2022.04.15-01.26.28:029][  0]LogConfig: Setting CVar [[s.UseBackgroundLevelStreaming:1]]
[2022.04.15-01.26.28:029][  0]LogConfig: Setting CVar [[s.PriorityAsyncLoadingExtraTime:15.0]]
[2022.04.15-01.26.28:029][  0]LogConfig: Setting CVar [[s.LevelStreamingActorsUpdateTimeLimit:5.0]]
[2022.04.15-01.26.28:029][  0]LogConfig: Setting CVar [[s.PriorityLevelStreamingActorsUpdateExtraTime:5.0]]
[2022.04.15-01.26.28:030][  0]LogConfig: Setting CVar [[s.LevelStreamingComponentsRegistrationGranularity:10]]
[2022.04.15-01.26.28:030][  0]LogConfig: Setting CVar [[s.UnregisterComponentsTimeLimit:1.0]]
[2022.04.15-01.26.28:030][  0]LogConfig: Setting CVar [[s.LevelStreamingComponentsUnregistrationGranularity:5]]
[2022.04.15-01.26.28:030][  0]LogConfig: Setting CVar [[s.FlushStreamingOnExit:1]]
[2022.04.15-01.26.28:030][  0]LogConfig: Applying CVar settings from Section [/Script/Engine.GarbageCollectionSettings] File [D:/miles/Documents/Unreal Projects/Gabbi_Capstone/MushMush/Saved/Config/Windows/Engine.ini]
[2022.04.15-01.26.28:030][  0]LogConfig: Setting CVar [[gc.MaxObjectsNotConsideredByGC:1]]
[2022.04.15-01.26.28:030][  0]LogConfig: Setting CVar [[gc.SizeOfPermanentObjectPool:0]]
[2022.04.15-01.26.28:030][  0]LogConfig: Setting CVar [[gc.FlushStreamingOnGC:0]]
[2022.04.15-01.26.28:030][  0]LogConfig: Setting CVar [[gc.NumRetriesBeforeForcingGC:10]]
[2022.04.15-01.26.28:030][  0]LogConfig: Setting CVar [[gc.AllowParallelGC:1]]
[2022.04.15-01.26.28:030][  0]LogConfig: Setting CVar [[gc.TimeBetweenPurgingPendingKillObjects:61.1]]
[2022.04.15-01.26.28:030][  0]LogConfig: Setting CVar [[gc.MaxObjectsInEditor:25165824]]
[2022.04.15-01.26.28:030][  0]LogConfig: Setting CVar [[gc.IncrementalBeginDestroyEnabled:1]]
[2022.04.15-01.26.28:030][  0]LogConfig: Setting CVar [[gc.CreateGCClusters:1]]
[2022.04.15-01.26.28:030][  0]LogConfig: Setting CVar [[gc.MinGCClusterSize:5]]
[2022.04.15-01.26.28:030][  0]LogConfig: Setting CVar [[gc.ActorClusteringEnabled:0]]
[2022.04.15-01.26.28:030][  0]LogConfig: Setting CVar [[gc.BlueprintClusteringEnabled:0]]
[2022.04.15-01.26.28:030][  0]LogConfig: Setting CVar [[gc.UseDisregardForGCOnDedicatedServers:0]]
[2022.04.15-01.26.28:030][  0]LogConfig: Setting CVar [[gc.MultithreadedDestructionEnabled:1]]
[2022.04.15-01.26.28:030][  0]LogConfig: Applying CVar settings from Section [/Script/Engine.NetworkSettings] File [D:/miles/Documents/Unreal Projects/Gabbi_Capstone/MushMush/Saved/Config/Windows/Engine.ini]
[2022.04.15-01.26.28:030][  0]LogConfig: Applying CVar settings from Section [/Script/UnrealEd.CookerSettings] File [D:/miles/Documents/Unreal Projects/Gabbi_Capstone/MushMush/Saved/Config/Windows/Engine.ini]
[2022.04.15-01.26.28:062][  0]LogConfig: Applying CVar settings from Section [ViewDistanceQuality@3] File [D:/miles/Documents/Unreal Projects/Gabbi_Capstone/MushMush/Saved/Config/Windows/Scalability.ini]
[2022.04.15-01.26.28:062][  0]LogConfig: Setting CVar [[r.SkeletalMeshLODBias:0]]
[2022.04.15-01.26.28:062][  0]LogConfig: Setting CVar [[r.ViewDistanceScale:1.0]]
[2022.04.15-01.26.28:062][  0]LogConfig: Applying CVar settings from Section [AntiAliasingQuality@3] File [D:/miles/Documents/Unreal Projects/Gabbi_Capstone/MushMush/Saved/Config/Windows/Scalability.ini]
[2022.04.15-01.26.28:062][  0]LogConfig: Setting CVar [[r.PostProcessAAQuality:4]]
[2022.04.15-01.26.28:062][  0]LogConfig: Applying CVar settings from Section [ShadowQuality@3] File [D:/miles/Documents/Unreal Projects/Gabbi_Capstone/MushMush/Saved/Config/Windows/Scalability.ini]
[2022.04.15-01.26.28:062][  0]LogConfig: Setting CVar [[r.LightFunctionQuality:1]]
[2022.04.15-01.26.28:062][  0]LogConfig: Setting CVar [[r.ShadowQuality:5]]
[2022.04.15-01.26.28:062][  0]LogConfig: Setting CVar [[r.Shadow.CSM.MaxCascades:10]]
[2022.04.15-01.26.28:062][  0]LogConfig: Setting CVar [[r.Shadow.MaxResolution:2048]]
[2022.04.15-01.26.28:062][  0]LogConfig: Setting CVar [[r.Shadow.MaxCSMResolution:2048]]
[2022.04.15-01.26.28:062][  0]LogConfig: Setting CVar [[r.Shadow.RadiusThreshold:0.01]]
[2022.04.15-01.26.28:063][  0]LogConfig: Setting CVar [[r.Shadow.DistanceScale:1.0]]
[2022.04.15-01.26.28:063][  0]LogConfig: Setting CVar [[r.Shadow.CSM.TransitionScale:1.0]]
[2022.04.15-01.26.28:063][  0]LogConfig: Setting CVar [[r.Shadow.PreShadowResolutionFactor:1.0]]
[2022.04.15-01.26.28:063][  0]LogConfig: Setting CVar [[r.DistanceFieldShadowing:1]]
[2022.04.15-01.26.28:063][  0]LogConfig: Setting CVar [[r.DistanceFieldAO:1]]
[2022.04.15-01.26.28:063][  0]LogConfig: Setting CVar [[r.AOQuality:2]]
[2022.04.15-01.26.28:063][  0]LogConfig: Setting CVar [[r.VolumetricFog:1]]
[2022.04.15-01.26.28:063][  0]LogConfig: Setting CVar [[r.VolumetricFog.GridPixelSize:8]]
[2022.04.15-01.26.28:063][  0]LogConfig: Setting CVar [[r.VolumetricFog.GridSizeZ:128]]
[2022.04.15-01.26.28:063][  0]LogConfig: Setting CVar [[r.VolumetricFog.HistoryMissSupersampleCount:4]]
[2022.04.15-01.26.28:063][  0]LogConfig: Setting CVar [[r.LightMaxDrawDistanceScale:1]]
[2022.04.15-01.26.28:063][  0]LogConfig: Setting CVar [[r.CapsuleShadows:1]]
[2022.04.15-01.26.28:063][  0]LogConfig: Applying CVar settings from Section [PostProcessQuality@3] File [D:/miles/Documents/Unreal Projects/Gabbi_Capstone/MushMush/Saved/Config/Windows/Scalability.ini]
[2022.04.15-01.26.28:063][  0]LogConfig: Setting CVar [[r.MotionBlurQuality:4]]
[2022.04.15-01.26.28:063][  0]LogConfig: Setting CVar [[r.AmbientOcclusionMipLevelFactor:0.4]]
[2022.04.15-01.26.28:063][  0]LogConfig: Setting CVar [[r.AmbientOcclusionMaxQuality:100]]
[2022.04.15-01.26.28:063][  0]LogConfig: Setting CVar [[r.AmbientOcclusionLevels:-1]]
[2022.04.15-01.26.28:063][  0]LogConfig: Setting CVar [[r.AmbientOcclusionRadiusScale:1.0]]
[2022.04.15-01.26.28:063][  0]LogConfig: Setting CVar [[r.DepthOfFieldQuality:2]]
[2022.04.15-01.26.28:063][  0]LogConfig: Setting CVar [[r.RenderTargetPoolMin:400]]
[2022.04.15-01.26.28:063][  0]LogConfig: Setting CVar [[r.LensFlareQuality:2]]
[2022.04.15-01.26.28:063][  0]LogConfig: Setting CVar [[r.SceneColorFringeQuality:1]]
[2022.04.15-01.26.28:063][  0]LogConfig: Setting CVar [[r.EyeAdaptationQuality:2]]
[2022.04.15-01.26.28:063][  0]LogConfig: Setting CVar [[r.BloomQuality:5]]
[2022.04.15-01.26.28:063][  0]LogConfig: Setting CVar [[r.FastBlurThreshold:100]]
[2022.04.15-01.26.28:063][  0]LogConfig: Setting CVar [[r.Upscale.Quality:3]]
[2022.04.15-01.26.28:063][  0]LogConfig: Setting CVar [[r.Tonemapper.GrainQuantization:1]]
[2022.04.15-01.26.28:063][  0]LogConfig: Setting CVar [[r.LightShaftQuality:1]]
[2022.04.15-01.26.28:063][  0]LogConfig: Setting CVar [[r.Filter.SizeScale:1]]
[2022.04.15-01.26.28:064][  0]LogConfig: Setting CVar [[r.Tonemapper.Quality:5]]
[2022.04.15-01.26.28:064][  0]LogConfig: Setting CVar [[r.DOF.Gather.AccumulatorQuality:1        ; higher gathering accumulator quality]]
[2022.04.15-01.26.28:064][  0]LogConfig: Setting CVar [[r.DOF.Gather.PostfilterMethod:1          ; Median3x3 postfilering method]]
[2022.04.15-01.26.28:064][  0]LogConfig: Setting CVar [[r.DOF.Gather.EnableBokehSettings:0       ; no bokeh simulation when gathering]]
[2022.04.15-01.26.28:064][  0]LogConfig: Setting CVar [[r.DOF.Gather.RingCount:4                 ; medium number of samples when gathering]]
[2022.04.15-01.26.28:064][  0]LogConfig: Setting CVar [[r.DOF.Scatter.ForegroundCompositing:1    ; additive foreground scattering]]
[2022.04.15-01.26.28:064][  0]LogConfig: Setting CVar [[r.DOF.Scatter.BackgroundCompositing:2    ; additive background scattering]]
[2022.04.15-01.26.28:064][  0]LogConfig: Setting CVar [[r.DOF.Scatter.EnableBokehSettings:1      ; bokeh simulation when scattering]]
[2022.04.15-01.26.28:064][  0]LogConfig: Setting CVar [[r.DOF.Scatter.MaxSpriteRatio:0.1         ; only a maximum of 10% of scattered bokeh]]
[2022.04.15-01.26.28:064][  0]LogConfig: Setting CVar [[r.DOF.Recombine.Quality:1                ; cheap slight out of focus]]
[2022.04.15-01.26.28:064][  0]LogConfig: Setting CVar [[r.DOF.Recombine.EnableBokehSettings:0    ; no bokeh simulation on slight out of focus]]
[2022.04.15-01.26.28:064][  0]LogConfig: Setting CVar [[r.DOF.TemporalAAQuality:1                ; more stable temporal accumulation]]
[2022.04.15-01.26.28:064][  0]LogConfig: Setting CVar [[r.DOF.Kernel.MaxForegroundRadius:0.025]]
[2022.04.15-01.26.28:064][  0]LogConfig: Setting CVar [[r.DOF.Kernel.MaxBackgroundRadius:0.025]]
[2022.04.15-01.26.28:064][  0]LogConfig: Applying CVar settings from Section [TextureQuality@3] File [D:/miles/Documents/Unreal Projects/Gabbi_Capstone/MushMush/Saved/Config/Windows/Scalability.ini]
[2022.04.15-01.26.28:064][  0]LogConfig: Setting CVar [[r.Streaming.MipBias:0]]
[2022.04.15-01.26.28:064][  0]LogConfig: Setting CVar [[r.Streaming.AmortizeCPUToGPUCopy:0]]
[2022.04.15-01.26.28:064][  0]LogConfig: Setting CVar [[r.Streaming.MaxNumTexturesToStreamPerFrame:0]]
[2022.04.15-01.26.28:064][  0]LogConfig: Setting CVar [[r.Streaming.Boost:1]]
[2022.04.15-01.26.28:064][  0]LogConfig: Setting CVar [[r.MaxAnisotropy:8]]
[2022.04.15-01.26.28:064][  0]LogConfig: Setting CVar [[r.VT.MaxAnisotropy:8]]
[2022.04.15-01.26.28:064][  0]LogConfig: Setting CVar [[r.Streaming.LimitPoolSizeToVRAM:0]]
[2022.04.15-01.26.28:064][  0]LogConfig: Setting CVar [[r.Streaming.PoolSize:1000]]
[2022.04.15-01.26.28:064][  0]LogConfig: Setting CVar [[r.Streaming.MaxEffectiveScreenSize:0]]
[2022.04.15-01.26.28:064][  0]LogConfig: Applying CVar settings from Section [EffectsQuality@3] File [D:/miles/Documents/Unreal Projects/Gabbi_Capstone/MushMush/Saved/Config/Windows/Scalability.ini]
[2022.04.15-01.26.28:064][  0]LogConfig: Setting CVar [[r.TranslucencyLightingVolumeDim:64]]
[2022.04.15-01.26.28:064][  0]LogConfig: Setting CVar [[r.RefractionQuality:2]]
[2022.04.15-01.26.28:064][  0]LogConfig: Setting CVar [[r.SSR.Quality:3]]
[2022.04.15-01.26.28:064][  0]LogConfig: Setting CVar [[r.SSR.HalfResSceneColor:0]]
[2022.04.15-01.26.28:064][  0]LogConfig: Setting CVar [[r.SceneColorFormat:4]]
[2022.04.15-01.26.28:064][  0]LogConfig: Setting CVar [[r.DetailMode:2]]
[2022.04.15-01.26.28:064][  0]LogConfig: Setting CVar [[r.TranslucencyVolumeBlur:1]]
[2022.04.15-01.26.28:064][  0]LogConfig: Setting CVar [[r.MaterialQualityLevel:1 ; High quality]]
[2022.04.15-01.26.28:064][  0]LogConfig: Setting CVar [[r.AnisotropicMaterials:1]]
[2022.04.15-01.26.28:064][  0]LogConfig: Setting CVar [[r.SSS.Scale:1]]
[2022.04.15-01.26.28:064][  0]LogConfig: Setting CVar [[r.SSS.SampleSet:2]]
[2022.04.15-01.26.28:064][  0]LogConfig: Setting CVar [[r.SSS.Quality:1]]
[2022.04.15-01.26.28:065][  0]LogConfig: Setting CVar [[r.SSS.HalfRes:0]]
[2022.04.15-01.26.28:065][  0]LogConfig: Setting CVar [[r.SSGI.Quality:3]]
[2022.04.15-01.26.28:065][  0]LogConfig: Setting CVar [[r.EmitterSpawnRateScale:1.0]]
[2022.04.15-01.26.28:065][  0]LogConfig: Setting CVar [[r.ParticleLightQuality:2]]
[2022.04.15-01.26.28:065][  0]LogConfig: Setting CVar [[r.SkyAtmosphere.AerialPerspectiveLUT.FastApplyOnOpaque:1 ; Always have FastSkyLUT 1 in this case to avoid wrong sky]]
[2022.04.15-01.26.28:065][  0]LogConfig: Setting CVar [[r.SkyAtmosphere.AerialPerspectiveLUT.SampleCountMaxPerSlice:4]]
[2022.04.15-01.26.28:065][  0]LogConfig: Setting CVar [[r.SkyAtmosphere.AerialPerspectiveLUT.DepthResolution:16.0]]
[2022.04.15-01.26.28:065][  0]LogConfig: Setting CVar [[r.SkyAtmosphere.FastSkyLUT:1]]
[2022.04.15-01.26.28:065][  0]LogConfig: Setting CVar [[r.SkyAtmosphere.FastSkyLUT.SampleCountMin:4.0]]
[2022.04.15-01.26.28:065][  0]LogConfig: Setting CVar [[r.SkyAtmosphere.FastSkyLUT.SampleCountMax:128.0]]
[2022.04.15-01.26.28:065][  0]LogConfig: Setting CVar [[r.SkyAtmosphere.SampleCountMin:4.0]]
[2022.04.15-01.26.28:065][  0]LogConfig: Setting CVar [[r.SkyAtmosphere.SampleCountMax:128.0]]
[2022.04.15-01.26.28:065][  0]LogConfig: Setting CVar [[r.SkyAtmosphere.TransmittanceLUT.UseSmallFormat:0]]
[2022.04.15-01.26.28:065][  0]LogConfig: Setting CVar [[r.SkyAtmosphere.TransmittanceLUT.SampleCount:10.0]]
[2022.04.15-01.26.28:065][  0]LogConfig: Setting CVar [[r.SkyAtmosphere.MultiScatteringLUT.SampleCount:15.0]]
[2022.04.15-01.26.28:065][  0]LogConfig: Setting CVar [[r.SkyLight.RealTimeReflectionCapture:1]]
[2022.04.15-01.26.28:065][  0]LogConfig: Applying CVar settings from Section [FoliageQuality@3] File [D:/miles/Documents/Unreal Projects/Gabbi_Capstone/MushMush/Saved/Config/Windows/Scalability.ini]
[2022.04.15-01.26.28:065][  0]LogConfig: Setting CVar [[foliage.DensityScale:1.0]]
[2022.04.15-01.26.28:065][  0]LogConfig: Setting CVar [[grass.DensityScale:1.0]]
[2022.04.15-01.26.28:065][  0]LogConfig: Applying CVar settings from Section [ShadingQuality@3] File [D:/miles/Documents/Unreal Projects/Gabbi_Capstone/MushMush/Saved/Config/Windows/Scalability.ini]
[2022.04.15-01.26.28:065][  0]LogConfig: Setting CVar [[r.HairStrands.SkyLighting.IntegrationType:2]]
[2022.04.15-01.26.28:065][  0]LogConfig: Setting CVar [[r.HairStrands.SkyAO.SampleCount:4]]
[2022.04.15-01.26.28:065][  0]LogConfig: Setting CVar [[r.HairStrands.Visibility.MSAA.SamplePerPixel:4]]
[2022.04.15-01.26.28:065][  0]LogInit: Selected Device Profile: [Windows]
[2022.04.15-01.26.28:065][  0]LogInit: Applying CVar settings loaded from the selected device profile: [Windows]
[2022.04.15-01.26.28:065][  0]LogHAL: Display: Platform has ~ 24 GB [25734017024 / 34359738368 / 24], which maps to Larger [LargestMinGB=32, LargerMinGB=12, DefaultMinGB=8, SmallerMinGB=6, SmallestMinGB=0)
[2022.04.15-01.26.28:065][  0]LogInit: Going up to parent DeviceProfile []
[2022.04.15-01.26.28:065][  0]LogConfig: Applying CVar settings from Section [ViewDistanceQuality@3] File [D:/miles/Documents/Unreal Projects/Gabbi_Capstone/MushMush/Saved/Config/Windows/Scalability.ini]
[2022.04.15-01.26.28:065][  0]LogConfig: Setting CVar [[r.SkeletalMeshLODBias:0]]
[2022.04.15-01.26.28:065][  0]LogConfig: Setting CVar [[r.ViewDistanceScale:1.0]]
[2022.04.15-01.26.28:065][  0]LogConfig: Applying CVar settings from Section [AntiAliasingQuality@3] File [D:/miles/Documents/Unreal Projects/Gabbi_Capstone/MushMush/Saved/Config/Windows/Scalability.ini]
[2022.04.15-01.26.28:065][  0]LogConfig: Setting CVar [[r.PostProcessAAQuality:4]]
[2022.04.15-01.26.28:065][  0]LogConfig: Applying CVar settings from Section [ShadowQuality@3] File [D:/miles/Documents/Unreal Projects/Gabbi_Capstone/MushMush/Saved/Config/Windows/Scalability.ini]
[2022.04.15-01.26.28:066][  0]LogConfig: Setting CVar [[r.LightFunctionQuality:1]]
[2022.04.15-01.26.28:066][  0]LogConfig: Setting CVar [[r.ShadowQuality:5]]
[2022.04.15-01.26.28:066][  0]LogConfig: Setting CVar [[r.Shadow.CSM.MaxCascades:10]]
[2022.04.15-01.26.28:066][  0]LogConfig: Setting CVar [[r.Shadow.MaxResolution:2048]]
[2022.04.15-01.26.28:066][  0]LogConfig: Setting CVar [[r.Shadow.MaxCSMResolution:2048]]
[2022.04.15-01.26.28:066][  0]LogConfig: Setting CVar [[r.Shadow.RadiusThreshold:0.01]]
[2022.04.15-01.26.28:066][  0]LogConfig: Setting CVar [[r.Shadow.DistanceScale:1.0]]
[2022.04.15-01.26.28:066][  0]LogConfig: Setting CVar [[r.Shadow.CSM.TransitionScale:1.0]]
[2022.04.15-01.26.28:066][  0]LogConfig: Setting CVar [[r.Shadow.PreShadowResolutionFactor:1.0]]
[2022.04.15-01.26.28:066][  0]LogConfig: Setting CVar [[r.DistanceFieldShadowing:1]]
[2022.04.15-01.26.28:066][  0]LogConfig: Setting CVar [[r.DistanceFieldAO:1]]
[2022.04.15-01.26.28:066][  0]LogConfig: Setting CVar [[r.AOQuality:2]]
[2022.04.15-01.26.28:066][  0]LogConfig: Setting CVar [[r.VolumetricFog:1]]
[2022.04.15-01.26.28:066][  0]LogConfig: Setting CVar [[r.VolumetricFog.GridPixelSize:8]]
[2022.04.15-01.26.28:066][  0]LogConfig: Setting CVar [[r.VolumetricFog.GridSizeZ:128]]
[2022.04.15-01.26.28:066][  0]LogConfig: Setting CVar [[r.VolumetricFog.HistoryMissSupersampleCount:4]]
[2022.04.15-01.26.28:066][  0]LogConfig: Setting CVar [[r.LightMaxDrawDistanceScale:1]]
[2022.04.15-01.26.28:066][  0]LogConfig: Setting CVar [[r.CapsuleShadows:1]]
[2022.04.15-01.26.28:066][  0]LogConfig: Applying CVar settings from Section [PostProcessQuality@3] File [D:/miles/Documents/Unreal Projects/Gabbi_Capstone/MushMush/Saved/Config/Windows/Scalability.ini]
[2022.04.15-01.26.28:066][  0]LogConfig: Setting CVar [[r.MotionBlurQuality:4]]
[2022.04.15-01.26.28:066][  0]LogConfig: Setting CVar [[r.AmbientOcclusionMipLevelFactor:0.4]]
[2022.04.15-01.26.28:066][  0]LogConfig: Setting CVar [[r.AmbientOcclusionMaxQuality:100]]
[2022.04.15-01.26.28:066][  0]LogConfig: Setting CVar [[r.AmbientOcclusionLevels:-1]]
[2022.04.15-01.26.28:066][  0]LogConfig: Setting CVar [[r.AmbientOcclusionRadiusScale:1.0]]
[2022.04.15-01.26.28:066][  0]LogConfig: Setting CVar [[r.DepthOfFieldQuality:2]]
[2022.04.15-01.26.28:066][  0]LogConfig: Setting CVar [[r.RenderTargetPoolMin:400]]
[2022.04.15-01.26.28:066][  0]LogConfig: Setting CVar [[r.LensFlareQuality:2]]
[2022.04.15-01.26.28:066][  0]LogConfig: Setting CVar [[r.SceneColorFringeQuality:1]]
[2022.04.15-01.26.28:066][  0]LogConfig: Setting CVar [[r.EyeAdaptationQuality:2]]
[2022.04.15-01.26.28:066][  0]LogConfig: Setting CVar [[r.BloomQuality:5]]
[2022.04.15-01.26.28:066][  0]LogConfig: Setting CVar [[r.FastBlurThreshold:100]]
[2022.04.15-01.26.28:066][  0]LogConfig: Setting CVar [[r.Upscale.Quality:3]]
[2022.04.15-01.26.28:066][  0]LogConfig: Setting CVar [[r.Tonemapper.GrainQuantization:1]]
[2022.04.15-01.26.28:066][  0]LogConfig: Setting CVar [[r.LightShaftQuality:1]]
[2022.04.15-01.26.28:066][  0]LogConfig: Setting CVar [[r.Filter.SizeScale:1]]
[2022.04.15-01.26.28:066][  0]LogConfig: Setting CVar [[r.Tonemapper.Quality:5]]
[2022.04.15-01.26.28:066][  0]LogConfig: Setting CVar [[r.DOF.Gather.AccumulatorQuality:1        ; higher gathering accumulator quality]]
[2022.04.15-01.26.28:066][  0]LogConfig: Setting CVar [[r.DOF.Gather.PostfilterMethod:1          ; Median3x3 postfilering method]]
[2022.04.15-01.26.28:067][  0]LogConfig: Setting CVar [[r.DOF.Gather.EnableBokehSettings:0       ; no bokeh simulation when gathering]]
[2022.04.15-01.26.28:067][  0]LogConfig: Setting CVar [[r.DOF.Gather.RingCount:4                 ; medium number of samples when gathering]]
[2022.04.15-01.26.28:067][  0]LogConfig: Setting CVar [[r.DOF.Scatter.ForegroundCompositing:1    ; additive foreground scattering]]
[2022.04.15-01.26.28:067][  0]LogConfig: Setting CVar [[r.DOF.Scatter.BackgroundCompositing:2    ; additive background scattering]]
[2022.04.15-01.26.28:067][  0]LogConfig: Setting CVar [[r.DOF.Scatter.EnableBokehSettings:1      ; bokeh simulation when scattering]]
[2022.04.15-01.26.28:067][  0]LogConfig: Setting CVar [[r.DOF.Scatter.MaxSpriteRatio:0.1         ; only a maximum of 10% of scattered bokeh]]
[2022.04.15-01.26.28:067][  0]LogConfig: Setting CVar [[r.DOF.Recombine.Quality:1                ; cheap slight out of focus]]
[2022.04.15-01.26.28:067][  0]LogConfig: Setting CVar [[r.DOF.Recombine.EnableBokehSettings:0    ; no bokeh simulation on slight out of focus]]
[2022.04.15-01.26.28:067][  0]LogConfig: Setting CVar [[r.DOF.TemporalAAQuality:1                ; more stable temporal accumulation]]
[2022.04.15-01.26.28:067][  0]LogConfig: Setting CVar [[r.DOF.Kernel.MaxForegroundRadius:0.025]]
[2022.04.15-01.26.28:067][  0]LogConfig: Setting CVar [[r.DOF.Kernel.MaxBackgroundRadius:0.025]]
[2022.04.15-01.26.28:067][  0]LogConfig: Applying CVar settings from Section [TextureQuality@3] File [D:/miles/Documents/Unreal Projects/Gabbi_Capstone/MushMush/Saved/Config/Windows/Scalability.ini]
[2022.04.15-01.26.28:067][  0]LogConfig: Setting CVar [[r.Streaming.MipBias:0]]
[2022.04.15-01.26.28:067][  0]LogConfig: Setting CVar [[r.Streaming.AmortizeCPUToGPUCopy:0]]
[2022.04.15-01.26.28:067][  0]LogConfig: Setting CVar [[r.Streaming.MaxNumTexturesToStreamPerFrame:0]]
[2022.04.15-01.26.28:067][  0]LogConfig: Setting CVar [[r.Streaming.Boost:1]]
[2022.04.15-01.26.28:067][  0]LogConfig: Setting CVar [[r.MaxAnisotropy:8]]
[2022.04.15-01.26.28:067][  0]LogConfig: Setting CVar [[r.VT.MaxAnisotropy:8]]
[2022.04.15-01.26.28:067][  0]LogConfig: Setting CVar [[r.Streaming.LimitPoolSizeToVRAM:0]]
[2022.04.15-01.26.28:067][  0]LogConfig: Setting CVar [[r.Streaming.PoolSize:1000]]
[2022.04.15-01.26.28:067][  0]LogConfig: Setting CVar [[r.Streaming.MaxEffectiveScreenSize:0]]
[2022.04.15-01.26.28:067][  0]LogConfig: Applying CVar settings from Section [EffectsQuality@3] File [D:/miles/Documents/Unreal Projects/Gabbi_Capstone/MushMush/Saved/Config/Windows/Scalability.ini]
[2022.04.15-01.26.28:067][  0]LogConfig: Setting CVar [[r.TranslucencyLightingVolumeDim:64]]
[2022.04.15-01.26.28:067][  0]LogConfig: Setting CVar [[r.RefractionQuality:2]]
[2022.04.15-01.26.28:067][  0]LogConfig: Setting CVar [[r.SSR.Quality:3]]
[2022.04.15-01.26.28:067][  0]LogConfig: Setting CVar [[r.SSR.HalfResSceneColor:0]]
[2022.04.15-01.26.28:067][  0]LogConfig: Setting CVar [[r.SceneColorFormat:4]]
[2022.04.15-01.26.28:067][  0]LogConfig: Setting CVar [[r.DetailMode:2]]
[2022.04.15-01.26.28:067][  0]LogConfig: Setting CVar [[r.TranslucencyVolumeBlur:1]]
[2022.04.15-01.26.28:067][  0]LogConfig: Setting CVar [[r.MaterialQualityLevel:1 ; High quality]]
[2022.04.15-01.26.28:067][  0]LogConfig: Setting CVar [[r.AnisotropicMaterials:1]]
[2022.04.15-01.26.28:067][  0]LogConfig: Setting CVar [[r.SSS.Scale:1]]
[2022.04.15-01.26.28:067][  0]LogConfig: Setting CVar [[r.SSS.SampleSet:2]]
[2022.04.15-01.26.28:067][  0]LogConfig: Setting CVar [[r.SSS.Quality:1]]
[2022.04.15-01.26.28:067][  0]LogConfig: Setting CVar [[r.SSS.HalfRes:0]]
[2022.04.15-01.26.28:067][  0]LogConfig: Setting CVar [[r.SSGI.Quality:3]]
[2022.04.15-01.26.28:067][  0]LogConfig: Setting CVar [[r.EmitterSpawnRateScale:1.0]]
[2022.04.15-01.26.28:067][  0]LogConfig: Setting CVar [[r.ParticleLightQuality:2]]
[2022.04.15-01.26.28:067][  0]LogConfig: Setting CVar [[r.SkyAtmosphere.AerialPerspectiveLUT.FastApplyOnOpaque:1 ; Always have FastSkyLUT 1 in this case to avoid wrong sky]]
[2022.04.15-01.26.28:067][  0]LogConfig: Setting CVar [[r.SkyAtmosphere.AerialPerspectiveLUT.SampleCountMaxPerSlice:4]]
[2022.04.15-01.26.28:067][  0]LogConfig: Setting CVar [[r.SkyAtmosphere.AerialPerspectiveLUT.DepthResolution:16.0]]
[2022.04.15-01.26.28:067][  0]LogConfig: Setting CVar [[r.SkyAtmosphere.FastSkyLUT:1]]
[2022.04.15-01.26.28:067][  0]LogConfig: Setting CVar [[r.SkyAtmosphere.FastSkyLUT.SampleCountMin:4.0]]
[2022.04.15-01.26.28:068][  0]LogConfig: Setting CVar [[r.SkyAtmosphere.FastSkyLUT.SampleCountMax:128.0]]
[2022.04.15-01.26.28:068][  0]LogConfig: Setting CVar [[r.SkyAtmosphere.SampleCountMin:4.0]]
[2022.04.15-01.26.28:068][  0]LogConfig: Setting CVar [[r.SkyAtmosphere.SampleCountMax:128.0]]
[2022.04.15-01.26.28:068][  0]LogConfig: Setting CVar [[r.SkyAtmosphere.TransmittanceLUT.UseSmallFormat:0]]
[2022.04.15-01.26.28:068][  0]LogConfig: Setting CVar [[r.SkyAtmosphere.TransmittanceLUT.SampleCount:10.0]]
[2022.04.15-01.26.28:068][  0]LogConfig: Setting CVar [[r.SkyAtmosphere.MultiScatteringLUT.SampleCount:15.0]]
[2022.04.15-01.26.28:068][  0]LogConfig: Setting CVar [[r.SkyLight.RealTimeReflectionCapture:1]]
[2022.04.15-01.26.28:068][  0]LogConfig: Applying CVar settings from Section [FoliageQuality@3] File [D:/miles/Documents/Unreal Projects/Gabbi_Capstone/MushMush/Saved/Config/Windows/Scalability.ini]
[2022.04.15-01.26.28:068][  0]LogConfig: Setting CVar [[foliage.DensityScale:1.0]]
[2022.04.15-01.26.28:068][  0]LogConfig: Setting CVar [[grass.DensityScale:1.0]]
[2022.04.15-01.26.28:068][  0]LogConfig: Applying CVar settings from Section [ShadingQuality@3] File [D:/miles/Documents/Unreal Projects/Gabbi_Capstone/MushMush/Saved/Config/Windows/Scalability.ini]
[2022.04.15-01.26.28:068][  0]LogConfig: Setting CVar [[r.HairStrands.SkyLighting.IntegrationType:2]]
[2022.04.15-01.26.28:068][  0]LogConfig: Setting CVar [[r.HairStrands.SkyAO.SampleCount:4]]
[2022.04.15-01.26.28:068][  0]LogConfig: Setting CVar [[r.HairStrands.Visibility.MSAA.SamplePerPixel:4]]
[2022.04.15-01.26.28:068][  0]LogConfig: Applying CVar settings from Section [Startup] File [../../../Engine/Config/ConsoleVariables.ini]
[2022.04.15-01.26.28:069][  0]LogConfig: Setting CVar [[net.UseAdaptiveNetUpdateFrequency:0]]
[2022.04.15-01.26.28:069][  0]LogConfig: Setting CVar [[p.chaos.AllowCreatePhysxBodies:1]]
[2022.04.15-01.26.28:069][  0]LogConfig: Setting CVar [[fx.SkipVectorVMBackendOptimizations:1]]
[2022.04.15-01.26.28:069][  0]LogConfig: Applying CVar settings from Section [ConsoleVariables] File [D:/miles/Documents/Unreal Projects/Gabbi_Capstone/MushMush/Saved/Config/Windows/Engine.ini]
[2022.04.15-01.26.28:069][  0]LogConfig: Applying CVar settings from Section [ConsoleVariables] File [D:/miles/Documents/Unreal Projects/Gabbi_Capstone/MushMush/Saved/Config/Windows/Editor.ini]
[2022.04.15-01.26.28:069][  0]LogInit: Computer: DESKTOP-RGV4STL
[2022.04.15-01.26.28:069][  0]LogInit: User: miles
[2022.04.15-01.26.28:069][  0]LogInit: CPU Page size=4096, Cores=4
[2022.04.15-01.26.28:069][  0]LogInit: High frequency timer resolution =10.000000 MHz
[2022.04.15-01.26.28:069][  0]LogMemory: Memory total: Physical=24.0GB (24GB approx)
[2022.04.15-01.26.28:069][  0]LogMemory: Platform Memory Stats for Windows
[2022.04.15-01.26.28:069][  0]LogMemory: Process Physical Memory: 139.82 MB used, 139.82 MB peak
[2022.04.15-01.26.28:069][  0]LogMemory: Process Virtual Memory: 111.29 MB used, 111.29 MB peak
[2022.04.15-01.26.28:069][  0]LogMemory: Physical Memory: 10454.52 MB used,  14087.35 MB free, 24541.87 MB total
[2022.04.15-01.26.28:069][  0]LogMemory: Virtual Memory: 134204352.00 MB used,  13373.90 MB free, 134217728.00 MB total
[2022.04.15-01.26.28:078][  0]LogWindows: WindowsPlatformFeatures enabled
[2022.04.15-01.26.28:119][  0]LogInit: Physics initialised using underlying interface: PhysX
[2022.04.15-01.26.28:119][  0]LogInit: Using OS detected language (en-US).
[2022.04.15-01.26.28:119][  0]LogInit: Using OS detected locale (en-US).
[2022.04.15-01.26.28:133][  0]LogTextLocalizationManager: No specific localization for 'en-US' exists, so the 'en' localization will be used.
[2022.04.15-01.26.28:610][  0]LogWindowsTextInputMethodSystem: Display: IME system deactivated.
[2022.04.15-01.26.28:671][  0]LogSlate: New Slate User Created.  User Index 0, Is Virtual User: 0
[2022.04.15-01.26.28:671][  0]LogSlate: Slate User Registered.  User Index 0, Is Virtual User: 0
[2022.04.15-01.26.28:715][  0]LogD3D11RHI: Loaded GFSDK_Aftermath_Lib.x64.dll
[2022.04.15-01.26.28:719][  0]LogHMD: Failed to initialize OpenVR with code 110
[2022.04.15-01.26.28:719][  0]LogD3D11RHI: D3D11 min allowed feature level: 11_0
[2022.04.15-01.26.28:719][  0]LogD3D11RHI: D3D11 max allowed feature level: 11_0
[2022.04.15-01.26.28:720][  0]LogD3D11RHI: D3D11 adapters:
[2022.04.15-01.26.28:923][  0]LogD3D11RHI:    0. 'NVIDIA GeForce GTX 1060 3GB' (Feature Level 11_0)
[2022.04.15-01.26.28:923][  0]LogD3D11RHI:       2988/0/12270 MB DedicatedVideo/DedicatedSystem/SharedSystem, Outputs:2, VendorId:0x10de
[2022.04.15-01.26.28:928][  0]LogD3D11RHI:    1. 'Microsoft Basic Render Driver' (Feature Level 11_0)
[2022.04.15-01.26.28:928][  0]LogD3D11RHI:       0/0/12270 MB DedicatedVideo/DedicatedSystem/SharedSystem, Outputs:0, VendorId:0x1414
[2022.04.15-01.26.28:928][  0]LogD3D11RHI: Chosen D3D11 Adapter:
[2022.04.15-01.26.28:928][  0]LogD3D11RHI:     Description : NVIDIA GeForce GTX 1060 3GB
[2022.04.15-01.26.28:928][  0]LogD3D11RHI:     VendorId    : 10de
[2022.04.15-01.26.28:928][  0]LogD3D11RHI:     DeviceId    : 1c02
[2022.04.15-01.26.28:928][  0]LogD3D11RHI:     SubSysId    : 0000
[2022.04.15-01.26.28:928][  0]LogD3D11RHI:     Revision    : 00a1
[2022.04.15-01.26.28:928][  0]LogD3D11RHI:     DedicatedVideoMemory : 3133145088 bytes
[2022.04.15-01.26.28:928][  0]LogD3D11RHI:     DedicatedSystemMemory : 0 bytes
[2022.04.15-01.26.28:928][  0]LogD3D11RHI:     SharedSystemMemory : 12867008512 bytes
[2022.04.15-01.26.28:928][  0]LogD3D11RHI:     AdapterLuid : 0 34439
[2022.04.15-01.26.28:940][  0]LogD3D11RHI: Creating new Direct3DDevice
[2022.04.15-01.26.28:940][  0]LogD3D11RHI:     GPU DeviceId: 0x1c02 (for the marketing name, search the web for "GPU Device Id")
[2022.04.15-01.26.28:940][  0]LogWindows: EnumDisplayDevices:
[2022.04.15-01.26.28:940][  0]LogWindows:    0. 'NVIDIA GeForce GTX 1060 3GB' (P:1 D:1)
[2022.04.15-01.26.28:940][  0]LogWindows:    1. 'NVIDIA GeForce GTX 1060 3GB' (P:0 D:1)
[2022.04.15-01.26.28:941][  0]LogWindows:    2. 'NVIDIA GeForce GTX 1060 3GB' (P:0 D:0)
[2022.04.15-01.26.28:941][  0]LogWindows:    3. 'NVIDIA GeForce GTX 1060 3GB' (P:0 D:0)
[2022.04.15-01.26.28:942][  0]LogWindows: DebugString: FoundDriverCount:4 
[2022.04.15-01.26.28:942][  0]LogD3D11RHI:     Adapter Name: NVIDIA GeForce GTX 1060 3GB
[2022.04.15-01.26.28:942][  0]LogD3D11RHI:   Driver Version: 512.15 (internal:30.0.15.1215, unified:512.15)
[2022.04.15-01.26.28:942][  0]LogD3D11RHI:      Driver Date: 3-17-2022
[2022.04.15-01.26.28:942][  0]LogRHI: Texture pool is 2091 MB (70% of 2988 MB)
[2022.04.15-01.26.28:942][  0]LogD3D11RHI: Creating D3DDevice using adapter:
[2022.04.15-01.26.28:942][  0]LogD3D11RHI:     Description : NVIDIA GeForce GTX 1060 3GB
[2022.04.15-01.26.28:942][  0]LogD3D11RHI:     VendorId    : 10de
[2022.04.15-01.26.28:942][  0]LogD3D11RHI:     DeviceId    : 1c02
[2022.04.15-01.26.28:942][  0]LogD3D11RHI:     SubSysId    : 0000
[2022.04.15-01.26.28:942][  0]LogD3D11RHI:     Revision    : 00a1
[2022.04.15-01.26.28:942][  0]LogD3D11RHI:     DedicatedVideoMemory : 3133145088 bytes
[2022.04.15-01.26.28:942][  0]LogD3D11RHI:     DedicatedSystemMemory : 0 bytes
[2022.04.15-01.26.28:942][  0]LogD3D11RHI:     SharedSystemMemory : 12867008512 bytes
[2022.04.15-01.26.28:942][  0]LogD3D11RHI:     AdapterLuid : 0 34439
[2022.04.15-01.26.29:054][  0]LogD3D11RHI: RHI has support for 64 bit atomics
[2022.04.15-01.26.29:054][  0]LogD3D11RHI: Async texture creation enabled
[2022.04.15-01.26.29:054][  0]LogD3D11RHI: Array index from any shader is supported
[2022.04.15-01.26.29:107][  0]LogD3D11RHI: GPU Timing Frequency: 1000.000000 (Debug: 2 1)
[2022.04.15-01.26.29:172][  0]LogRHI: GeForceNow SDK initialized: 1
[2022.04.15-01.26.29:654][  0]LogTargetPlatformManager: Display: Loaded TargetPlatform 'WindowsNoEditor'
[2022.04.15-01.26.29:663][  0]LogTargetPlatformManager: Display: Loaded TargetPlatform 'Windows'
[2022.04.15-01.26.29:670][  0]LogTargetPlatformManager: Display: Loaded TargetPlatform 'WindowsClient'
[2022.04.15-01.26.29:678][  0]LogTargetPlatformManager: Display: Loaded TargetPlatform 'WindowsServer'
[2022.04.15-01.26.29:678][  0]LogTargetPlatformManager: Display: Building Assets For Windows
[2022.04.15-01.26.29:690][  0]LogAudioDebug: Display: Lib vorbis DLL was dynamically loaded.
[2022.04.15-01.26.29:742][  0]LogTextureFormatOodle: Display: Oodle Texture 2.9.0 init RDO Off
[2022.04.15-01.26.29:789][  0]LogRendererCore: Ray tracing is disabled. Reason: r.RayTracing=0.
[2022.04.15-01.26.29:790][  0]LogShaderCompilers: Guid format shader working directory is -12 characters bigger than the processId version (D:/miles/Documents/Unreal Projects/Gabbi_Capstone/MushMush/Intermediate/Shaders/WorkingDirectory/2836/).
[2022.04.15-01.26.29:790][  0]LogShaderCompilers: Cleaned the shader compiler working directory 'C:/Users/miles/AppData/Local/Temp/UnrealShaderWorkingDir/D36DF06B44E37D2B81F28CB33673DAD3/'.
[2022.04.15-01.26.29:790][  0]LogXGEController: Cannot use XGE Controller as Incredibuild is not installed on this machine.
[2022.04.15-01.26.29:790][  0]LogShaderCompilers: Cannot use XGE Shader Compiler as Incredibuild is not installed on this machine.
[2022.04.15-01.26.29:790][  0]LogShaderCompilers: Display: Using Local Shader Compiler.
[2022.04.15-01.26.31:367][  0]LogDerivedDataCache: Display: Max Cache Size: 512 MB
[2022.04.15-01.26.31:480][  0]LogDerivedDataCache: Loaded boot cache 0.11s 96MB C:/Users/miles/AppData/Local/UnrealEngine/4.27/DerivedDataCache/Boot.ddc.
[2022.04.15-01.26.31:480][  0]LogDerivedDataCache: Display: Loaded Boot cache: C:/Users/miles/AppData/Local/UnrealEngine/4.27/DerivedDataCache/Boot.ddc
[2022.04.15-01.26.31:480][  0]LogDerivedDataCache: FDerivedDataBackendGraph:  Pak pak cache file D:/miles/Documents/Unreal Projects/Gabbi_Capstone/MushMush/DerivedDataCache/DDC.ddp not found, will not use a pak cache.
[2022.04.15-01.26.31:480][  0]LogDerivedDataCache: Unable to find inner node Pak for hierarchical cache Hierarchy.
[2022.04.15-01.26.31:481][  0]LogDerivedDataCache: FDerivedDataBackendGraph:  CompressedPak pak cache file D:/miles/Documents/Unreal Projects/Gabbi_Capstone/MushMush/DerivedDataCache/Compressed.ddp not found, will not use a pak cache.
[2022.04.15-01.26.31:481][  0]LogDerivedDataCache: Unable to find inner node CompressedPak for hierarchical cache Hierarchy.
[2022.04.15-01.26.31:507][  0]LogDerivedDataCache: Display: Pak cache opened for reading ../../../Engine/DerivedDataCache/Compressed.ddp.
[2022.04.15-01.26.31:507][  0]LogDerivedDataCache: FDerivedDataBackendGraph:  EnterprisePak pak cache file ../../../Enterprise/DerivedDataCache/Compressed.ddp not found, will not use a pak cache.
[2022.04.15-01.26.31:507][  0]LogDerivedDataCache: Unable to find inner node EnterprisePak for hierarchical cache Hierarchy.
[2022.04.15-01.26.31:530][  0]LogDerivedDataCache: Speed tests for C:/Users/miles/AppData/Local/UnrealEngine/Common/DerivedDataCache took 0.02 seconds
[2022.04.15-01.26.31:530][  0]LogDerivedDataCache: Display: Performance to C:/Users/miles/AppData/Local/UnrealEngine/Common/DerivedDataCache: Latency=0.08ms. RandomReadSpeed=154.38MBs, RandomWriteSpeed=60.59MBs. Assigned SpeedClass 'Local'
[2022.04.15-01.26.31:531][  0]LogDerivedDataCache: Using Local data cache path C:/Users/miles/AppData/Local/UnrealEngine/Common/DerivedDataCache: Writable
[2022.04.15-01.26.31:531][  0]LogDerivedDataCache: Shared data cache path not found in *engine.ini, will not use an Shared cache.
[2022.04.15-01.26.31:531][  0]LogDerivedDataCache: Unable to find inner node Shared for hierarchical cache Hierarchy.
[2022.04.15-01.26.31:599][  0]LogSlate: Using FreeType 2.10.0
[2022.04.15-01.26.31:600][  0]LogSlate: SlateFontServices - WITH_FREETYPE: 1, WITH_HARFBUZZ: 1
[2022.04.15-01.26.31:740][  0]LogInit: Using OS detected language (en-US).
[2022.04.15-01.26.31:740][  0]LogInit: Using OS detected locale (en-US).
[2022.04.15-01.26.31:740][  0]LogTextLocalizationManager: No localization for 'en-US' exists, so 'en' will be used for the language.
[2022.04.15-01.26.31:740][  0]LogTextLocalizationManager: No localization for 'en-US' exists, so 'en' will be used for the locale.
[2022.04.15-01.26.31:740][  0]LogSlate: FontCache flush requested. Reason: Culture for localization was changed
[2022.04.15-01.26.31:740][  0]LogSlate: FontCache flush requested. Reason: Culture for localization was changed
[2022.04.15-01.26.31:745][  0]LogTextLocalizationManager: Compacting localization data took   0.01ms
[2022.04.15-01.26.31:745][  0]LogAssetRegistry: FAssetRegistry took 0.0034 seconds to start up
[2022.04.15-01.26.32:041][  0]LogPackageLocalizationCache: Processed 27 localized package path(s) for 1 prioritized culture(s) in 0.001978 seconds
[2022.04.15-01.26.32:154][  0]LogInit: Selected Device Profile: [Windows]
[2022.04.15-01.26.32:154][  0]LogInit: Active device profile: [0000018991972E00][00000189883D9180 49] Windows
[2022.04.15-01.26.32:154][  0]LogInit: Profiles: [0000018991972E00][00000189883D9180 49] Windows, [0000018991979400][00000189883E1300 49] WindowsNoEditor, [0000018991971400][00000189883E5480 49] WindowsServer, [000001899197A400][00000189883DD5C0 49] WindowsClient, [0000018991972300][0000018988AF1700 49] IOS, [000001899197BC00][0000018988AF5840 49] iPadAir, [0000018991972B00][0000018988AFD9C0 49] iPadAir2, [000001899191EB00][0000018988B04100 49] IPadPro, [000001899191EC00][0000018988B00140 49] iPadAir3, [0000018991973600][0000018988B082C0 49] iPadAir4, [000001899191F500][0000018988B0C440 49] iPadMini2, [0000018991971800][0000018988B105C0 49] iPadMini3, [000001899191CE00][0000018988B14740 49] iPadMini4, [0000018991972200][0000018988B188C0 49] iPadMini5, [000001899195E400][0000018988B20B80 49] iPhone6, [000001899195E500][0000018988B1CBC0 49] iPodTouch6, [000001899191D000][0000018988B28E80 49] iPhone7, [000001899191DE00][0000018988B24EC0 49] iPodTouch7, [000001899195ED00][0000018988B2D040 49] iPhone5S, [000001899191C900][0000018988B311C0 49] iPhone6Plus, [000001899195CE00][0000018988B35340 49] iPhone6S, [000001899191DB00][0000018988B394C0 49] iPhone6SPlus, [000001899195F800][0000018988B3D640 49] iPhone7Plus, [000001899191C100][0000018988AF9780 49] iPhoneSE, [000001899195F000][0000018988B418C0 49] iPhone8, [000001899191E300][0000018988B45A00 49] iPhone8Plus, [000001899195FF00][0000018988B49B40 49] iPhoneX, [000001899191C700][0000018988B50140 49] iPhoneXS, [000001899195D800][0000018988B542C0 49] iPhoneXSMax, [000001899191EE00][0000018988B58440 49] iPhoneXR, [000001899195C200][0000018988B5C5C0 49] iPhone11, [000001899191DC00][0000018988B60740 49] iPhone11Pro, [000001899195D600][0000018988B648C0 49] iPhone11ProMax, [000001899191ED00][0000018988B68A40 49] iPhoneSE2, [000001899195C100][0000018988B6CBC0 49] iPhone12Mini, [000001899191F000][0000018988B70D40 49] iPhone12, [000001899195E300][0000018988B74EC0 49] iPhone12Pro, [000001899191E700][0000018988B79040 49] iPhone12ProMax, [000001899195EB00][0000018988B7D1C0 49] iPadPro105, [000001899191EA00][000001899144F340 49] iPadPro129, [000001899195DC00][00000189914534C0 49] iPadPro97, [000001899191D400][0000018991457640 49] iPadPro2_129, [000001899195DD00][000001899145B7C0 49] iPad5, [000001899191F200][0000018988B4D900 49] iPad6, [000001899195E600][000001899145FA40 49] iPad7, [000001899191C200][0000018991463B80 49] iPad8, [000001899195FC00][0000018991466140 49] iPadPro11, [000001899191FC00][000001899146E2C0 49] iPadPro2_11, [000001899195E700][0000018991472440 49] iPadPro3_129, [000001899191FB00][00000189914765C0 49] iPadPro4_129, [000001899195F600][000001899147A740 49] AppleTV, [000001899191D900][000001899147E8C0 49] AppleTV4K, [0000018991979600][0000018991482A40 49] TVOS, [0000018991A08B00][0000018991486BC0 49] Mac, [000001899197AD00][000001899148AD40 49] MacClient, [0000018991A08C00][000001899148EEC0 49] MacNoEditor, [0000018991978B00][0000018991493040 49] MacServer, [0000018991A09A00][00000189914971C0 49] Linux, [000001899197AF00][000001899149B340 49] LinuxAArch64, [0000018991A08200][000001899149F4C0 49] LinuxNoEditor, [000001899197B000][00000189914A3640 49] LinuxAArch64NoEditor, [0000018991A09400][00000189914A77C0 49] LinuxClient, [0000018991978C00][00000189914AB940 49] LinuxAArch64Client, [0000018991A09B00][00000189914AFAC0 49] LinuxServer, [0000018991979A00][000001899146BC00 49] LinuxAArch64Server, [0000018991A09F00][00000189914B21C0 49] Android, [0000018991978800][00000189914B6300 49] Android_Low, [0000018991A09700][00000189914BE480 49] Android_Mid, [000001899197A200][00000189914C2600 49] Android_High, [0000018991A0A200][00000189914C6780 49] Android_Default, [000001899191E400][00000189914CA900 49] Android_Adreno4xx, [000001899195D000][00000189914CEA80 49] Android_Adreno5xx_Low, [000001899191F300][00000189914D2C00 49] Android_Adreno5xx, [000001899195D400][00000189914D6D80 49] Android_Adreno6xx, [000001899191C400][00000189914DAF00 49] Android_Adreno6xx_Vulkan, [000001899195DF00][00000189914DF080 49] Android_Mali_T6xx, [000001899191CF00][00000189914E3200 49] Android_Mali_T7xx, [000001899195C300][00000189914E7380 49] Android_Mali_T8xx, [000001899191DF00][00000189914EB500 49] Android_Mali_G71, [000001899195C500][00000189914EF680 49] Android_Mali_G72, [000001899191C800][00000189914F3800 49] Android_Mali_G72_Vulkan, [000001899195CD00][00000189914F7980 49] Android_Mali_G76, [0000018991A08A00][00000189914FBB00 49] Android_Mali_G76_Vulkan, [000001899195F700][00000189914FE100 49] Android_Mali_G77, [0000018991A09600][00000189914BA240 49] Android_Mali_G77_Vulkan, [000001899195E900][0000018991502380 49] Android_Mali_G78, [0000018991A08D00][00000189915064C0 49] Android_Mali_G78_Vulkan, [000001899195CC00][000001899150E640 49] Android_Mali_G710, [0000018991A09900][00000189915127C0 49] Android_Mali_G710_Vulkan, [000001899195D100][0000018991516940 49] Android_Vulkan_SM5, [0000018991A0A100][000001899151AAC0 49] Android_PowerVR_G6xxx, [000001899195FE00][000001899151EC40 49] Android_PowerVR_GT7xxx, [000001899191DD00][0000018991522DC0 49] Android_PowerVR_GE8xxx, [000001899195E000][0000018991526F40 49] Android_PowerVR_GM9xxx, [000001899191D300][000001899152B0C0 49] Android_PowerVR_GM9xxx_Vulkan, [000001899195C700][000001899152F240 49] Android_TegraK1, [000001899191DA00][00000189915333C0 49] Android_Unknown_Vulkan, [000001899195F200][0000018991537540 49] Lumin, [000001899191E600][000001899153B6C0 49] Lumin_Desktop, [000001899195F400][000001899153F840 49] HoloLens, 
[2022.04.15-01.26.32:220][  0]LogMeshReduction: Using QuadricMeshReduction for automatic static mesh reduction
[2022.04.15-01.26.32:220][  0]LogMeshReduction: Using SimplygonMeshReduction for automatic skeletal mesh reduction
[2022.04.15-01.26.32:220][  0]LogMeshReduction: Using ProxyLODMeshReduction for automatic mesh merging
[2022.04.15-01.26.32:220][  0]LogMeshReduction: No distributed automatic mesh merging module available
[2022.04.15-01.26.32:220][  0]LogMeshMerging: No distributed automatic mesh merging module available
[2022.04.15-01.26.32:418][  0]LogNetVersion: MushMush 1.0.0, NetCL: 17155196, EngineNetVer: 17, GameNetVer: 0 (Checksum: 1127309942)
[2022.04.15-01.26.32:821][  0]LogTexture: Default maximum texture size for cubemaps generated from long-lat sources has been changed from 512 to unlimited. In order to preserve old behaiour for '/Engine/MapTemplates/Sky/DaylightAmbientCubemap.DaylightAmbientCubemap', its maximum texture size has been explicitly set to 512.
[2022.04.15-01.26.32:916][  0]LogHMD: PokeAHoleMaterial loaded successfully
[2022.04.15-01.26.33:088][  0]LogMoviePlayer: Initializing movie player
[2022.04.15-01.26.33:235][  0]LogNiagaraDebuggerClient: Niagara Debugger Client Initialized | Session: 508C870243FF44F65A7C2699084F783E | Instance: 3B8A77F44C7D305B6AE8C8B8CFD75A12 (DESKTOP-RGV4STL-2836).
[2022.04.15-01.26.33:269][  0]LogCollectionManager: Loaded 0 collections in 0.003106 seconds
[2022.04.15-01.26.33:273][  0]LogFileCache: Scanning file cache for directory 'D:/miles/Documents/Unreal Projects/Gabbi_Capstone/MushMush/Saved/Collections/' took 0.00s
[2022.04.15-01.26.33:273][  0]LogFileCache: Scanning file cache for directory 'D:/miles/Documents/Unreal Projects/Gabbi_Capstone/MushMush/Content/Developers/miles/Collections/' took 0.00s
[2022.04.15-01.26.33:274][  0]LogCollectionManager: Fixed up redirectors for 0 collections in 0.000003 seconds (updated 0 objects)
[2022.04.15-01.26.33:307][  0]LogFileCache: Scanning file cache for directory 'D:/miles/Documents/Unreal Projects/Gabbi_Capstone/MushMush/Content/Collections/' took 0.00s
[2022.04.15-01.26.33:307][  0]LogPython: Using Python 3.7.7
[2022.04.15-01.26.34:285][  0]LogTcpMessaging: Initializing TcpMessaging bridge
[2022.04.15-01.26.34:291][  0]LogUdpMessaging: Initializing bridge on interface 0.0.0.0:0 to multicast group 230.0.0.1:6666.
[2022.04.15-01.26.34:449][  0]SourceControl: Source control is disabled
[2022.04.15-01.26.34:449][  0]SourceControl: Source control is disabled
[2022.04.15-01.26.34:452][  0]SourceControl: Source control is disabled
[2022.04.15-01.26.34:461][  0]LogUProjectInfo: Found projects:
[2022.04.15-01.26.34:470][  0]LogVSAccessor: Display: Unable to create Visual Studio setup instance: 80040154
[2022.04.15-01.26.34:471][  0]LogVSAccessor: Display: Unable to create Visual Studio setup instance: 80040154
[2022.04.15-01.26.34:472][  0]LogVSAccessor: Display: Unable to create Visual Studio setup instance: 80040154
[2022.04.15-01.26.34:558][  0]LogOpenImageDenoise: OIDN starting up
[2022.04.15-01.26.34:641][  0]LogAndroidPermission: UAndroidPermissionCallbackProxy::GetInstance
[2022.04.15-01.26.34:675][  0]LogAudioCaptureCore: Display: No Audio Capture implementations found. Audio input will be silent.
[2022.04.15-01.26.34:676][  0]LogAudioCaptureCore: Display: No Audio Capture implementations found. Audio input will be silent.
[2022.04.15-01.26.34:787][  0]LogOcInput: OculusInput pre-init called
[2022.04.15-01.26.34:801][  0]LogUObjectArray: 22125 objects as part of root set at end of initial load.
[2022.04.15-01.26.34:801][  0]LogUObjectAllocator: 5977472 out of 0 bytes used by permanent object pool.
[2022.04.15-01.26.34:801][  0]LogUObjectArray: CloseDisregardForGC: 0/0 objects in disregard for GC pool
[2022.04.15-01.26.34:877][  0]LogEngine: Initializing Engine...
[2022.04.15-01.26.34:880][  0]LogHMD: Failed to enumerate extensions. Please check that you have a valid OpenXR runtime installed.
[2022.04.15-01.26.34:881][  0]LogHMD: Failed to initialize OpenVR with code 110
[2022.04.15-01.26.34:881][  0]LogMagicLeap: Warning: VR disabled because ZI is not enabled.  To enable, in the editor, Edit -> Project Settings -> Plugins -> Magic Leap Plugin -> Enable Zero Iteration
[2022.04.15-01.26.34:883][  0]LogStats: UGameplayTagsManager::InitializeManager -  0.000 s
[2022.04.15-01.26.35:048][  0]LogInit: Initializing FReadOnlyCVARCache
[2022.04.15-01.26.35:048][  0]LogAudio: Display: Initializing Audio Device Manager...
[2022.04.15-01.26.35:053][  0]LogAudio: Display: Loading Default Audio Settings Objects...
[2022.04.15-01.26.35:054][  0]LogAudio: Display: No default SoundConcurrencyObject specified (or failed to load).
[2022.04.15-01.26.35:055][  0]LogAudio: Display: Audio Device Manager Initialized
[2022.04.15-01.26.35:055][  0]LogAudio: Display: Creating Audio Device:                 Id: 1, Scope: Shared, Realtime: True
[2022.04.15-01.26.35:055][  0]LogAudioMixer: Display: Audio Mixer Platform Settings:
[2022.04.15-01.26.35:055][  0]LogAudioMixer: Display: 	Sample Rate:						  48000
[2022.04.15-01.26.35:055][  0]LogAudioMixer: Display: 	Callback Buffer Frame Size Requested: 1024
[2022.04.15-01.26.35:055][  0]LogAudioMixer: Display: 	Callback Buffer Frame Size To Use:	  1024
[2022.04.15-01.26.35:055][  0]LogAudioMixer: Display: 	Number of buffers to queue:			  2
[2022.04.15-01.26.35:055][  0]LogAudioMixer: Display: 	Max Channels (voices):				  32
[2022.04.15-01.26.35:055][  0]LogAudioMixer: Display: 	Number of Async Source Workers:		  0
[2022.04.15-01.26.35:055][  0]LogAudio: Display: AudioDevice MaxSources: 32
[2022.04.15-01.26.35:056][  0]LogAudio: Display: Audio Spatialization Plugin: None (built-in).
[2022.04.15-01.26.35:056][  0]LogAudio: Display: Audio Reverb Plugin: None (built-in).
[2022.04.15-01.26.35:056][  0]LogAudio: Display: Audio Occlusion Plugin: None (built-in).
[2022.04.15-01.26.35:056][  0]LogAudioMixer: Display: Initializing audio mixer.
[2022.04.15-01.26.35:077][  0]LogAudioMixer: Display: 0: FrontLeft
[2022.04.15-01.26.35:077][  0]LogAudioMixer: Display: 1: FrontRight
[2022.04.15-01.26.35:102][  0]LogAudioMixer: Display: Using Audio Device Headphones (High Definition Audio Device)
[2022.04.15-01.26.35:108][  0]LogAudioMixer: Display: Initializing Sound Submixes...
[2022.04.15-01.26.35:111][  0]LogAudioMixer: Display: Creating Master Submix 'MasterSubmixDefault'
[2022.04.15-01.26.35:111][  0]LogAudioMixer: Display: Creating Master Submix 'MasterReverbSubmixDefault'
[2022.04.15-01.26.35:113][  0]LogAudioMixer: Display: Creating Master Submix 'MasterEQSubmixDefault'
[2022.04.15-01.26.35:114][  0]LogAudioMixer: FMixerPlatformXAudio2::StartAudioStream() called
[2022.04.15-01.26.35:114][  0]LogAudioMixer: Display: Output buffers initialized: Frames=1024, Channels=2, Samples=2048
[2022.04.15-01.26.35:115][  0]LogAudioMixer: Display: Starting AudioMixerPlatformInterface::RunInternal()
[2022.04.15-01.26.35:115][  0]LogAudioMixer: Display: FMixerPlatformXAudio2::SubmitBuffer() called for the first time
[2022.04.15-01.26.35:115][  0]LogInit: FAudioDevice initialized.
[2022.04.15-01.26.35:117][  0]LogNetVersion: Set ProjectVersion to 1.0.0.0. Version Checksum will be recalculated on next use.
[2022.04.15-01.26.35:119][  0]LogInit: Texture streaming: Enabled
[2022.04.15-01.26.35:240][  0]LogAudio: Display: Audio Device (ID: 1) registered with world 'Untitled'.
[2022.04.15-01.26.35:241][  0]LogSlate: Updating window title bar state: overlay mode, drag disabled, window buttons hidden, title bar hidden
[2022.04.15-01.26.35:242][  0]LogInit: Display: Game Engine Initialized.
[2022.04.15-01.26.35:242][  0]LogNiagaraEditor: GEditor isn't valid! Particle reset commands will not work for Niagara components!
[2022.04.15-01.26.35:452][  0]LogInit: Display: Starting Game.
[2022.04.15-01.26.35:452][  0]LogNet: Browse: /Game/MushMush_ThirdPersonBP/Maps/MainLevel_CraftingTest?Name=Player
[2022.04.15-01.26.35:452][  0]LogLoad: LoadMap: /Game/MushMush_ThirdPersonBP/Maps/MainLevel_CraftingTest?Name=Player
[2022.04.15-01.26.35:452][  0]LogWorld: BeginTearingDown for /Temp/Untitled_0
[2022.04.15-01.26.35:456][  0]LogWorld: UWorld::CleanupWorld for Untitled, bSessionEnded=true, bCleanupResources=true
[2022.04.15-01.26.35:456][  0]LogSlate: InvalidateAllWidgets triggered.  All widgets were invalidated
[2022.04.15-01.26.35:473][  0]LogAudio: Display: Audio Device unregistered from world 'None'.
[2022.04.15-01.26.35:479][  0]LogUObjectHash: Compacting FUObjectHashTables data took   1.63ms
[2022.04.15-01.26.37:182][  0]LogAudio: Display: Audio Device (ID: 1) registered with world 'MainLevel_CraftingTest'.
[2022.04.15-01.26.37:197][  0]LogAIModule: Creating AISystem for world MainLevel_CraftingTest
[2022.04.15-01.26.37:198][  0]LogLoad: Game class is 'ThirdPersonGameMode_C'
[2022.04.15-01.26.37:262][  0]LogWorld: Bringing World /Game/MushMush_ThirdPersonBP/Maps/MainLevel_CraftingTest.MainLevel_CraftingTest up for play (max tick rate 0) at 2022.04.14-21.26.37
[2022.04.15-01.26.37:263][  0]LogWorld: Bringing up level for play took: 0.063837
[2022.04.15-01.26.37:278][  0]LogLoad: Took 1.826112 seconds to LoadMap(/Game/MushMush_ThirdPersonBP/Maps/MainLevel_CraftingTest)
[2022.04.15-01.26.37:428][  0]LogSlate: Took 0.000382 seconds to synchronously load lazily loaded font '../../../Engine/Content/Slate/Fonts/Roboto-Regular.ttf' (155K)
[2022.04.15-01.26.37:518][  0]LogRenderer: Reallocating scene render targets to support 1280x720 Format 10 NumSamples 1 (Frame:1).
[2022.04.15-01.26.37:518][  0]LogInit: Display: Engine is initialized. Leaving FEngineLoop::Init()
[2022.04.15-01.26.37:518][  0]LogLoad: (Engine Initialization) Total time: 12.32 seconds
[2022.04.15-01.26.37:518][  0]LogLoad: (Engine Initialization) Total Blueprint compile time: 0.00 seconds
[2022.04.15-01.26.37:525][  0]LogContentStreaming: Texture pool size now 1000 MB
[2022.04.15-01.26.37:533][  0]LogSlate: InvalidateAllWidgets triggered.  All widgets were invalidated
[2022.04.15-01.26.37:685][  0]LogRenderer: Reallocating scene render targets to support 128x128 Format 10 NumSamples 1 (Frame:1).
[2022.04.15-01.26.37:766][  0]LogRenderer: Reallocating scene render targets to support 1280x720 Format 10 NumSamples 1 (Frame:2).
[2022.04.15-01.26.37:958][  1]LogSlate: Took 0.000355 seconds to synchronously load lazily loaded font '../../../Engine/Content/Slate/Fonts/Roboto-Regular.ttf' (155K)
[2022.04.15-01.27.20:888][104]LogBlueprintUserMessages: [Player_7] No item Selected to USE!
[2022.04.15-01.27.39:571][426]LogViewport: Display: Viewport MouseLockMode Changed, LockOnCapture -> DoNotLock
[2022.04.15-01.27.39:571][426]LogViewport: Display: Viewport HideCursorDuringCapture Changed, False -> True
[2022.04.15-01.27.39:571][426]LogViewport: Display: Viewport MouseCaptureMode Changed, CapturePermanently_IncludingInitialMouseDown -> CaptureDuringMouseDown
[2022.04.15-01.28.28:230][490]LogViewport: Display: Viewport MouseLockMode Changed, DoNotLock -> LockOnCapture
[2022.04.15-01.28.28:230][490]LogViewport: Display: Viewport MouseCaptureMode Changed, CaptureDuringMouseDown -> CapturePermanently
[2022.04.15-01.29.15:075][595]LogSlate: Window 'MushMush (64-bit Development PCD3D_SM5) ' being destroyed
[2022.04.15-01.29.15:076][595]LogWindowsTextInputMethodSystem: Display: IME system deactivated.
[2022.04.15-01.29.15:086][595]LogSlate: Updating window title bar state: overlay mode, drag disabled, window buttons hidden, title bar hidden
[2022.04.15-01.29.15:086][595]LogEngine: All Windows Closed
[2022.04.15-01.29.15:086][595]LogWindows: FPlatformMisc::RequestExit(0)
[2022.04.15-01.29.15:086][595]LogWindows: FPlatformMisc::RequestExitWithStatus(0, 0)
[2022.04.15-01.29.15:086][595]LogCore: Engine exit requested (reason: Win RequestExit)
[2022.04.15-01.29.15:087][596]LogCore: Engine exit requested (reason: EngineExit() was called; note: exit was already requested)
[2022.04.15-01.29.15:087][596]LogInit: Display: PreExit Game.
[2022.04.15-01.29.15:113][596]LogWorld: BeginTearingDown for /Game/MushMush_ThirdPersonBP/Maps/MainLevel_CraftingTest
[2022.04.15-01.29.15:114][596]LogWorld: UWorld::CleanupWorld for MainLevel_CraftingTest, bSessionEnded=true, bCleanupResources=true
[2022.04.15-01.29.15:116][596]LogSlate: InvalidateAllWidgets triggered.  All widgets were invalidated
[2022.04.15-01.29.15:968][596]LogAudio: Display: Beginning Audio Device Manager Shutdown (Module: AudioMixerXAudio2)...
[2022.04.15-01.29.15:968][596]LogAudio: Display: Destroying 1 Remaining Audio Device(s)...
[2022.04.15-01.29.15:968][596]LogAudio: Display: Audio Device unregistered from world 'MainLevel_CraftingTest'.
[2022.04.15-01.29.15:996][596]LogAudioMixer: FMixerPlatformXAudio2::StopAudioStream() called
[2022.04.15-01.29.15:998][596]LogAudioMixer: FMixerPlatformXAudio2::StopAudioStream() called
[2022.04.15-01.29.16:003][596]LogAudio: Display: Audio Device Manager Shutdown
[2022.04.15-01.29.16:007][596]LogExit: Preparing to exit.
[2022.04.15-01.29.16:378][596]LogSlate: Updating window title bar state: overlay mode, drag disabled, window buttons hidden, title bar hidden
[2022.04.15-01.29.16:381][596]LogUObjectHash: Compacting FUObjectHashTables data took   3.05ms
[2022.04.15-01.29.16:459][596]LogMoviePlayer: Shutting down movie player
[2022.04.15-01.29.16:560][596]LogExit: Game engine shut down
[2022.04.15-01.29.16:563][596]LogDemo: Cleaned up 0 splitscreen connections with owner deletion
[2022.04.15-01.29.16:669][596]LogExit: Object subsystem successfully closed.
[2022.04.15-01.29.16:686][596]LogShaderCompilers: Display: === FShaderJobCache stats ===
[2022.04.15-01.29.16:686][596]LogShaderCompilers: Display: Total job queries 0, among them cache hits 0 (0.00%)
[2022.04.15-01.29.16:686][596]LogShaderCompilers: Display: Tracking 0 distinct input hashes that result in 0 distinct outputs (0.00%)
[2022.04.15-01.29.16:686][596]LogShaderCompilers: Display: RAM used: 0.00 MB (0.00 GB) of 1228.80 MB (1.20 GB) budget. Usage: 0.00%
[2022.04.15-01.29.16:686][596]LogShaderCompilers: Display: ================================================
[2022.04.15-01.29.16:696][596]LogShaderCompilers: Display: Shaders left to compile 0
[2022.04.15-01.29.16:758][596]LogModuleManager: Shutting down and abandoning module SequenceRecorderSections (562)
[2022.04.15-01.29.16:758][596]LogModuleManager: Shutting down and abandoning module SequenceRecorder (560)
[2022.04.15-01.29.16:758][596]LogModuleManager: Shutting down and abandoning module AutomationController (558)
[2022.04.15-01.29.16:758][596]LogModuleManager: Shutting down and abandoning module AutomationWorker (556)
[2022.04.15-01.29.16:758][596]LogModuleManager: Shutting down and abandoning module Voice (554)
[2022.04.15-01.29.16:758][596]LogModuleManager: Shutting down and abandoning module AIModule (552)
[2022.04.15-01.29.16:758][596]LogModuleManager: Shutting down and abandoning module GameplayDebugger (551)
[2022.04.15-01.29.16:758][596]LogModuleManager: Shutting down and abandoning module AITestSuite (549)
[2022.04.15-01.29.16:758][596]LogModuleManager: Shutting down and abandoning module NavigationSystem (547)
[2022.04.15-01.29.16:758][596]LogModuleManager: Shutting down and abandoning module AnimGraph (544)
[2022.04.15-01.29.16:758][596]LogModuleManager: Shutting down and abandoning module SteamVREditor (542)
[2022.04.15-01.29.16:758][596]LogModuleManager: Shutting down and abandoning module ToolMenus (541)
[2022.04.15-01.29.16:758][596]LogModuleManager: Shutting down and abandoning module OculusMR (538)
[2022.04.15-01.29.16:759][596]LogModuleManager: Shutting down and abandoning module TakeRecorderSources (536)
[2022.04.15-01.29.16:759][596]LogModuleManager: Shutting down and abandoning module TakeRecorder (535)
[2022.04.15-01.29.16:760][596]LogModuleManager: Shutting down and abandoning module TakeTrackRecorders (532)
[2022.04.15-01.29.16:760][596]LogModuleManager: Shutting down and abandoning module TakesCore (530)
[2022.04.15-01.29.16:760][596]LogModuleManager: Shutting down and abandoning module OpenXRInput (528)
[2022.04.15-01.29.16:760][596]LogModuleManager: Shutting down and abandoning module MagicLeapMediaCodecFactory (526)
[2022.04.15-01.29.16:760][596]LogModuleManager: Shutting down and abandoning module MagicLeapMediaFactory (524)
[2022.04.15-01.29.16:760][596]LogModuleManager: Shutting down and abandoning module WmfMediaFactory (522)
[2022.04.15-01.29.16:760][596]LogModuleManager: Shutting down and abandoning module WebMMediaFactory (520)
[2022.04.15-01.29.16:760][596]LogModuleManager: Shutting down and abandoning module WebMMedia (518)
[2022.04.15-01.29.16:760][596]LogModuleManager: Shutting down and abandoning module OpenExrWrapper (516)
[2022.04.15-01.29.16:760][596]LogModuleManager: Shutting down and abandoning module ImgMediaFactory (514)
[2022.04.15-01.29.16:760][596]LogModuleManager: Shutting down and abandoning module AvfMediaFactory (512)
[2022.04.15-01.29.16:760][596]LogModuleManager: Shutting down and abandoning module PlanarCut (510)
[2022.04.15-01.29.16:760][596]LogModuleManager: Shutting down and abandoning module CharacterAI (508)
[2022.04.15-01.29.16:760][596]LogModuleManager: Shutting down and abandoning module SessionServices (506)
[2022.04.15-01.29.16:760][596]LogModuleManager: Shutting down and abandoning module MovieSceneCapture (504)
[2022.04.15-01.29.16:760][596]LogModuleManager: Shutting down and abandoning module LiveCoding (502)
[2022.04.15-01.29.16:761][596]LogModuleManager: Shutting down and abandoning module LevelSequence (500)
[2022.04.15-01.29.16:761][596]LogModuleManager: Shutting down and abandoning module MovieSceneTracks (498)
[2022.04.15-01.29.16:761][596]LogModuleManager: Shutting down and abandoning module MovieScene (496)
[2022.04.15-01.29.16:761][596]LogModuleManager: Shutting down and abandoning module StreamingPauseRendering (494)
[2022.04.15-01.29.16:761][596]LogModuleManager: Shutting down and abandoning module PortalServices (492)
[2022.04.15-01.29.16:761][596]LogModuleManager: Shutting down and abandoning module PortalRpc (490)
[2022.04.15-01.29.16:761][596]LogModuleManager: Shutting down and abandoning module MessagingRpc (488)
[2022.04.15-01.29.16:761][596]LogModuleManager: Shutting down and abandoning module AudioMixerXAudio2 (486)
[2022.04.15-01.29.16:761][596]LogModuleManager: Shutting down and abandoning module AudioMixerCore (485)
[2022.04.15-01.29.16:761][596]LogModuleManager: Shutting down and abandoning module ImageWriteQueue (482)
[2022.04.15-01.29.16:761][596]LogModuleManager: Shutting down and abandoning module ProfilerService (480)
[2022.04.15-01.29.16:890][596]LogModuleManager: Shutting down and abandoning module TaskGraph (478)
[2022.04.15-01.29.16:893][596]LogModuleManager: Shutting down and abandoning module OculusInput (476)
[2022.04.15-01.29.16:893][596]LogModuleManager: Shutting down and abandoning module Synthesis (474)
[2022.04.15-01.29.16:894][596]LogModuleManager: Shutting down and abandoning module ProceduralMeshComponent (472)
[2022.04.15-01.29.16:894][596]LogModuleManager: Shutting down and abandoning module TakeMovieScene (470)
[2022.04.15-01.29.16:894][596]LogModuleManager: Shutting down and abandoning module MobilePatchingUtils (468)
[2022.04.15-01.29.16:894][596]LogModuleManager: Shutting down and abandoning module GooglePAD (466)
[2022.04.15-01.29.16:894][596]LogModuleManager: Shutting down and abandoning module EditableMesh (464)
[2022.04.15-01.29.16:894][596]LogModuleManager: Shutting down and abandoning module CustomMeshComponent (462)
[2022.04.15-01.29.16:894][596]LogModuleManager: Shutting down and abandoning module CableComponent (460)
[2022.04.15-01.29.16:894][596]LogModuleManager: Shutting down and abandoning module AudioCapture (458)
[2022.04.15-01.29.16:894][596]LogModuleManager: Shutting down and abandoning module AudioCaptureRtAudio (457)
[2022.04.15-01.29.16:894][596]LogModuleManager: Shutting down and abandoning module AssetTags (454)
[2022.04.15-01.29.16:894][596]LogModuleManager: Shutting down and abandoning module ArchVisCharacter (452)
[2022.04.15-01.29.16:894][596]LogModuleManager: Shutting down and abandoning module AppleImageUtilsBlueprintSupport (450)
[2022.04.15-01.29.16:894][596]LogModuleManager: Shutting down and abandoning module AppleImageUtils (448)
[2022.04.15-01.29.16:894][596]LogModuleManager: Shutting down and abandoning module AndroidPermission (446)
[2022.04.15-01.29.16:895][596]LogModuleManager: Shutting down and abandoning module ActorLayerUtilities (444)
[2022.04.15-01.29.16:895][596]LogModuleManager: Shutting down and abandoning module GeometryCacheTracks (442)
[2022.04.15-01.29.16:895][596]LogModuleManager: Shutting down and abandoning module GeometryCacheSequencer (441)
[2022.04.15-01.29.16:895][596]LogModuleManager: Shutting down and abandoning module GeometryCache (438)
[2022.04.15-01.29.16:895][596]LogModuleManager: Shutting down and abandoning module GeometryCacheEd (437)
[2022.04.15-01.29.16:895][596]LogModuleManager: Shutting down and abandoning module TemplateSequence (434)
[2022.04.15-01.29.16:895][596]LogModuleManager: Shutting down and abandoning module MagicLeapSharedWorld (432)
[2022.04.15-01.29.16:895][596]LogModuleManager: Shutting down and abandoning module MagicLeapLightEstimation (430)
[2022.04.15-01.29.16:895][596]LogModuleManager: Shutting down and abandoning module MagicLeapHelperVulkan (428)
[2022.04.15-01.29.16:895][596]LogModuleManager: Shutting down and abandoning module MagicLeapHelperOpenGL (426)
[2022.04.15-01.29.16:895][596]LogModuleManager: Shutting down and abandoning module MagicLeapAudio (424)
[2022.04.15-01.29.16:895][596]LogModuleManager: Shutting down and abandoning module ImgMedia (422)
[2022.04.15-01.29.16:895][596]LogModuleManager: Shutting down and abandoning module MediaCompositing (420)
[2022.04.15-01.29.16:895][596]LogModuleManager: Shutting down and abandoning module OpenImageDenoise (418)
[2022.04.15-01.29.16:895][596]LogOpenImageDenoise: OIDN shutting down
[2022.04.15-01.29.16:895][596]LogModuleManager: Shutting down and abandoning module MotoSynth (416)
[2022.04.15-01.29.16:895][596]LogModuleManager: Shutting down and abandoning module MeshConversion (414)
[2022.04.15-01.29.16:895][596]LogModuleManager: Shutting down and abandoning module DynamicMesh (412)
[2022.04.15-01.29.16:896][596]LogModuleManager: Shutting down and abandoning module GeometryAlgorithms (410)
[2022.04.15-01.29.16:896][596]LogModuleManager: Shutting down and abandoning module GeometricObjects (408)
[2022.04.15-01.29.16:897][596]LogModuleManager: Shutting down and abandoning module GeometryCollectionTracks (406)
[2022.04.15-01.29.16:897][596]LogModuleManager: Shutting down and abandoning module GeometryCollectionSequencer (405)
[2022.04.15-01.29.16:897][596]LogModuleManager: Shutting down and abandoning module ChaosNiagara (402)
[2022.04.15-01.29.16:897][596]LogModuleManager: Shutting down and abandoning module FieldSystemEngine (401)
[2022.04.15-01.29.16:897][596]LogModuleManager: Shutting down and abandoning module BackChannel (398)
[2022.04.15-01.29.16:897][596]LogModuleManager: Shutting down and abandoning module AutomationUtils (396)
[2022.04.15-01.29.16:897][596]LogModuleManager: Shutting down and abandoning module VisualStudioSourceCodeAccess (394)
[2022.04.15-01.29.16:897][596]LogModuleManager: Shutting down and abandoning module HotReload (393)
[2022.04.15-01.29.16:897][596]LogModuleManager: Shutting down and abandoning module VisualStudioCodeSourceCodeAccess (390)
[2022.04.15-01.29.16:897][596]LogModuleManager: Shutting down and abandoning module UObjectPlugin (388)
[2022.04.15-01.29.16:898][596]LogModuleManager: Shutting down and abandoning module SubversionSourceControl (386)
[2022.04.15-01.29.16:898][596]LogModuleManager: Shutting down and abandoning module PerforceSourceControl (384)
[2022.04.15-01.29.16:898][596]LogModuleManager: Shutting down and abandoning module SourceControl (383)
[2022.04.15-01.29.16:898][596]LogModuleManager: Shutting down and abandoning module CLionSourceCodeAccess (380)
[2022.04.15-01.29.16:898][596]LogModuleManager: Shutting down and abandoning module LiveLinkSequencer (378)
[2022.04.15-01.29.16:898][596]LogModuleManager: Shutting down and abandoning module LiveLinkMovieScene (376)
[2022.04.15-01.29.16:898][596]LogModuleManager: Shutting down and abandoning module LiveLinkGraphNode (374)
[2022.04.15-01.29.16:898][596]LogModuleManager: Shutting down and abandoning module LiveLinkComponents (372)
[2022.04.15-01.29.16:898][596]LogModuleManager: Shutting down and abandoning module LiveLink (370)
[2022.04.15-01.29.17:459][596]LogModuleManager: Shutting down and abandoning module OodleNetworkHandlerComponent (368)
[2022.04.15-01.29.17:459][596]LogModuleManager: Shutting down and abandoning module MushMush (366)
[2022.04.15-01.29.17:459][596]LogModuleManager: Shutting down and abandoning module SignificanceManager (364)
[2022.04.15-01.29.17:459][596]LogModuleManager: Shutting down and abandoning module SoundFields (362)
[2022.04.15-01.29.17:459][596]LogModuleManager: Shutting down and abandoning module RuntimePhysXCooking (360)
[2022.04.15-01.29.17:459][596]LogModuleManager: Shutting down and abandoning module PropertyAccessEditor (358)
[2022.04.15-01.29.17:459][596]LogModuleManager: Shutting down and abandoning module PhysXVehiclesEditor (356)
[2022.04.15-01.29.17:459][596]LogModuleManager: Shutting down and abandoning module LocationServicesBPLibrary (352)
[2022.04.15-01.29.17:459][596]LogModuleManager: Shutting down and abandoning module EnvironmentQueryEditor (350)
[2022.04.15-01.29.17:460][596]LogModuleManager: Shutting down and abandoning module AudioSynesthesia (348)
[2022.04.15-01.29.17:460][596]LogModuleManager: Shutting down and abandoning module AudioSynesthesiaCore (346)
[2022.04.15-01.29.17:460][596]LogModuleManager: Shutting down and abandoning module ActorSequence (344)
[2022.04.15-01.29.17:460][596]LogModuleManager: Shutting down and abandoning module UdpMessaging (342)
[2022.04.15-01.29.17:561][596]LogModuleManager: Shutting down and abandoning module TcpMessaging (340)
[2022.04.15-01.29.17:662][596]LogModuleManager: Shutting down and abandoning module MagicLeapARPin (338)
[2022.04.15-01.29.17:662][596]LogModuleManager: Shutting down and abandoning module MagicLeapHandMeshing (336)
[2022.04.15-01.29.17:662][596]LogModuleManager: Shutting down and abandoning module MagicLeapSecureStorage (334)
[2022.04.15-01.29.17:662][596]LogModuleManager: Shutting down and abandoning module MagicLeapPrivileges (332)
[2022.04.15-01.29.17:662][596]LogModuleManager: Shutting down and abandoning module MagicLeapPlanes (330)
[2022.04.15-01.29.17:662][596]LogMagicLeapPlanes: Planes tracker already destroyed.
[2022.04.15-01.29.17:662][596]LogModuleManager: Shutting down and abandoning module MagicLeapImageTracker (328)
[2022.04.15-01.29.17:662][596]LogModuleManager: Shutting down and abandoning module MagicLeapIdentity (326)
[2022.04.15-01.29.17:662][596]LogModuleManager: Shutting down and abandoning module MagicLeapHandTracking (324)
[2022.04.15-01.29.17:662][596]LogModuleManager: Shutting down and abandoning module MagicLeapEyeTracker (322)
[2022.04.15-01.29.17:662][596]LogModuleManager: Shutting down and abandoning module MagicLeapController (320)
[2022.04.15-01.29.17:662][596]LogModuleManager: Shutting down and abandoning module MagicLeapARPinImpl (318)
[2022.04.15-01.29.17:662][596]LogModuleManager: Shutting down and abandoning module MagicLeapAR (316)
[2022.04.15-01.29.17:662][596]LogModuleManager: Shutting down and abandoning module ImgMediaEngine (314)
[2022.04.15-01.29.17:662][596]LogModuleManager: Shutting down and abandoning module PythonScriptPlugin (312)
[2022.04.15-01.29.17:662][596]LogModuleManager: Shutting down and abandoning module NiagaraAnimNotifies (310)
[2022.04.15-01.29.17:662][596]LogModuleManager: Shutting down and abandoning module Niagara (308)
[2022.04.15-01.29.17:666][596]LogModuleManager: Shutting down and abandoning module SignalProcessing (307)
[2022.04.15-01.29.17:666][596]LogModuleManager: Shutting down and abandoning module NiagaraEditor (305)
[2022.04.15-01.29.17:666][596]LogModuleManager: Shutting down and abandoning module ContentBrowser (304)
[2022.04.15-01.29.17:666][596]LogModuleManager: Shutting down and abandoning module CollectionManager (303)
[2022.04.15-01.29.17:667][596]LogModuleManager: Shutting down and abandoning module DirectoryWatcher (302)
[2022.04.15-01.29.17:667][596]LogModuleManager: Shutting down and abandoning module ContentBrowserData (299)
[2022.04.15-01.29.17:667][596]LogModuleManager: Shutting down and abandoning module NiagaraCore (294)
[2022.04.15-01.29.17:667][596]LogModuleManager: Shutting down and abandoning module GameplayTagsEditor (292)
[2022.04.15-01.29.17:667][596]LogModuleManager: Shutting down and abandoning module FacialAnimation (290)
[2022.04.15-01.29.17:667][596]LogModuleManager: Shutting down and abandoning module AssetManagerEditor (288)
[2022.04.15-01.29.17:667][596]LogModuleManager: Shutting down and abandoning module TreeMap (287)
[2022.04.15-01.29.17:667][596]LogModuleManager: Shutting down and abandoning module PropertyAccessNode (284)
[2022.04.15-01.29.17:667][596]LogModuleManager: Shutting down and abandoning module AnimationSharing (282)
[2022.04.15-01.29.17:667][596]LogModuleManager: Shutting down and abandoning module GameplayCameras (280)
[2022.04.15-01.29.17:667][596]LogModuleManager: Shutting down and abandoning module LightPropagationVolumeRuntime (278)
[2022.04.15-01.29.17:667][596]LogModuleManager: Shutting down and abandoning module Paper2D (276)
[2022.04.15-01.29.17:667][596]LogModuleManager: Shutting down and abandoning module WindowsMoviePlayer (274)
[2022.04.15-01.29.17:668][596]LogModuleManager: Shutting down and abandoning module WebMMoviePlayer (272)
[2022.04.15-01.29.17:668][596]LogModuleManager: Shutting down and abandoning module NetworkReplayStreaming (270)
[2022.04.15-01.29.17:668][596]LogModuleManager: Shutting down and abandoning module PacketHandler (268)
[2022.04.15-01.29.17:669][596]LogModuleManager: Shutting down and abandoning module ClothingSystemEditor (266)
[2022.04.15-01.29.17:669][596]LogModuleManager: Shutting down and abandoning module ClothingSystemRuntimeNv (264)
[2022.04.15-01.29.17:669][596]LogModuleManager: Shutting down and abandoning module MediaAssets (262)
[2022.04.15-01.29.17:669][596]LogModuleManager: Shutting down and abandoning module Overlay (260)
[2022.04.15-01.29.17:669][596]LogModuleManager: Shutting down and abandoning module OverlayEditor (259)
[2022.04.15-01.29.17:669][596]LogModuleManager: Shutting down and abandoning module VREditor (256)
[2022.04.15-01.29.17:669][596]LogModuleManager: Shutting down and abandoning module StringTableEditor (254)
[2022.04.15-01.29.17:670][596]LogModuleManager: Shutting down and abandoning module GameplayTasksEditor (252)
[2022.04.15-01.29.17:670][596]LogModuleManager: Shutting down and abandoning module BehaviorTreeEditor (250)
[2022.04.15-01.29.17:670][596]LogModuleManager: Shutting down and abandoning module FunctionalTesting (248)
[2022.04.15-01.29.17:670][596]LogModuleManager: Shutting down and abandoning module CollisionAnalyzer (246)
[2022.04.15-01.29.17:670][596]LogModuleManager: Shutting down and abandoning module WorkspaceMenuStructure (245)
[2022.04.15-01.29.17:670][596]LogModuleManager: Shutting down and abandoning module UMG (242)
[2022.04.15-01.29.17:670][596]LogModuleManager: Shutting down and abandoning module UMGEditor (241)
[2022.04.15-01.29.17:671][596]LogModuleManager: Shutting down and abandoning module Sequencer (240)
[2022.04.15-01.29.17:671][596]LogModuleManager: Shutting down and abandoning module MessageLog (237)
[2022.04.15-01.29.17:671][596]LogModuleManager: Shutting down and abandoning module SlateReflector (232)
[2022.04.15-01.29.17:673][596]LogModuleManager: Shutting down and abandoning module Slate (230)
[2022.04.15-01.29.17:673][596]LogModuleManager: Shutting down and abandoning module SlateCore (228)
[2022.04.15-01.29.17:675][596]LogModuleManager: Shutting down and abandoning module LandscapeEditorUtilities (226)
[2022.04.15-01.29.17:675][596]LogModuleManager: Shutting down and abandoning module UnrealEd (224)
[2022.04.15-01.29.17:675][596]LogModuleManager: Shutting down and abandoning module MRMesh (222)
[2022.04.15-01.29.17:675][596]LogModuleManager: Shutting down and abandoning module Messaging (220)
[2022.04.15-01.29.17:675][596]LogModuleManager: Shutting down and abandoning module SourceCodeAccess (218)
[2022.04.15-01.29.17:675][596]LogModuleManager: Shutting down and abandoning module HeadMountedDisplay (216)
[2022.04.15-01.29.17:675][596]LogModuleManager: Shutting down and abandoning module XAudio2 (214)
[2022.04.15-01.29.17:675][596]LogModuleManager: Shutting down and abandoning module Networking (212)
[2022.04.15-01.29.17:675][596]LogModuleManager: Shutting down and abandoning module Core (210)
[2022.04.15-01.29.17:675][596]LogModuleManager: Shutting down and abandoning module MaterialEditor (208)
[2022.04.15-01.29.17:676][596]LogModuleManager: Shutting down and abandoning module MovieSceneTools (206)
[2022.04.15-01.29.17:676][596]LogModuleManager: Shutting down and abandoning module EditorStyle (205)
[2022.04.15-01.29.17:678][596]LogModuleManager: Shutting down and abandoning module KismetCompiler (202)
[2022.04.15-01.29.17:678][596]LogModuleManager: Shutting down and abandoning module MeshBuilder (200)
[2022.04.15-01.29.17:678][596]LogModuleManager: Shutting down and abandoning module MeshUtilities (198)
[2022.04.15-01.29.17:678][596]LogModuleManager: Shutting down and abandoning module MeshMergeUtilities (197)
[2022.04.15-01.29.17:678][596]LogModuleManager: Shutting down and abandoning module MeshReductionInterface (196)
[2022.04.15-01.29.17:678][596]LogModuleManager: Shutting down and abandoning module MeshBoneReduction (195)
[2022.04.15-01.29.17:678][596]LogModuleManager: Shutting down and abandoning module SkeletalMeshReduction (193)
[2022.04.15-01.29.17:678][596]LogModuleManager: Shutting down and abandoning module ProxyLODMeshReduction (191)
[2022.04.15-01.29.17:679][596]LogModuleManager: Shutting down and abandoning module QuadricMeshReduction (189)
[2022.04.15-01.29.17:679][596]LogModuleManager: Shutting down and abandoning module MaterialBaking (185)
[2022.04.15-01.29.17:679][596]LogModuleManager: Shutting down and abandoning module NullInstallBundleManager (180)
[2022.04.15-01.29.17:679][596]LogModuleManager: Shutting down and abandoning module PIEPreviewDeviceProfileSelector (178)
[2022.04.15-01.29.17:679][596]LogModuleManager: Shutting down and abandoning module DerivedDataCache (176)
[2022.04.15-01.29.17:679][596]LogModuleManager: Shutting down and abandoning module TargetPlatform (174)
[2022.04.15-01.29.17:679][596]LogModuleManager: Shutting down and abandoning module VulkanShaderFormat (173)
[2022.04.15-01.29.17:679][596]LogModuleManager: Shutting down and abandoning module ShaderFormatVectorVM (171)
[2022.04.15-01.29.17:680][596]LogModuleManager: Shutting down and abandoning module ShaderFormatOpenGL (169)
[2022.04.15-01.29.17:680][596]LogModuleManager: Shutting down and abandoning module ShaderFormatD3D (167)
[2022.04.15-01.29.17:680][596]LogModuleManager: Shutting down and abandoning module MetalShaderFormat (165)
[2022.04.15-01.29.17:681][596]LogModuleManager: Shutting down and abandoning module TextureFormatOodle (163)
[2022.04.15-01.29.17:681][596]LogModuleManager: Shutting down and abandoning module TextureFormatUncompressed (161)
[2022.04.15-01.29.17:681][596]LogModuleManager: Shutting down and abandoning module TextureFormatPVR (159)
[2022.04.15-01.29.17:681][596]LogModuleManager: Shutting down and abandoning module TextureFormatETC2 (157)
[2022.04.15-01.29.17:681][596]LogModuleManager: Shutting down and abandoning module TextureFormatDXT (155)
[2022.04.15-01.29.17:681][596]LogModuleManager: Shutting down and abandoning module TextureFormatIntelISPCTexComp (153)
[2022.04.15-01.29.17:681][596]LogModuleManager: Shutting down and abandoning module TextureFormatASTC (151)
[2022.04.15-01.29.17:681][596]LogModuleManager: Shutting down and abandoning module ImageWrapper (150)
[2022.04.15-01.29.17:681][596]LogModuleManager: Shutting down and abandoning module AudioFormatOpus (147)
[2022.04.15-01.29.17:681][596]LogModuleManager: Shutting down and abandoning module AudioFormatOgg (145)
[2022.04.15-01.29.17:681][596]LogModuleManager: Shutting down and abandoning module AudioFormatADPCM (143)
[2022.04.15-01.29.17:681][596]LogModuleManager: Shutting down and abandoning module WindowsServerTargetPlatform (141)
[2022.04.15-01.29.17:681][596]LogModuleManager: Shutting down and abandoning module WindowsClientTargetPlatform (139)
[2022.04.15-01.29.17:681][596]LogModuleManager: Shutting down and abandoning module WindowsTargetPlatform (137)
[2022.04.15-01.29.17:681][596]LogModuleManager: Shutting down and abandoning module WindowsNoEditorTargetPlatform (135)
[2022.04.15-01.29.17:681][596]LogModuleManager: Shutting down and abandoning module D3D11RHI (132)
[2022.04.15-01.29.17:681][596]LogModuleManager: Shutting down and abandoning module InputCore (130)
[2022.04.15-01.29.17:681][596]LogModuleManager: Shutting down and abandoning module Settings (128)
[2022.04.15-01.29.17:681][596]LogModuleManager: Shutting down and abandoning module PhysXCooking (126)
[2022.04.15-01.29.17:681][596]LogModuleManager: Shutting down and abandoning module Chaos (124)
[2022.04.15-01.29.17:682][596]LogModuleManager: Shutting down and abandoning module WindowsPlatformFeatures (122)
[2022.04.15-01.29.17:682][596]LogModuleManager: Shutting down and abandoning module GameplayMediaEncoder (121)
[2022.04.15-01.29.17:682][596]LogModuleManager: Shutting down and abandoning module AVEncoder (120)
[2022.04.15-01.29.17:682][596]LogModuleManager: Shutting down and abandoning module SteamVRInputDevice (116)
[2022.04.15-01.29.17:682][596]LogModuleManager: Shutting down and abandoning module SteamVRInput (114)
[2022.04.15-01.29.17:682][596]LogModuleManager: Shutting down and abandoning module SteamVR (112)
[2022.04.15-01.29.17:682][596]LogHMD: Freeing OpenVRDLLHandle.
[2022.04.15-01.29.17:682][596]LogModuleManager: Shutting down and abandoning module OculusHMD (110)
[2022.04.15-01.29.17:682][596]LogModuleManager: Shutting down and abandoning module OpenXRAR (108)
[2022.04.15-01.29.17:682][596]LogModuleManager: Shutting down and abandoning module AugmentedReality (107)
[2022.04.15-01.29.17:682][596]LogModuleManager: Shutting down and abandoning module OpenXRHandTracking (104)
[2022.04.15-01.29.17:682][596]LogSlate: Slate User Destroyed.  User Index 0, Is Virtual User: 0
[2022.04.15-01.29.17:682][596]LogModuleManager: Shutting down and abandoning module OpenXRHMD (103)
[2022.04.15-01.29.17:682][596]LogModuleManager: Shutting down and abandoning module OpenXREyeTracker (100)
[2022.04.15-01.29.17:682][596]LogModuleManager: Shutting down and abandoning module AISupportModule (98)
[2022.04.15-01.29.17:682][596]LogModuleManager: Shutting down and abandoning module ExampleDeviceProfileSelector (96)
[2022.04.15-01.29.17:682][596]LogModuleManager: Shutting down and abandoning module ChunkDownloader (94)
[2022.04.15-01.29.17:683][596]LogModuleManager: Shutting down and abandoning module LauncherChunkInstaller (92)
[2022.04.15-01.29.17:683][596]LogModuleManager: Shutting down and abandoning module OnlineBlueprintSupport (90)
[2022.04.15-01.29.17:683][596]LogModuleManager: Shutting down and abandoning module OnlineSubsystem (86)
[2022.04.15-01.29.17:684][596]LogModuleManager: Shutting down and abandoning module XMPP (81)
[2022.04.15-01.29.17:684][596]LogModuleManager: Shutting down and abandoning module WebSockets (80)
[2022.04.15-01.29.17:710][596]LogModuleManager: Shutting down and abandoning module HTTP (77)
[2022.04.15-01.29.17:710][596]LogHttp: Display: cleaning up 0 outstanding Http requests.
[2022.04.15-01.29.17:736][596]LogModuleManager: Shutting down and abandoning module SSL (76)
[2022.04.15-01.29.17:738][596]LogModuleManager: Shutting down and abandoning module MLSDK (72)
[2022.04.15-01.29.17:738][596]LogModuleManager: Shutting down and abandoning module WmfMedia (70)
[2022.04.15-01.29.17:741][596]LogModuleManager: Shutting down and abandoning module Media (69)
[2022.04.15-01.29.17:742][596]LogModuleManager: Shutting down and abandoning module MediaInfo (68)
[2022.04.15-01.29.17:742][596]LogModuleManager: Shutting down and abandoning module MagicLeap (64)
[2022.04.15-01.29.17:742][596]LogModuleManager: Shutting down and abandoning module ExrReaderGpu (62)
[2022.04.15-01.29.17:742][596]LogModuleManager: Shutting down and abandoning module ChaosCloth (60)
[2022.04.15-01.29.17:742][596]LogModuleManager: Shutting down and abandoning module NiagaraVertexFactories (58)
[2022.04.15-01.29.17:742][596]LogModuleManager: Shutting down and abandoning module NiagaraShader (56)
[2022.04.15-01.29.17:742][596]LogModuleManager: Shutting down and abandoning module VariantManagerContent (54)
[2022.04.15-01.29.17:742][596]LogModuleManager: Shutting down and abandoning module DatasmithContent (52)
[2022.04.15-01.29.17:743][596]LogModuleManager: Shutting down and abandoning module PixWinPlugin (50)
[2022.04.15-01.29.17:743][596]LogModuleManager: Shutting down and abandoning module DesktopPlatform (48)
[2022.04.15-01.29.17:743][596]LogModuleManager: Shutting down and abandoning module PythonScriptPluginPreload (46)
[2022.04.15-01.29.17:743][596]LogModuleManager: Shutting down and abandoning module PlatformCryptoOpenSSL (44)
[2022.04.15-01.29.17:743][596]LogModuleManager: Shutting down and abandoning module PlatformCryptoTypes (42)
[2022.04.15-01.29.17:743][596]LogModuleManager: Shutting down and abandoning module PlatformCrypto (40)
[2022.04.15-01.29.17:743][596]LogModuleManager: Shutting down and abandoning module OodleDataCompressionFormat (38)
[2022.04.15-01.29.17:743][596]LogModuleManager: Shutting down and abandoning module XGEController (36)
[2022.04.15-01.29.17:743][596]LogModuleManager: Shutting down and abandoning module AnimationModifiers (34)
[2022.04.15-01.29.17:744][596]LogModuleManager: Shutting down and abandoning module AudioEditor (32)
[2022.04.15-01.29.17:745][596]LogModuleManager: Shutting down and abandoning module PropertyEditor (31)
[2022.04.15-01.29.17:745][596]LogModuleManager: Shutting down and abandoning module TextureCompressor (28)
[2022.04.15-01.29.17:745][596]LogModuleManager: Shutting down and abandoning module RenderCore (26)
[2022.04.15-01.29.17:745][596]LogModuleManager: Shutting down and abandoning module Landscape (24)
[2022.04.15-01.29.17:745][596]LogModuleManager: Shutting down and abandoning module SlateRHIRenderer (22)
[2022.04.15-01.29.17:745][596]LogModuleManager: Shutting down and abandoning module AnimGraphRuntime (20)
[2022.04.15-01.29.17:745][596]LogModuleManager: Shutting down and abandoning module Renderer (18)
[2022.04.15-01.29.17:745][596]LogModuleManager: Shutting down and abandoning module Engine (16)
[2022.04.15-01.29.17:745][596]LogModuleManager: Shutting down and abandoning module CoreUObject (14)
[2022.04.15-01.29.17:746][596]LogModuleManager: Shutting down and abandoning module NetworkFile (12)
[2022.04.15-01.29.17:746][596]LogModuleManager: Shutting down and abandoning module CookedIterativeFile (10)
[2022.04.15-01.29.17:746][596]LogModuleManager: Shutting down and abandoning module StreamingFile (8)
[2022.04.15-01.29.17:746][596]LogModuleManager: Shutting down and abandoning module SandboxFile (6)
[2022.04.15-01.29.17:746][596]LogModuleManager: Shutting down and abandoning module PakFile (4)
[2022.04.15-01.29.17:746][596]LogModuleManager: Shutting down and abandoning module RSA (3)
[2022.04.15-01.29.17:746][596]LogContentStreaming: Display: There are 1 unreleased StreamingManagers
[2022.04.15-01.29.17:760][596]LogD3D11RHI: Shutdown
[2022.04.15-01.29.17:760][596]LogD3D11RHI: CleanupD3DDevice
[2022.04.15-01.29.17:764][596]LogExit: Exiting.
[2022.04.15-01.29.17:782][596]Log file closed, 04/14/22 21:29:17
