Log file open, 03/13/22 13:56:49
LogWindows: Failed to load 'aqProf.dll' (GetLastError=126)
LogWindows: File 'aqProf.dll' does not exist
LogWindows: Failed to load 'VtuneApi.dll' (GetLastError=126)
LogWindows: File 'VtuneApi.dll' does not exist
LogWindows: Failed to load 'VtuneApi32e.dll' (GetLastError=126)
LogWindows: File 'VtuneApi32e.dll' does not exist
LogConsoleResponse: Display: Failed to find resolution value strings in scalability ini. Falling back to default.
LogConsoleResponse: Display: Failed to find resolution value strings in scalability ini. Falling back to default.
LogInit: Display: Running engine for game: MushMush
LogPlatformFile: Not using cached read wrapper
LogTaskGraph: Started task graph with 5 named threads and 35 total threads with 3 sets of task threads.
LogStats: Stats thread started at 0.610272
LogICUInternationalization: ICU TimeZone Detection - Raw Offset: -5:00, Platform Override: ''
LogInit: Display: Loading text-based GConfig....
LogPluginManager: Mounting plugin MeshPainting
LogPluginManager: Mounting plugin XGEController
LogPluginManager: Mounting plugin AISupport
LogPluginManager: Mounting plugin LightPropagationVolume
LogPluginManager: Mounting plugin EnvironmentQueryEditor
LogPluginManager: Mounting plugin LiveLink
LogPluginManager: Mounting plugin GameplayCameras
LogPluginManager: Mounting plugin CameraShakePreviewer
LogPluginManager: Mounting plugin OodleData
LogPluginManager: Mounting plugin OodleNetwork
LogPluginManager: Mounting plugin TcpMessaging
LogPluginManager: Mounting plugin UdpMessaging
LogPluginManager: Mounting plugin LauncherChunkInstaller
LogPluginManager: Mounting plugin ActorSequence
LogPluginManager: Mounting plugin LevelSequenceEditor
LogPluginManager: Mounting plugin MatineeToLevelSequence
LogPluginManager: Mounting plugin TemplateSequence
LogPluginManager: Mounting plugin LuminPlatformFeatures
LogPluginManager: Mounting plugin AssetManagerEditor
LogPluginManager: Mounting plugin ScreenshotTools
LogPluginManager: Mounting plugin MagicLeapLightEstimation
LogPluginManager: Mounting plugin MagicLeapMedia
LogPluginManager: Mounting plugin DatasmithContent
LogPluginManager: Mounting plugin CryptoKeys
LogPluginManager: Mounting plugin AndroidMedia
LogPluginManager: Mounting plugin CurveEditorTools
LogPluginManager: Mounting plugin DataValidation
LogPluginManager: Mounting plugin VariantManagerContent
LogPluginManager: Mounting plugin FacialAnimation
LogPluginManager: Mounting plugin AnimationSharing
LogPluginManager: Mounting plugin GameplayTagsEditor
LogPluginManager: Mounting plugin GeometryMode
LogPluginManager: Mounting plugin OnlineSubsystem
LogPluginManager: Mounting plugin AvfMedia
LogPluginManager: Mounting plugin MacGraphicsSwitching
LogPluginManager: Mounting plugin MaterialAnalyzer
LogPluginManager: Mounting plugin MobileLauncherProfileWizard
LogPluginManager: Mounting plugin PluginBrowser
LogPluginManager: Mounting plugin SpeedTreeImporter
LogPluginManager: Mounting plugin MagicLeapPassableWorld
LogPluginManager: Mounting plugin Niagara
LogPluginManager: Mounting plugin Paper2D
LogPluginManager: Mounting plugin ImgMedia
LogPluginManager: Mounting plugin MagicLeap
LogPluginManager: Mounting plugin MediaCompositing
LogPluginManager: Mounting plugin MLSDK
LogPluginManager: Mounting plugin OnlineSubsystemNull
LogPluginManager: Mounting plugin OnlineSubsystemUtils
LogPluginManager: Mounting plugin CLionSourceCodeAccess
LogPluginManager: Mounting plugin MediaPlayerEditor
LogPluginManager: Mounting plugin CodeLiteSourceCodeAccess
LogPluginManager: Mounting plugin GitSourceControl
LogPluginManager: Mounting plugin KDevelopSourceCodeAccess
LogPluginManager: Mounting plugin NullSourceCodeAccess
LogPluginManager: Mounting plugin WebMMedia
LogPluginManager: Mounting plugin WmfMedia
LogPluginManager: Mounting plugin PixWinPlugin
LogPluginManager: Mounting plugin PerforceSourceControl
LogPluginManager: Mounting plugin PlasticSourceControl
LogPluginManager: Mounting plugin PluginUtils
LogPluginManager: Mounting plugin PropertyAccessNode
LogPluginManager: Mounting plugin RiderSourceCodeAccess
LogPluginManager: Mounting plugin SubversionSourceControl
LogPluginManager: Mounting plugin TextureFormatOodle
LogPluginManager: Mounting plugin UObjectPlugin
LogPluginManager: Mounting plugin VisualStudioCodeSourceCodeAccess
LogPluginManager: Mounting plugin XCodeSourceCodeAccess
LogPluginManager: Mounting plugin VisualStudioSourceCodeAccess
LogPluginManager: Mounting plugin ActorLayerUtilities
LogPluginManager: Mounting plugin AndroidDeviceProfileSelector
LogPluginManager: Mounting plugin AndroidMoviePlayer
LogPluginManager: Mounting plugin AndroidPermission
LogPluginManager: Mounting plugin AppleImageUtils
LogPluginManager: Mounting plugin AppleMoviePlayer
LogPluginManager: Mounting plugin ArchVisCharacter
LogPluginManager: Mounting plugin AssetTags
LogPluginManager: Mounting plugin AudioCapture
LogPluginManager: Mounting plugin AudioSynesthesia
LogPluginManager: Mounting plugin CableComponent
LogPluginManager: Mounting plugin ChunkDownloader
LogPluginManager: Mounting plugin CustomMeshComponent
LogPluginManager: Mounting plugin EditableMesh
LogPluginManager: Mounting plugin ExampleDeviceProfileSelector
LogPluginManager: Mounting plugin GoogleCloudMessaging
LogPluginManager: Mounting plugin GooglePAD
LogPluginManager: Mounting plugin IOSDeviceProfileSelector
LogPluginManager: Mounting plugin LinuxDeviceProfileSelector
LogPluginManager: Mounting plugin LocationServicesBPLibrary
LogPluginManager: Mounting plugin MobilePatchingUtils
LogPluginManager: Mounting plugin OpenXR
LogPluginManager: Mounting plugin OpenXREyeTracker
LogPluginManager: Mounting plugin OpenXRHandTracking
LogPluginManager: Mounting plugin PhysXVehicles
LogPluginManager: Mounting plugin PostSplashScreen
LogPluginManager: Mounting plugin ProceduralMeshComponent
LogPluginManager: Mounting plugin PropertyAccessEditor
LogPluginManager: Mounting plugin RuntimePhysXCooking
LogPluginManager: Mounting plugin SignificanceManager
LogPluginManager: Mounting plugin SoundFields
LogPluginManager: Mounting plugin WebMMoviePlayer
LogPluginManager: Mounting plugin WindowsMoviePlayer
LogPluginManager: Mounting plugin AlembicImporter
LogPluginManager: Mounting plugin AutomationUtils
LogPluginManager: Mounting plugin BackChannel
LogPluginManager: Mounting plugin ChaosCloth
LogPluginManager: Mounting plugin Synthesis
LogPluginManager: Mounting plugin ChaosClothEditor
LogPluginManager: Mounting plugin ChaosSolverPlugin
LogPluginManager: Mounting plugin ChaosEditor
LogPluginManager: Mounting plugin CharacterAI
LogPluginManager: Mounting plugin GeometryCache
LogPluginManager: Mounting plugin ChaosNiagara
LogPluginManager: Mounting plugin GeometryProcessing
LogPluginManager: Mounting plugin OpenImageDenoise
LogPluginManager: Mounting plugin GeometryCollectionPlugin
LogPluginManager: Mounting plugin PlanarCut
LogPluginManager: Mounting plugin PlatformCrypto
LogPluginManager: Mounting plugin ProxyLODPlugin
LogPluginManager: Mounting plugin SkeletalReduction
LogPluginManager: Mounting plugin MotoSynth
LogPluginManager: Mounting plugin PythonScriptPlugin
LogPluginManager: Mounting plugin Takes
LogPluginManager: Mounting plugin OnlineSubsystemGooglePlay
LogPluginManager: Mounting plugin OnlineSubsystemIOS
LogPluginManager: Mounting plugin ContentBrowserAssetDataSource
LogPluginManager: Mounting plugin ContentBrowserClassDataSource
LogPluginManager: Mounting plugin ContentBrowserFileDataSource
LogPluginManager: Mounting plugin SteamVR
LogPluginManager: Mounting plugin OculusVR
LogInit: Using libcurl 7.55.1-DEV
LogInit:  - built for x86_64-pc-win32
LogInit:  - supports SSL with OpenSSL/1.1.1
LogInit:  - supports HTTP deflate (compression) using libz 1.2.8
LogInit:  - other features:
LogInit:      CURL_VERSION_SSL
LogInit:      CURL_VERSION_LIBZ
LogInit:      CURL_VERSION_IPV6
LogInit:      CURL_VERSION_ASYNCHDNS
LogInit:      CURL_VERSION_LARGEFILE
LogInit:      CURL_VERSION_IDN
LogInit:  CurlRequestOptions (configurable via config and command line):
LogInit:  - bVerifyPeer = true  - Libcurl will verify peer certificate
LogInit:  - bUseHttpProxy = false  - Libcurl will NOT use HTTP proxy
LogInit:  - bDontReuseConnections = false  - Libcurl will reuse connections
LogInit:  - MaxHostConnections = 16  - Libcurl will limit the number of connections to a host
LogInit:  - LocalHostAddr = Default
LogInit:  - BufferSize = 65536
LogOnline: OSS: Creating online subsystem instance for: NULL
LogInit: WinSock: version 1.1 (2.2), MaxSocks=32767, MaxUdp=65467
LogOnline: OSS: TryLoadSubsystemAndSetDefault: Loaded subsystem for module [NULL]
PixWinPlugin: PIX capture plugin failed to initialize! Check that the process is launched from PIX.
LogOculusPluginWrapper: OculusPlugin initialized successfully
LogHMD: Failed initializing OVRPlugin 1.59.0
LogInit: Build: ++UE4+Release-4.27-CL-17735300
LogInit: Engine Version: 4.27.1-17735300+++UE4+Release-4.27
LogInit: Compatible Engine Version: 4.27.0-17155196+++UE4+Release-4.27
LogInit: Net CL: 17155196
LogInit: OS: Windows 10 (Release 2009) (), CPU: AMD Ryzen 5 5600X 6-Core Processor             , GPU: NVIDIA GeForce RTX 2060 SUPER
LogInit: Compiled (64-bit): Oct  6 2021 14:42:51
LogInit: Compiled with Visual C++: 19.24.28315.00
LogInit: Build Configuration: Development
LogInit: Branch Name: ++UE4+Release-4.27
LogInit: Command Line: 
LogInit: Base Directory: F:/Program files 86/UE_4.27/Engine/Binaries/Win64/
LogInit: Allocator: TBB
LogInit: Installed Engine Build: 1
LogDevObjectVersion: Number of dev versions registered: 29
LogDevObjectVersion:   Dev-Blueprints (B0D832E4-1F89-4F0D-ACCF-7EB736FD4AA2): 10
LogDevObjectVersion:   Dev-Build (E1C64328-A22C-4D53-A36C-8E866417BD8C): 0
LogDevObjectVersion:   Dev-Core (375EC13C-06E4-48FB-B500-84F0262A717E): 4
LogDevObjectVersion:   Dev-Editor (E4B068ED-F494-42E9-A231-DA0B2E46BB41): 40
LogDevObjectVersion:   Dev-Framework (CFFC743F-43B0-4480-9391-14DF171D2073): 37
LogDevObjectVersion:   Dev-Mobile (B02B49B5-BB20-44E9-A304-32B752E40360): 3
LogDevObjectVersion:   Dev-Networking (A4E4105C-59A1-49B5-A7C5-40C4547EDFEE): 0
LogDevObjectVersion:   Dev-Online (39C831C9-5AE6-47DC-9A44-9C173E1C8E7C): 0
LogDevObjectVersion:   Dev-Physics (78F01B33-EBEA-4F98-B9B4-84EACCB95AA2): 14
LogDevObjectVersion:   Dev-Platform (6631380F-2D4D-43E0-8009-CF276956A95A): 0
LogDevObjectVersion:   Dev-Rendering (12F88B9F-8875-4AFC-A67C-D90C383ABD29): 45
LogDevObjectVersion:   Dev-Sequencer (7B5AE74C-D270-4C10-A958-57980B212A5A): 13
LogDevObjectVersion:   Dev-VR (D7296918-1DD6-4BDD-9DE2-64A83CC13884): 3
LogDevObjectVersion:   Dev-LoadTimes (C2A15278-BFE7-4AFE-6C17-90FF531DF755): 1
LogDevObjectVersion:   Private-Geometry (6EACA3D4-40EC-4CC1-B786-8BED09428FC5): 3
LogDevObjectVersion:   Dev-AnimPhys (29E575DD-E0A3-4627-9D10-D276232CDCEA): 17
LogDevObjectVersion:   Dev-Anim (AF43A65D-7FD3-4947-9873-3E8ED9C1BB05): 15
LogDevObjectVersion:   Dev-ReflectionCapture (6B266CEC-1EC7-4B8F-A30B-E4D90942FC07): 1
LogDevObjectVersion:   Dev-Automation (0DF73D61-A23F-47EA-B727-89E90C41499A): 1
LogDevObjectVersion:   FortniteMain (601D1886-AC64-4F84-AA16-D3DE0DEAC7D6): 47
LogDevObjectVersion:   FortniteRelease (E7086368-6B23-4C58-8439-1B7016265E91): 1
LogDevObjectVersion:   Dev-Enterprise (9DFFBCD6-494F-0158-E221-12823C92A888): 10
LogDevObjectVersion:   Dev-Niagara (F2AED0AC-9AFE-416F-8664-AA7FFA26D6FC): 1
LogDevObjectVersion:   Dev-Destruction (174F1F0B-B4C6-45A5-B13F-2EE8D0FB917D): 10
LogDevObjectVersion:   Dev-Physics-Ext (35F94A83-E258-406C-A318-09F59610247C): 41
LogDevObjectVersion:   Dev-PhysicsMaterial-Chaos (B68FC16E-8B1B-42E2-B453-215C058844FE): 1
LogDevObjectVersion:   Dev-CineCamera (B2E18506-4273-CFC2-A54E-F4BB758BBA07): 1
LogDevObjectVersion:   Dev-VirtualProduction (64F58936-FD1B-42BA-BA96-7289D5D0FA4E): 1
LogDevObjectVersion:   Dev-MediaFramework (6F0ED827-A609-4895-9C91-998D90180EA4): 2
LogInit: Presizing for max 25165824 objects, including 0 objects not considered by GC, pre-allocating 0 bytes for permanent pool.
LogConfig: Applying CVar settings from Section [/Script/Engine.StreamingSettings] File [F:/Documents/Unreal/MushMush/Saved/Config/Windows/Engine.ini]
LogConfig: Setting CVar [[s.MinBulkDataSizeForAsyncLoading:131072]]
LogConfig: Setting CVar [[s.AsyncLoadingThreadEnabled:0]]
LogConfig: Setting CVar [[s.EventDrivenLoaderEnabled:1]]
LogConfig: Setting CVar [[s.WarnIfTimeLimitExceeded:0]]
LogConfig: Setting CVar [[s.TimeLimitExceededMultiplier:1.5]]
LogConfig: Setting CVar [[s.TimeLimitExceededMinTime:0.005]]
LogConfig: Setting CVar [[s.UseBackgroundLevelStreaming:1]]
LogConfig: Setting CVar [[s.PriorityAsyncLoadingExtraTime:15.0]]
LogConfig: Setting CVar [[s.LevelStreamingActorsUpdateTimeLimit:5.0]]
LogConfig: Setting CVar [[s.PriorityLevelStreamingActorsUpdateExtraTime:5.0]]
LogConfig: Setting CVar [[s.LevelStreamingComponentsRegistrationGranularity:10]]
LogConfig: Setting CVar [[s.UnregisterComponentsTimeLimit:1.0]]
LogConfig: Setting CVar [[s.LevelStreamingComponentsUnregistrationGranularity:5]]
LogConfig: Setting CVar [[s.FlushStreamingOnExit:1]]
LogInit: Object subsystem initialized
LogConfig: Setting CVar [[con.DebugEarlyDefault:1]]
LogConfig: Setting CVar [[r.setres:1280x720]]
[2022.03.13-17.56.55:468][  0]LogConfig: Setting CVar [[r.VSync:0]]
[2022.03.13-17.56.55:468][  0]LogConfig: Setting CVar [[r.RHICmdBypass:0]]
[2022.03.13-17.56.55:468][  0]LogConfig: Applying CVar settings from Section [/Script/Engine.RendererSettings] File [F:/Documents/Unreal/MushMush/Saved/Config/Windows/Engine.ini]
[2022.03.13-17.56.55:468][  0]LogConfig: Setting CVar [[r.GPUCrashDebugging:0]]
[2022.03.13-17.56.55:468][  0]LogConfig: Applying CVar settings from Section [/Script/Engine.RendererOverrideSettings] File [F:/Documents/Unreal/MushMush/Saved/Config/Windows/Engine.ini]
[2022.03.13-17.56.55:468][  0]LogConfig: Applying CVar settings from Section [/Script/Engine.StreamingSettings] File [F:/Documents/Unreal/MushMush/Saved/Config/Windows/Engine.ini]
[2022.03.13-17.56.55:468][  0]LogConfig: Setting CVar [[s.MinBulkDataSizeForAsyncLoading:131072]]
[2022.03.13-17.56.55:468][  0]LogConfig: Setting CVar [[s.AsyncLoadingThreadEnabled:0]]
[2022.03.13-17.56.55:468][  0]LogConfig: Setting CVar [[s.EventDrivenLoaderEnabled:1]]
[2022.03.13-17.56.55:468][  0]LogConfig: Setting CVar [[s.WarnIfTimeLimitExceeded:0]]
[2022.03.13-17.56.55:468][  0]LogConfig: Setting CVar [[s.TimeLimitExceededMultiplier:1.5]]
[2022.03.13-17.56.55:468][  0]LogConfig: Setting CVar [[s.TimeLimitExceededMinTime:0.005]]
[2022.03.13-17.56.55:468][  0]LogConfig: Setting CVar [[s.UseBackgroundLevelStreaming:1]]
[2022.03.13-17.56.55:468][  0]LogConfig: Setting CVar [[s.PriorityAsyncLoadingExtraTime:15.0]]
[2022.03.13-17.56.55:468][  0]LogConfig: Setting CVar [[s.LevelStreamingActorsUpdateTimeLimit:5.0]]
[2022.03.13-17.56.55:468][  0]LogConfig: Setting CVar [[s.PriorityLevelStreamingActorsUpdateExtraTime:5.0]]
[2022.03.13-17.56.55:469][  0]LogConfig: Setting CVar [[s.LevelStreamingComponentsRegistrationGranularity:10]]
[2022.03.13-17.56.55:469][  0]LogConfig: Setting CVar [[s.UnregisterComponentsTimeLimit:1.0]]
[2022.03.13-17.56.55:469][  0]LogConfig: Setting CVar [[s.LevelStreamingComponentsUnregistrationGranularity:5]]
[2022.03.13-17.56.55:469][  0]LogConfig: Setting CVar [[s.FlushStreamingOnExit:1]]
[2022.03.13-17.56.55:469][  0]LogConfig: Applying CVar settings from Section [/Script/Engine.GarbageCollectionSettings] File [F:/Documents/Unreal/MushMush/Saved/Config/Windows/Engine.ini]
[2022.03.13-17.56.55:469][  0]LogConfig: Setting CVar [[gc.MaxObjectsNotConsideredByGC:1]]
[2022.03.13-17.56.55:469][  0]LogConfig: Setting CVar [[gc.SizeOfPermanentObjectPool:0]]
[2022.03.13-17.56.55:469][  0]LogConfig: Setting CVar [[gc.FlushStreamingOnGC:0]]
[2022.03.13-17.56.55:469][  0]LogConfig: Setting CVar [[gc.NumRetriesBeforeForcingGC:10]]
[2022.03.13-17.56.55:469][  0]LogConfig: Setting CVar [[gc.AllowParallelGC:1]]
[2022.03.13-17.56.55:469][  0]LogConfig: Setting CVar [[gc.TimeBetweenPurgingPendingKillObjects:61.1]]
[2022.03.13-17.56.55:469][  0]LogConfig: Setting CVar [[gc.MaxObjectsInEditor:25165824]]
[2022.03.13-17.56.55:469][  0]LogConfig: Setting CVar [[gc.IncrementalBeginDestroyEnabled:1]]
[2022.03.13-17.56.55:469][  0]LogConfig: Setting CVar [[gc.CreateGCClusters:1]]
[2022.03.13-17.56.55:469][  0]LogConfig: Setting CVar [[gc.MinGCClusterSize:5]]
[2022.03.13-17.56.55:469][  0]LogConfig: Setting CVar [[gc.ActorClusteringEnabled:0]]
[2022.03.13-17.56.55:469][  0]LogConfig: Setting CVar [[gc.BlueprintClusteringEnabled:0]]
[2022.03.13-17.56.55:469][  0]LogConfig: Setting CVar [[gc.UseDisregardForGCOnDedicatedServers:0]]
[2022.03.13-17.56.55:469][  0]LogConfig: Setting CVar [[gc.MultithreadedDestructionEnabled:1]]
[2022.03.13-17.56.55:469][  0]LogConfig: Applying CVar settings from Section [/Script/Engine.NetworkSettings] File [F:/Documents/Unreal/MushMush/Saved/Config/Windows/Engine.ini]
[2022.03.13-17.56.55:469][  0]LogConfig: Applying CVar settings from Section [/Script/UnrealEd.CookerSettings] File [F:/Documents/Unreal/MushMush/Saved/Config/Windows/Engine.ini]
[2022.03.13-17.56.55:552][  0]LogConfig: Applying CVar settings from Section [ViewDistanceQuality@3] File [F:/Documents/Unreal/MushMush/Saved/Config/Windows/Scalability.ini]
[2022.03.13-17.56.55:552][  0]LogConfig: Setting CVar [[r.SkeletalMeshLODBias:0]]
[2022.03.13-17.56.55:552][  0]LogConfig: Setting CVar [[r.ViewDistanceScale:1.0]]
[2022.03.13-17.56.55:552][  0]LogConfig: Applying CVar settings from Section [AntiAliasingQuality@3] File [F:/Documents/Unreal/MushMush/Saved/Config/Windows/Scalability.ini]
[2022.03.13-17.56.55:552][  0]LogConfig: Setting CVar [[r.PostProcessAAQuality:4]]
[2022.03.13-17.56.55:552][  0]LogConfig: Applying CVar settings from Section [ShadowQuality@3] File [F:/Documents/Unreal/MushMush/Saved/Config/Windows/Scalability.ini]
[2022.03.13-17.56.55:552][  0]LogConfig: Setting CVar [[r.LightFunctionQuality:1]]
[2022.03.13-17.56.55:552][  0]LogConfig: Setting CVar [[r.ShadowQuality:5]]
[2022.03.13-17.56.55:552][  0]LogConfig: Setting CVar [[r.Shadow.CSM.MaxCascades:10]]
[2022.03.13-17.56.55:552][  0]LogConfig: Setting CVar [[r.Shadow.MaxResolution:2048]]
[2022.03.13-17.56.55:552][  0]LogConfig: Setting CVar [[r.Shadow.MaxCSMResolution:2048]]
[2022.03.13-17.56.55:552][  0]LogConfig: Setting CVar [[r.Shadow.RadiusThreshold:0.01]]
[2022.03.13-17.56.55:552][  0]LogConfig: Setting CVar [[r.Shadow.DistanceScale:1.0]]
[2022.03.13-17.56.55:552][  0]LogConfig: Setting CVar [[r.Shadow.CSM.TransitionScale:1.0]]
[2022.03.13-17.56.55:552][  0]LogConfig: Setting CVar [[r.Shadow.PreShadowResolutionFactor:1.0]]
[2022.03.13-17.56.55:552][  0]LogConfig: Setting CVar [[r.DistanceFieldShadowing:1]]
[2022.03.13-17.56.55:552][  0]LogConfig: Setting CVar [[r.DistanceFieldAO:1]]
[2022.03.13-17.56.55:552][  0]LogConfig: Setting CVar [[r.AOQuality:2]]
[2022.03.13-17.56.55:552][  0]LogConfig: Setting CVar [[r.VolumetricFog:1]]
[2022.03.13-17.56.55:552][  0]LogConfig: Setting CVar [[r.VolumetricFog.GridPixelSize:8]]
[2022.03.13-17.56.55:552][  0]LogConfig: Setting CVar [[r.VolumetricFog.GridSizeZ:128]]
[2022.03.13-17.56.55:552][  0]LogConfig: Setting CVar [[r.VolumetricFog.HistoryMissSupersampleCount:4]]
[2022.03.13-17.56.55:552][  0]LogConfig: Setting CVar [[r.LightMaxDrawDistanceScale:1]]
[2022.03.13-17.56.55:552][  0]LogConfig: Setting CVar [[r.CapsuleShadows:1]]
[2022.03.13-17.56.55:552][  0]LogConfig: Applying CVar settings from Section [PostProcessQuality@3] File [F:/Documents/Unreal/MushMush/Saved/Config/Windows/Scalability.ini]
[2022.03.13-17.56.55:552][  0]LogConfig: Setting CVar [[r.MotionBlurQuality:4]]
[2022.03.13-17.56.55:552][  0]LogConfig: Setting CVar [[r.AmbientOcclusionMipLevelFactor:0.4]]
[2022.03.13-17.56.55:552][  0]LogConfig: Setting CVar [[r.AmbientOcclusionMaxQuality:100]]
[2022.03.13-17.56.55:552][  0]LogConfig: Setting CVar [[r.AmbientOcclusionLevels:-1]]
[2022.03.13-17.56.55:552][  0]LogConfig: Setting CVar [[r.AmbientOcclusionRadiusScale:1.0]]
[2022.03.13-17.56.55:552][  0]LogConfig: Setting CVar [[r.DepthOfFieldQuality:2]]
[2022.03.13-17.56.55:552][  0]LogConfig: Setting CVar [[r.RenderTargetPoolMin:400]]
[2022.03.13-17.56.55:552][  0]LogConfig: Setting CVar [[r.LensFlareQuality:2]]
[2022.03.13-17.56.55:552][  0]LogConfig: Setting CVar [[r.SceneColorFringeQuality:1]]
[2022.03.13-17.56.55:552][  0]LogConfig: Setting CVar [[r.EyeAdaptationQuality:2]]
[2022.03.13-17.56.55:552][  0]LogConfig: Setting CVar [[r.BloomQuality:5]]
[2022.03.13-17.56.55:552][  0]LogConfig: Setting CVar [[r.FastBlurThreshold:100]]
[2022.03.13-17.56.55:552][  0]LogConfig: Setting CVar [[r.Upscale.Quality:3]]
[2022.03.13-17.56.55:552][  0]LogConfig: Setting CVar [[r.Tonemapper.GrainQuantization:1]]
[2022.03.13-17.56.55:552][  0]LogConfig: Setting CVar [[r.LightShaftQuality:1]]
[2022.03.13-17.56.55:552][  0]LogConfig: Setting CVar [[r.Filter.SizeScale:1]]
[2022.03.13-17.56.55:552][  0]LogConfig: Setting CVar [[r.Tonemapper.Quality:5]]
[2022.03.13-17.56.55:552][  0]LogConfig: Setting CVar [[r.DOF.Gather.AccumulatorQuality:1        ; higher gathering accumulator quality]]
[2022.03.13-17.56.55:552][  0]LogConfig: Setting CVar [[r.DOF.Gather.PostfilterMethod:1          ; Median3x3 postfilering method]]
[2022.03.13-17.56.55:552][  0]LogConfig: Setting CVar [[r.DOF.Gather.EnableBokehSettings:0       ; no bokeh simulation when gathering]]
[2022.03.13-17.56.55:552][  0]LogConfig: Setting CVar [[r.DOF.Gather.RingCount:4                 ; medium number of samples when gathering]]
[2022.03.13-17.56.55:552][  0]LogConfig: Setting CVar [[r.DOF.Scatter.ForegroundCompositing:1    ; additive foreground scattering]]
[2022.03.13-17.56.55:552][  0]LogConfig: Setting CVar [[r.DOF.Scatter.BackgroundCompositing:2    ; additive background scattering]]
[2022.03.13-17.56.55:552][  0]LogConfig: Setting CVar [[r.DOF.Scatter.EnableBokehSettings:1      ; bokeh simulation when scattering]]
[2022.03.13-17.56.55:552][  0]LogConfig: Setting CVar [[r.DOF.Scatter.MaxSpriteRatio:0.1         ; only a maximum of 10% of scattered bokeh]]
[2022.03.13-17.56.55:552][  0]LogConfig: Setting CVar [[r.DOF.Recombine.Quality:1                ; cheap slight out of focus]]
[2022.03.13-17.56.55:552][  0]LogConfig: Setting CVar [[r.DOF.Recombine.EnableBokehSettings:0    ; no bokeh simulation on slight out of focus]]
[2022.03.13-17.56.55:552][  0]LogConfig: Setting CVar [[r.DOF.TemporalAAQuality:1                ; more stable temporal accumulation]]
[2022.03.13-17.56.55:552][  0]LogConfig: Setting CVar [[r.DOF.Kernel.MaxForegroundRadius:0.025]]
[2022.03.13-17.56.55:552][  0]LogConfig: Setting CVar [[r.DOF.Kernel.MaxBackgroundRadius:0.025]]
[2022.03.13-17.56.55:553][  0]LogConfig: Applying CVar settings from Section [TextureQuality@3] File [F:/Documents/Unreal/MushMush/Saved/Config/Windows/Scalability.ini]
[2022.03.13-17.56.55:553][  0]LogConfig: Setting CVar [[r.Streaming.MipBias:0]]
[2022.03.13-17.56.55:553][  0]LogConfig: Setting CVar [[r.Streaming.AmortizeCPUToGPUCopy:0]]
[2022.03.13-17.56.55:553][  0]LogConfig: Setting CVar [[r.Streaming.MaxNumTexturesToStreamPerFrame:0]]
[2022.03.13-17.56.55:553][  0]LogConfig: Setting CVar [[r.Streaming.Boost:1]]
[2022.03.13-17.56.55:553][  0]LogConfig: Setting CVar [[r.MaxAnisotropy:8]]
[2022.03.13-17.56.55:553][  0]LogConfig: Setting CVar [[r.VT.MaxAnisotropy:8]]
[2022.03.13-17.56.55:553][  0]LogConfig: Setting CVar [[r.Streaming.LimitPoolSizeToVRAM:0]]
[2022.03.13-17.56.55:553][  0]LogConfig: Setting CVar [[r.Streaming.PoolSize:1000]]
[2022.03.13-17.56.55:553][  0]LogConfig: Setting CVar [[r.Streaming.MaxEffectiveScreenSize:0]]
[2022.03.13-17.56.55:553][  0]LogConfig: Applying CVar settings from Section [EffectsQuality@3] File [F:/Documents/Unreal/MushMush/Saved/Config/Windows/Scalability.ini]
[2022.03.13-17.56.55:553][  0]LogConfig: Setting CVar [[r.TranslucencyLightingVolumeDim:64]]
[2022.03.13-17.56.55:553][  0]LogConfig: Setting CVar [[r.RefractionQuality:2]]
[2022.03.13-17.56.55:553][  0]LogConfig: Setting CVar [[r.SSR.Quality:3]]
[2022.03.13-17.56.55:553][  0]LogConfig: Setting CVar [[r.SSR.HalfResSceneColor:0]]
[2022.03.13-17.56.55:553][  0]LogConfig: Setting CVar [[r.SceneColorFormat:4]]
[2022.03.13-17.56.55:553][  0]LogConfig: Setting CVar [[r.DetailMode:2]]
[2022.03.13-17.56.55:553][  0]LogConfig: Setting CVar [[r.TranslucencyVolumeBlur:1]]
[2022.03.13-17.56.55:553][  0]LogConfig: Setting CVar [[r.MaterialQualityLevel:1 ; High quality]]
[2022.03.13-17.56.55:553][  0]LogConfig: Setting CVar [[r.AnisotropicMaterials:1]]
[2022.03.13-17.56.55:553][  0]LogConfig: Setting CVar [[r.SSS.Scale:1]]
[2022.03.13-17.56.55:553][  0]LogConfig: Setting CVar [[r.SSS.SampleSet:2]]
[2022.03.13-17.56.55:553][  0]LogConfig: Setting CVar [[r.SSS.Quality:1]]
[2022.03.13-17.56.55:553][  0]LogConfig: Setting CVar [[r.SSS.HalfRes:0]]
[2022.03.13-17.56.55:553][  0]LogConfig: Setting CVar [[r.SSGI.Quality:3]]
[2022.03.13-17.56.55:553][  0]LogConfig: Setting CVar [[r.EmitterSpawnRateScale:1.0]]
[2022.03.13-17.56.55:553][  0]LogConfig: Setting CVar [[r.ParticleLightQuality:2]]
[2022.03.13-17.56.55:553][  0]LogConfig: Setting CVar [[r.SkyAtmosphere.AerialPerspectiveLUT.FastApplyOnOpaque:1 ; Always have FastSkyLUT 1 in this case to avoid wrong sky]]
[2022.03.13-17.56.55:553][  0]LogConfig: Setting CVar [[r.SkyAtmosphere.AerialPerspectiveLUT.SampleCountMaxPerSlice:4]]
[2022.03.13-17.56.55:553][  0]LogConfig: Setting CVar [[r.SkyAtmosphere.AerialPerspectiveLUT.DepthResolution:16.0]]
[2022.03.13-17.56.55:553][  0]LogConfig: Setting CVar [[r.SkyAtmosphere.FastSkyLUT:1]]
[2022.03.13-17.56.55:553][  0]LogConfig: Setting CVar [[r.SkyAtmosphere.FastSkyLUT.SampleCountMin:4.0]]
[2022.03.13-17.56.55:553][  0]LogConfig: Setting CVar [[r.SkyAtmosphere.FastSkyLUT.SampleCountMax:128.0]]
[2022.03.13-17.56.55:553][  0]LogConfig: Setting CVar [[r.SkyAtmosphere.SampleCountMin:4.0]]
[2022.03.13-17.56.55:553][  0]LogConfig: Setting CVar [[r.SkyAtmosphere.SampleCountMax:128.0]]
[2022.03.13-17.56.55:553][  0]LogConfig: Setting CVar [[r.SkyAtmosphere.TransmittanceLUT.UseSmallFormat:0]]
[2022.03.13-17.56.55:553][  0]LogConfig: Setting CVar [[r.SkyAtmosphere.TransmittanceLUT.SampleCount:10.0]]
[2022.03.13-17.56.55:553][  0]LogConfig: Setting CVar [[r.SkyAtmosphere.MultiScatteringLUT.SampleCount:15.0]]
[2022.03.13-17.56.55:553][  0]LogConfig: Setting CVar [[r.SkyLight.RealTimeReflectionCapture:1]]
[2022.03.13-17.56.55:553][  0]LogConfig: Applying CVar settings from Section [FoliageQuality@3] File [F:/Documents/Unreal/MushMush/Saved/Config/Windows/Scalability.ini]
[2022.03.13-17.56.55:553][  0]LogConfig: Setting CVar [[foliage.DensityScale:1.0]]
[2022.03.13-17.56.55:553][  0]LogConfig: Setting CVar [[grass.DensityScale:1.0]]
[2022.03.13-17.56.55:553][  0]LogConfig: Applying CVar settings from Section [ShadingQuality@3] File [F:/Documents/Unreal/MushMush/Saved/Config/Windows/Scalability.ini]
[2022.03.13-17.56.55:553][  0]LogConfig: Setting CVar [[r.HairStrands.SkyLighting.IntegrationType:2]]
[2022.03.13-17.56.55:553][  0]LogConfig: Setting CVar [[r.HairStrands.SkyAO.SampleCount:4]]
[2022.03.13-17.56.55:553][  0]LogConfig: Setting CVar [[r.HairStrands.Visibility.MSAA.SamplePerPixel:4]]
[2022.03.13-17.56.55:554][  0]LogInit: Selected Device Profile: [Windows]
[2022.03.13-17.56.55:554][  0]LogInit: Applying CVar settings loaded from the selected device profile: [Windows]
[2022.03.13-17.56.55:568][  0]LogHAL: Display: Platform has ~ 16 GB [17100251136 / 17179869184 / 16], which maps to Larger [LargestMinGB=32, LargerMinGB=12, DefaultMinGB=8, SmallerMinGB=6, SmallestMinGB=0)
[2022.03.13-17.56.55:568][  0]LogInit: Going up to parent DeviceProfile []
[2022.03.13-17.56.55:571][  0]LogConfig: Applying CVar settings from Section [ViewDistanceQuality@3] File [F:/Documents/Unreal/MushMush/Saved/Config/Windows/Scalability.ini]
[2022.03.13-17.56.55:571][  0]LogConfig: Setting CVar [[r.SkeletalMeshLODBias:0]]
[2022.03.13-17.56.55:571][  0]LogConfig: Setting CVar [[r.ViewDistanceScale:1.0]]
[2022.03.13-17.56.55:571][  0]LogConfig: Applying CVar settings from Section [AntiAliasingQuality@3] File [F:/Documents/Unreal/MushMush/Saved/Config/Windows/Scalability.ini]
[2022.03.13-17.56.55:571][  0]LogConfig: Setting CVar [[r.PostProcessAAQuality:4]]
[2022.03.13-17.56.55:571][  0]LogConfig: Applying CVar settings from Section [ShadowQuality@3] File [F:/Documents/Unreal/MushMush/Saved/Config/Windows/Scalability.ini]
[2022.03.13-17.56.55:571][  0]LogConfig: Setting CVar [[r.LightFunctionQuality:1]]
[2022.03.13-17.56.55:571][  0]LogConfig: Setting CVar [[r.ShadowQuality:5]]
[2022.03.13-17.56.55:571][  0]LogConfig: Setting CVar [[r.Shadow.CSM.MaxCascades:10]]
[2022.03.13-17.56.55:571][  0]LogConfig: Setting CVar [[r.Shadow.MaxResolution:2048]]
[2022.03.13-17.56.55:571][  0]LogConfig: Setting CVar [[r.Shadow.MaxCSMResolution:2048]]
[2022.03.13-17.56.55:571][  0]LogConfig: Setting CVar [[r.Shadow.RadiusThreshold:0.01]]
[2022.03.13-17.56.55:571][  0]LogConfig: Setting CVar [[r.Shadow.DistanceScale:1.0]]
[2022.03.13-17.56.55:571][  0]LogConfig: Setting CVar [[r.Shadow.CSM.TransitionScale:1.0]]
[2022.03.13-17.56.55:571][  0]LogConfig: Setting CVar [[r.Shadow.PreShadowResolutionFactor:1.0]]
[2022.03.13-17.56.55:571][  0]LogConfig: Setting CVar [[r.DistanceFieldShadowing:1]]
[2022.03.13-17.56.55:571][  0]LogConfig: Setting CVar [[r.DistanceFieldAO:1]]
[2022.03.13-17.56.55:571][  0]LogConfig: Setting CVar [[r.AOQuality:2]]
[2022.03.13-17.56.55:571][  0]LogConfig: Setting CVar [[r.VolumetricFog:1]]
[2022.03.13-17.56.55:571][  0]LogConfig: Setting CVar [[r.VolumetricFog.GridPixelSize:8]]
[2022.03.13-17.56.55:571][  0]LogConfig: Setting CVar [[r.VolumetricFog.GridSizeZ:128]]
[2022.03.13-17.56.55:571][  0]LogConfig: Setting CVar [[r.VolumetricFog.HistoryMissSupersampleCount:4]]
[2022.03.13-17.56.55:571][  0]LogConfig: Setting CVar [[r.LightMaxDrawDistanceScale:1]]
[2022.03.13-17.56.55:571][  0]LogConfig: Setting CVar [[r.CapsuleShadows:1]]
[2022.03.13-17.56.55:571][  0]LogConfig: Applying CVar settings from Section [PostProcessQuality@3] File [F:/Documents/Unreal/MushMush/Saved/Config/Windows/Scalability.ini]
[2022.03.13-17.56.55:571][  0]LogConfig: Setting CVar [[r.MotionBlurQuality:4]]
[2022.03.13-17.56.55:571][  0]LogConfig: Setting CVar [[r.AmbientOcclusionMipLevelFactor:0.4]]
[2022.03.13-17.56.55:571][  0]LogConfig: Setting CVar [[r.AmbientOcclusionMaxQuality:100]]
[2022.03.13-17.56.55:571][  0]LogConfig: Setting CVar [[r.AmbientOcclusionLevels:-1]]
[2022.03.13-17.56.55:571][  0]LogConfig: Setting CVar [[r.AmbientOcclusionRadiusScale:1.0]]
[2022.03.13-17.56.55:571][  0]LogConfig: Setting CVar [[r.DepthOfFieldQuality:2]]
[2022.03.13-17.56.55:571][  0]LogConfig: Setting CVar [[r.RenderTargetPoolMin:400]]
[2022.03.13-17.56.55:571][  0]LogConfig: Setting CVar [[r.LensFlareQuality:2]]
[2022.03.13-17.56.55:571][  0]LogConfig: Setting CVar [[r.SceneColorFringeQuality:1]]
[2022.03.13-17.56.55:571][  0]LogConfig: Setting CVar [[r.EyeAdaptationQuality:2]]
[2022.03.13-17.56.55:571][  0]LogConfig: Setting CVar [[r.BloomQuality:5]]
[2022.03.13-17.56.55:571][  0]LogConfig: Setting CVar [[r.FastBlurThreshold:100]]
[2022.03.13-17.56.55:571][  0]LogConfig: Setting CVar [[r.Upscale.Quality:3]]
[2022.03.13-17.56.55:571][  0]LogConfig: Setting CVar [[r.Tonemapper.GrainQuantization:1]]
[2022.03.13-17.56.55:571][  0]LogConfig: Setting CVar [[r.LightShaftQuality:1]]
[2022.03.13-17.56.55:571][  0]LogConfig: Setting CVar [[r.Filter.SizeScale:1]]
[2022.03.13-17.56.55:571][  0]LogConfig: Setting CVar [[r.Tonemapper.Quality:5]]
[2022.03.13-17.56.55:571][  0]LogConfig: Setting CVar [[r.DOF.Gather.AccumulatorQuality:1        ; higher gathering accumulator quality]]
[2022.03.13-17.56.55:571][  0]LogConfig: Setting CVar [[r.DOF.Gather.PostfilterMethod:1          ; Median3x3 postfilering method]]
[2022.03.13-17.56.55:571][  0]LogConfig: Setting CVar [[r.DOF.Gather.EnableBokehSettings:0       ; no bokeh simulation when gathering]]
[2022.03.13-17.56.55:571][  0]LogConfig: Setting CVar [[r.DOF.Gather.RingCount:4                 ; medium number of samples when gathering]]
[2022.03.13-17.56.55:571][  0]LogConfig: Setting CVar [[r.DOF.Scatter.ForegroundCompositing:1    ; additive foreground scattering]]
[2022.03.13-17.56.55:572][  0]LogConfig: Setting CVar [[r.DOF.Scatter.BackgroundCompositing:2    ; additive background scattering]]
[2022.03.13-17.56.55:572][  0]LogConfig: Setting CVar [[r.DOF.Scatter.EnableBokehSettings:1      ; bokeh simulation when scattering]]
[2022.03.13-17.56.55:572][  0]LogConfig: Setting CVar [[r.DOF.Scatter.MaxSpriteRatio:0.1         ; only a maximum of 10% of scattered bokeh]]
[2022.03.13-17.56.55:572][  0]LogConfig: Setting CVar [[r.DOF.Recombine.Quality:1                ; cheap slight out of focus]]
[2022.03.13-17.56.55:572][  0]LogConfig: Setting CVar [[r.DOF.Recombine.EnableBokehSettings:0    ; no bokeh simulation on slight out of focus]]
[2022.03.13-17.56.55:572][  0]LogConfig: Setting CVar [[r.DOF.TemporalAAQuality:1                ; more stable temporal accumulation]]
[2022.03.13-17.56.55:572][  0]LogConfig: Setting CVar [[r.DOF.Kernel.MaxForegroundRadius:0.025]]
[2022.03.13-17.56.55:572][  0]LogConfig: Setting CVar [[r.DOF.Kernel.MaxBackgroundRadius:0.025]]
[2022.03.13-17.56.55:572][  0]LogConfig: Applying CVar settings from Section [TextureQuality@3] File [F:/Documents/Unreal/MushMush/Saved/Config/Windows/Scalability.ini]
[2022.03.13-17.56.55:572][  0]LogConfig: Setting CVar [[r.Streaming.MipBias:0]]
[2022.03.13-17.56.55:572][  0]LogConfig: Setting CVar [[r.Streaming.AmortizeCPUToGPUCopy:0]]
[2022.03.13-17.56.55:572][  0]LogConfig: Setting CVar [[r.Streaming.MaxNumTexturesToStreamPerFrame:0]]
[2022.03.13-17.56.55:572][  0]LogConfig: Setting CVar [[r.Streaming.Boost:1]]
[2022.03.13-17.56.55:572][  0]LogConfig: Setting CVar [[r.MaxAnisotropy:8]]
[2022.03.13-17.56.55:572][  0]LogConfig: Setting CVar [[r.VT.MaxAnisotropy:8]]
[2022.03.13-17.56.55:572][  0]LogConfig: Setting CVar [[r.Streaming.LimitPoolSizeToVRAM:0]]
[2022.03.13-17.56.55:572][  0]LogConfig: Setting CVar [[r.Streaming.PoolSize:1000]]
[2022.03.13-17.56.55:572][  0]LogConfig: Setting CVar [[r.Streaming.MaxEffectiveScreenSize:0]]
[2022.03.13-17.56.55:572][  0]LogConfig: Applying CVar settings from Section [EffectsQuality@3] File [F:/Documents/Unreal/MushMush/Saved/Config/Windows/Scalability.ini]
[2022.03.13-17.56.55:572][  0]LogConfig: Setting CVar [[r.TranslucencyLightingVolumeDim:64]]
[2022.03.13-17.56.55:572][  0]LogConfig: Setting CVar [[r.RefractionQuality:2]]
[2022.03.13-17.56.55:572][  0]LogConfig: Setting CVar [[r.SSR.Quality:3]]
[2022.03.13-17.56.55:572][  0]LogConfig: Setting CVar [[r.SSR.HalfResSceneColor:0]]
[2022.03.13-17.56.55:572][  0]LogConfig: Setting CVar [[r.SceneColorFormat:4]]
[2022.03.13-17.56.55:572][  0]LogConfig: Setting CVar [[r.DetailMode:2]]
[2022.03.13-17.56.55:572][  0]LogConfig: Setting CVar [[r.TranslucencyVolumeBlur:1]]
[2022.03.13-17.56.55:572][  0]LogConfig: Setting CVar [[r.MaterialQualityLevel:1 ; High quality]]
[2022.03.13-17.56.55:572][  0]LogConfig: Setting CVar [[r.AnisotropicMaterials:1]]
[2022.03.13-17.56.55:572][  0]LogConfig: Setting CVar [[r.SSS.Scale:1]]
[2022.03.13-17.56.55:572][  0]LogConfig: Setting CVar [[r.SSS.SampleSet:2]]
[2022.03.13-17.56.55:572][  0]LogConfig: Setting CVar [[r.SSS.Quality:1]]
[2022.03.13-17.56.55:572][  0]LogConfig: Setting CVar [[r.SSS.HalfRes:0]]
[2022.03.13-17.56.55:572][  0]LogConfig: Setting CVar [[r.SSGI.Quality:3]]
[2022.03.13-17.56.55:572][  0]LogConfig: Setting CVar [[r.EmitterSpawnRateScale:1.0]]
[2022.03.13-17.56.55:572][  0]LogConfig: Setting CVar [[r.ParticleLightQuality:2]]
[2022.03.13-17.56.55:572][  0]LogConfig: Setting CVar [[r.SkyAtmosphere.AerialPerspectiveLUT.FastApplyOnOpaque:1 ; Always have FastSkyLUT 1 in this case to avoid wrong sky]]
[2022.03.13-17.56.55:572][  0]LogConfig: Setting CVar [[r.SkyAtmosphere.AerialPerspectiveLUT.SampleCountMaxPerSlice:4]]
[2022.03.13-17.56.55:572][  0]LogConfig: Setting CVar [[r.SkyAtmosphere.AerialPerspectiveLUT.DepthResolution:16.0]]
[2022.03.13-17.56.55:572][  0]LogConfig: Setting CVar [[r.SkyAtmosphere.FastSkyLUT:1]]
[2022.03.13-17.56.55:572][  0]LogConfig: Setting CVar [[r.SkyAtmosphere.FastSkyLUT.SampleCountMin:4.0]]
[2022.03.13-17.56.55:572][  0]LogConfig: Setting CVar [[r.SkyAtmosphere.FastSkyLUT.SampleCountMax:128.0]]
[2022.03.13-17.56.55:572][  0]LogConfig: Setting CVar [[r.SkyAtmosphere.SampleCountMin:4.0]]
[2022.03.13-17.56.55:572][  0]LogConfig: Setting CVar [[r.SkyAtmosphere.SampleCountMax:128.0]]
[2022.03.13-17.56.55:572][  0]LogConfig: Setting CVar [[r.SkyAtmosphere.TransmittanceLUT.UseSmallFormat:0]]
[2022.03.13-17.56.55:572][  0]LogConfig: Setting CVar [[r.SkyAtmosphere.TransmittanceLUT.SampleCount:10.0]]
[2022.03.13-17.56.55:572][  0]LogConfig: Setting CVar [[r.SkyAtmosphere.MultiScatteringLUT.SampleCount:15.0]]
[2022.03.13-17.56.55:572][  0]LogConfig: Setting CVar [[r.SkyLight.RealTimeReflectionCapture:1]]
[2022.03.13-17.56.55:572][  0]LogConfig: Applying CVar settings from Section [FoliageQuality@3] File [F:/Documents/Unreal/MushMush/Saved/Config/Windows/Scalability.ini]
[2022.03.13-17.56.55:572][  0]LogConfig: Setting CVar [[foliage.DensityScale:1.0]]
[2022.03.13-17.56.55:572][  0]LogConfig: Setting CVar [[grass.DensityScale:1.0]]
[2022.03.13-17.56.55:572][  0]LogConfig: Applying CVar settings from Section [ShadingQuality@3] File [F:/Documents/Unreal/MushMush/Saved/Config/Windows/Scalability.ini]
[2022.03.13-17.56.55:572][  0]LogConfig: Setting CVar [[r.HairStrands.SkyLighting.IntegrationType:2]]
[2022.03.13-17.56.55:572][  0]LogConfig: Setting CVar [[r.HairStrands.SkyAO.SampleCount:4]]
[2022.03.13-17.56.55:572][  0]LogConfig: Setting CVar [[r.HairStrands.Visibility.MSAA.SamplePerPixel:4]]
[2022.03.13-17.56.55:572][  0]LogConfig: Applying CVar settings from Section [Startup] File [../../../Engine/Config/ConsoleVariables.ini]
[2022.03.13-17.56.55:584][  0]LogConfig: Setting CVar [[net.UseAdaptiveNetUpdateFrequency:0]]
[2022.03.13-17.56.55:584][  0]LogConfig: Setting CVar [[p.chaos.AllowCreatePhysxBodies:1]]
[2022.03.13-17.56.55:584][  0]LogConfig: Setting CVar [[fx.SkipVectorVMBackendOptimizations:1]]
[2022.03.13-17.56.55:584][  0]LogConfig: Applying CVar settings from Section [ConsoleVariables] File [F:/Documents/Unreal/MushMush/Saved/Config/Windows/Engine.ini]
[2022.03.13-17.56.55:584][  0]LogConfig: Applying CVar settings from Section [ConsoleVariables] File [F:/Documents/Unreal/MushMush/Saved/Config/Windows/Editor.ini]
[2022.03.13-17.56.55:595][  0]LogInit: Computer: DESKTOP-U92TRET
[2022.03.13-17.56.55:595][  0]LogInit: User: lordj
[2022.03.13-17.56.55:595][  0]LogInit: CPU Page size=4096, Cores=6
[2022.03.13-17.56.55:595][  0]LogInit: High frequency timer resolution =10.000000 MHz
[2022.03.13-17.56.55:595][  0]LogMemory: Memory total: Physical=15.9GB (16GB approx)
[2022.03.13-17.56.55:603][  0]LogMemory: Platform Memory Stats for Windows
[2022.03.13-17.56.55:603][  0]LogMemory: Process Physical Memory: 145.45 MB used, 145.45 MB peak
[2022.03.13-17.56.55:603][  0]LogMemory: Process Virtual Memory: 129.45 MB used, 129.45 MB peak
[2022.03.13-17.56.55:603][  0]LogMemory: Physical Memory: 6560.03 MB used,  9748.04 MB free, 16308.07 MB total
[2022.03.13-17.56.55:603][  0]LogMemory: Virtual Memory: 134196904.00 MB used,  20823.29 MB free, 134217728.00 MB total
[2022.03.13-17.56.55:669][  0]LogWindows: WindowsPlatformFeatures enabled
[2022.03.13-17.56.56:602][  0]LogInit: Physics initialised using underlying interface: PhysX
[2022.03.13-17.56.56:631][  0]LogInit: Using OS detected language (en-US).
[2022.03.13-17.56.56:631][  0]LogInit: Using OS detected locale (en-US).
[2022.03.13-17.56.56:772][  0]LogTextLocalizationManager: No specific localization for 'en-US' exists, so the 'en' localization will be used.
[2022.03.13-17.56.57:526][  0]LogInit: Setting process to per monitor DPI aware
[2022.03.13-17.56.57:775][  0]LogWindowsTextInputMethodSystem: Display: IME system deactivated.
[2022.03.13-17.56.58:354][  0]LogSlate: New Slate User Created.  User Index 0, Is Virtual User: 0
[2022.03.13-17.56.58:354][  0]LogSlate: Slate User Registered.  User Index 0, Is Virtual User: 0
[2022.03.13-17.57.01:084][  0]LogD3D11RHI: Loaded GFSDK_Aftermath_Lib.x64.dll
[2022.03.13-17.57.01:109][  0]LogHMD: Failed to initialize OpenVR with code 110
[2022.03.13-17.57.01:109][  0]LogD3D11RHI: D3D11 min allowed feature level: 11_0
[2022.03.13-17.57.01:109][  0]LogD3D11RHI: D3D11 max allowed feature level: 11_0
[2022.03.13-17.57.01:109][  0]LogD3D11RHI: D3D11 adapters:
[2022.03.13-17.57.01:198][  0]LogD3D11RHI:    0. 'NVIDIA GeForce RTX 2060 SUPER' (Feature Level 11_0)
[2022.03.13-17.57.01:198][  0]LogD3D11RHI:       8031/0/8154 MB DedicatedVideo/DedicatedSystem/SharedSystem, Outputs:2, VendorId:0x10de
[2022.03.13-17.57.01:199][  0]LogD3D11RHI:    1. 'Microsoft Basic Render Driver' (Feature Level 11_0)
[2022.03.13-17.57.01:200][  0]LogD3D11RHI:       0/0/8154 MB DedicatedVideo/DedicatedSystem/SharedSystem, Outputs:0, VendorId:0x1414
[2022.03.13-17.57.01:200][  0]LogD3D11RHI: Chosen D3D11 Adapter:
[2022.03.13-17.57.01:200][  0]LogD3D11RHI:     Description : NVIDIA GeForce RTX 2060 SUPER
[2022.03.13-17.57.01:200][  0]LogD3D11RHI:     VendorId    : 10de
[2022.03.13-17.57.01:200][  0]LogD3D11RHI:     DeviceId    : 1f06
[2022.03.13-17.57.01:200][  0]LogD3D11RHI:     SubSysId    : c7521462
[2022.03.13-17.57.01:200][  0]LogD3D11RHI:     Revision    : 00a1
[2022.03.13-17.57.01:200][  0]LogD3D11RHI:     DedicatedVideoMemory : 8421113856 bytes
[2022.03.13-17.57.01:200][  0]LogD3D11RHI:     DedicatedSystemMemory : 0 bytes
[2022.03.13-17.57.01:200][  0]LogD3D11RHI:     SharedSystemMemory : 8550125568 bytes
[2022.03.13-17.57.01:200][  0]LogD3D11RHI:     AdapterLuid : 0 61084
[2022.03.13-17.57.01:227][  0]LogD3D11RHI: Creating new Direct3DDevice
[2022.03.13-17.57.01:227][  0]LogD3D11RHI:     GPU DeviceId: 0x1f06 (for the marketing name, search the web for "GPU Device Id")
[2022.03.13-17.57.01:227][  0]LogWindows: EnumDisplayDevices:
[2022.03.13-17.57.01:227][  0]LogWindows:    0. 'NVIDIA GeForce RTX 2060 SUPER' (P:1 D:1)
[2022.03.13-17.57.01:227][  0]LogWindows:    1. 'NVIDIA GeForce RTX 2060 SUPER' (P:0 D:1)
[2022.03.13-17.57.01:227][  0]LogWindows:    2. 'NVIDIA GeForce RTX 2060 SUPER' (P:0 D:0)
[2022.03.13-17.57.01:227][  0]LogWindows:    3. 'NVIDIA GeForce RTX 2060 SUPER' (P:0 D:0)
[2022.03.13-17.57.01:227][  0]LogWindows: DebugString: FoundDriverCount:4 
[2022.03.13-17.57.01:227][  0]LogD3D11RHI:     Adapter Name: NVIDIA GeForce RTX 2060 SUPER
[2022.03.13-17.57.01:255][  0]LogD3D11RHI:   Driver Version: 511.65 (internal:30.0.15.1165, unified:511.65)
[2022.03.13-17.57.01:255][  0]LogD3D11RHI:      Driver Date: 1-28-2022
[2022.03.13-17.57.01:256][  0]LogRHI: Texture pool is 5621 MB (70% of 8031 MB)
[2022.03.13-17.57.01:256][  0]LogD3D11RHI: Creating D3DDevice using adapter:
[2022.03.13-17.57.01:256][  0]LogD3D11RHI:     Description : NVIDIA GeForce RTX 2060 SUPER
[2022.03.13-17.57.01:256][  0]LogD3D11RHI:     VendorId    : 10de
[2022.03.13-17.57.01:256][  0]LogD3D11RHI:     DeviceId    : 1f06
[2022.03.13-17.57.01:256][  0]LogD3D11RHI:     SubSysId    : c7521462
[2022.03.13-17.57.01:256][  0]LogD3D11RHI:     Revision    : 00a1
[2022.03.13-17.57.01:256][  0]LogD3D11RHI:     DedicatedVideoMemory : 8421113856 bytes
[2022.03.13-17.57.01:256][  0]LogD3D11RHI:     DedicatedSystemMemory : 0 bytes
[2022.03.13-17.57.01:256][  0]LogD3D11RHI:     SharedSystemMemory : 8550125568 bytes
[2022.03.13-17.57.01:256][  0]LogD3D11RHI:     AdapterLuid : 0 61084
[2022.03.13-17.57.01:305][  0]LogD3D11RHI: RHI has support for 64 bit atomics
[2022.03.13-17.57.01:306][  0]LogD3D11RHI: Async texture creation enabled
[2022.03.13-17.57.01:306][  0]LogD3D11RHI: Array index from any shader is supported
[2022.03.13-17.57.01:795][  0]LogD3D11RHI: GPU Timing Frequency: 1000.000000 (Debug: 2 1)
[2022.03.13-17.57.01:975][  0]LogRHI: GeForceNow SDK initialized: 1
[2022.03.13-17.57.02:830][  0]LogTargetPlatformManager: Display: Loaded TargetPlatform 'AllDesktop'
[2022.03.13-17.57.02:900][  0]LogTargetPlatformManager: Display: Loaded TargetPlatform 'Android'
[2022.03.13-17.57.02:900][  0]LogTargetPlatformManager: Display: Loaded TargetPlatform 'Android_ASTC'
[2022.03.13-17.57.02:900][  0]LogTargetPlatformManager: Display: Loaded TargetPlatform 'Android_DXT'
[2022.03.13-17.57.02:900][  0]LogTargetPlatformManager: Display: Loaded TargetPlatform 'Android_ETC2'
[2022.03.13-17.57.02:900][  0]LogTargetPlatformManager: Display: Loaded TargetPlatform 'AndroidClient'
[2022.03.13-17.57.02:900][  0]LogTargetPlatformManager: Display: Loaded TargetPlatform 'Android_ASTCClient'
[2022.03.13-17.57.02:900][  0]LogTargetPlatformManager: Display: Loaded TargetPlatform 'Android_DXTClient'
[2022.03.13-17.57.02:900][  0]LogTargetPlatformManager: Display: Loaded TargetPlatform 'Android_ETC2Client'
[2022.03.13-17.57.02:900][  0]LogTargetPlatformManager: Display: Loaded TargetPlatform 'Android_Multi'
[2022.03.13-17.57.02:900][  0]LogTargetPlatformManager: Display: Loaded TargetPlatform 'Android_MultiClient'
[2022.03.13-17.57.03:030][  0]LogTargetPlatformManager: Display: Loaded TargetPlatform 'IOSClient'
[2022.03.13-17.57.03:031][  0]LogTargetPlatformManager: Display: Loaded TargetPlatform 'IOS'
[2022.03.13-17.57.03:139][  0]LogTargetPlatformManager: Display: Loaded TargetPlatform 'Linux'
[2022.03.13-17.57.03:167][  0]LogTargetPlatformManager: Display: Loaded TargetPlatform 'LinuxNoEditor'
[2022.03.13-17.57.03:207][  0]LogTargetPlatformManager: Display: Loaded TargetPlatform 'LinuxClient'
[2022.03.13-17.57.03:223][  0]LogTargetPlatformManager: Display: Loaded TargetPlatform 'LinuxServer'
[2022.03.13-17.57.03:289][  0]LogTargetPlatformManager: Display: Loaded TargetPlatform 'LinuxAArch64NoEditor'
[2022.03.13-17.57.03:313][  0]LogTargetPlatformManager: Display: Loaded TargetPlatform 'LinuxAArch64Client'
[2022.03.13-17.57.03:346][  0]LogTargetPlatformManager: Display: Loaded TargetPlatform 'LinuxAArch64Server'
[2022.03.13-17.57.03:401][  0]LogTargetPlatformManager: Display: Loaded TargetPlatform 'Lumin'
[2022.03.13-17.57.03:401][  0]LogTargetPlatformManager: Display: Loaded TargetPlatform 'LuminClient'
[2022.03.13-17.57.03:477][  0]LogTargetPlatformManager: Display: Loaded TargetPlatform 'MacNoEditor'
[2022.03.13-17.57.03:505][  0]LogTargetPlatformManager: Display: Loaded TargetPlatform 'Mac'
[2022.03.13-17.57.03:594][  0]LogTargetPlatformManager: Display: Loaded TargetPlatform 'MacClient'
[2022.03.13-17.57.03:610][  0]LogTargetPlatformManager: Display: Loaded TargetPlatform 'MacServer'
[2022.03.13-17.57.03:648][  0]LogTargetPlatformManager: Display: Loaded TargetPlatform 'TVOSClient'
[2022.03.13-17.57.03:648][  0]LogTargetPlatformManager: Display: Loaded TargetPlatform 'TVOS'
[2022.03.13-17.57.03:717][  0]LogTargetPlatformManager: Display: Loaded TargetPlatform 'WindowsNoEditor'
[2022.03.13-17.57.03:747][  0]LogTargetPlatformManager: Display: Loaded TargetPlatform 'Windows'
[2022.03.13-17.57.03:768][  0]LogTargetPlatformManager: Display: Loaded TargetPlatform 'WindowsClient'
[2022.03.13-17.57.03:785][  0]LogTargetPlatformManager: Display: Loaded TargetPlatform 'WindowsServer'
[2022.03.13-17.57.03:785][  0]LogTargetPlatformManager: Display: Building Assets For Windows
[2022.03.13-17.57.04:146][  0]LogAudioDebug: Display: Lib vorbis DLL was dynamically loaded.
[2022.03.13-17.57.04:551][  0]LogTextureFormatOodle: Display: Oodle Texture 2.9.0 init RDO Off
[2022.03.13-17.57.05:292][  0]LogRendererCore: Ray tracing is disabled. Reason: r.RayTracing=0.
[2022.03.13-17.57.05:326][  0]LogShaderCompilers: Guid format shader working directory is 6 characters bigger than the processId version (../../../../../Documents/Unreal/MushMush/Intermediate/Shaders/WorkingDirectory/3560/).
[2022.03.13-17.57.05:326][  0]LogShaderCompilers: Cleaned the shader compiler working directory 'C:/Users/lordj/AppData/Local/Temp/UnrealShaderWorkingDir/48F21673403FA30FC40670A8787A70B9/'.
[2022.03.13-17.57.05:343][  0]LogXGEController: Cannot use XGE Controller as Incredibuild is not installed on this machine.
[2022.03.13-17.57.05:343][  0]LogShaderCompilers: Cannot use XGE Shader Compiler as Incredibuild is not installed on this machine.
[2022.03.13-17.57.05:343][  0]LogShaderCompilers: Display: Using Local Shader Compiler.
[2022.03.13-17.57.09:159][  0]LogDerivedDataCache: Display: Max Cache Size: 512 MB
[2022.03.13-17.57.09:466][  0]LogDerivedDataCache: Loaded boot cache 0.31s 94MB C:/Users/lordj/AppData/Local/UnrealEngine/4.27/DerivedDataCache/Boot.ddc.
[2022.03.13-17.57.09:467][  0]LogDerivedDataCache: Display: Loaded Boot cache: C:/Users/lordj/AppData/Local/UnrealEngine/4.27/DerivedDataCache/Boot.ddc
[2022.03.13-17.57.09:467][  0]LogDerivedDataCache: FDerivedDataBackendGraph:  Pak pak cache file ../../../../../Documents/Unreal/MushMush/DerivedDataCache/DDC.ddp not found, will not use a pak cache.
[2022.03.13-17.57.09:467][  0]LogDerivedDataCache: Unable to find inner node Pak for hierarchical cache Hierarchy.
[2022.03.13-17.57.09:467][  0]LogDerivedDataCache: FDerivedDataBackendGraph:  CompressedPak pak cache file ../../../../../Documents/Unreal/MushMush/DerivedDataCache/Compressed.ddp not found, will not use a pak cache.
[2022.03.13-17.57.09:467][  0]LogDerivedDataCache: Unable to find inner node CompressedPak for hierarchical cache Hierarchy.
[2022.03.13-17.57.09:556][  0]LogDerivedDataCache: Display: Pak cache opened for reading ../../../Engine/DerivedDataCache/Compressed.ddp.
[2022.03.13-17.57.09:556][  0]LogDerivedDataCache: FDerivedDataBackendGraph:  EnterprisePak pak cache file ../../../Enterprise/DerivedDataCache/Compressed.ddp not found, will not use a pak cache.
[2022.03.13-17.57.09:556][  0]LogDerivedDataCache: Unable to find inner node EnterprisePak for hierarchical cache Hierarchy.
[2022.03.13-17.57.09:611][  0]LogDerivedDataCache: Speed tests for C:/Users/lordj/AppData/Local/UnrealEngine/Common/DerivedDataCache took 0.05 seconds
[2022.03.13-17.57.09:611][  0]LogDerivedDataCache: Display: Performance to C:/Users/lordj/AppData/Local/UnrealEngine/Common/DerivedDataCache: Latency=0.16ms. RandomReadSpeed=19.27MBs, RandomWriteSpeed=217.42MBs. Assigned SpeedClass 'Local'
[2022.03.13-17.57.09:613][  0]LogDerivedDataCache: Using Local data cache path C:/Users/lordj/AppData/Local/UnrealEngine/Common/DerivedDataCache: Writable
[2022.03.13-17.57.09:613][  0]LogDerivedDataCache: Shared data cache path not found in *engine.ini, will not use an Shared cache.
[2022.03.13-17.57.09:613][  0]LogDerivedDataCache: Unable to find inner node Shared for hierarchical cache Hierarchy.
[2022.03.13-17.57.09:859][  0]LogSlate: Using FreeType 2.10.0
[2022.03.13-17.57.09:990][  0]LogSlate: SlateFontServices - WITH_FREETYPE: 1, WITH_HARFBUZZ: 1
[2022.03.13-17.57.10:580][  0]LogAssetRegistry: FAssetRegistry took 0.0069 seconds to start up
[2022.03.13-17.57.16:884][  0]LogInit: Selected Device Profile: [Windows]
[2022.03.13-17.57.16:884][  0]LogInit: Active device profile: [000002380BD32B00][0000023808D23640 49] Windows
[2022.03.13-17.57.16:884][  0]LogInit: Profiles: [000002380BD32B00][0000023808D23640 49] Windows, [000002380BCE9700][000002380C9B17C0 49] WindowsNoEditor, [000002380BD31700][000002380C9B5940 49] WindowsServer, [000002380BCEA300][000002380C9B9AC0 49] WindowsClient, [000002380BD32200][000002380C9BC0C0 49] IOS, [000002380BCE9400][000002380C9C0240 49] iPadAir, [000002380BD33200][000002380C9C43C0 49] iPadAir2, [000002380BC9B200][0000023808D26640 49] IPadPro, [000002380BC9B300][000002380C9C8680 49] iPadAir3, [000002380BD31000][000002380C9CC7C0 49] iPadAir4, [000002380BC99C00][000002380C9D0900 49] iPadMini2, [000002380BD32000][000002380C9D8A80 49] iPadMini3, [000002380BC99600][000002380C9DCC00 49] iPadMini4, [000002380BD32C00][000002380C9E0D80 49] iPadMini5, [000002380BCDE700][000002380C9E9040 49] iPhone6, [000002380BCDE800][000002380C9E5080 49] iPodTouch6, [000002380BC98D00][000002380C9F1340 49] iPhone7, [000002380BC98C00][000002380C9ED380 49] iPodTouch7, [000002380BCDDB00][000002380C9F5500 49] iPhone5S, [000002380BC9A700][000002380C9F9680 49] iPhone6Plus, [000002380BCDD600][000002380C9FD800 49] iPhone6S, [000002380BC9AD00][000002380CA01980 49] iPhone6SPlus, [000002380BCDE500][000002380CA05B00 49] iPhone7Plus, [000002380BC99100][000002380CA08100 49] iPhoneSE, [000002380BCDD700][000002380CA0C280 49] iPhone8, [000002380BC99200][000002380CA10400 49] iPhone8Plus, [000002380BCDDC00][000002380CA14580 49] iPhoneX, [000002380BC98400][000002380CA18700 49] iPhoneXS, [000002380BCDE000][000002380C9D4840 49] iPhoneXSMax, [000002380BC9B400][000002380CA1C980 49] iPhoneXR, [000002380BCDD200][000002380CA20AC0 49] iPhone11, [000002380BC98700][000002380CA28C40 49] iPhone11Pro, [000002380BCDEA00][000002380CA2CDC0 49] iPhone11ProMax, [000002380BC98A00][000002380CA30F40 49] iPhoneSE2, [000002380BCDFD00][000002380CA350C0 49] iPhone12Mini, [000002380BC99000][000002380CA39240 49] iPhone12, [000002380BCDC800][000002380CA3D3C0 49] iPhone12Pro, [000002380BC9BD00][000002380CA41540 49] iPhone12ProMax, [000002380BCDF800][000002380CA456C0 49] iPadPro105, [000002380BC99900][000002380CA49840 49] iPadPro129, [000002380BCDEB00][000002380CA4D9C0 49] iPadPro97, [000002380BC98200][000002380CA51B40 49] iPadPro2_129, [000002380BCDD500][000002380CA54140 49] iPad5, [000002380BC9B900][000002380CA582C0 49] iPad6, [000002380BCDCB00][000002380CA5C440 49] iPad7, [000002380BC9A800][000002380CA605C0 49] iPad8, [000002380BCDC100][000002380CA64740 49] iPadPro11, [000002380BC9A600][000002380CA688C0 49] iPadPro2_11, [000002380BCDEC00][000002380CA24A00 49] iPadPro3_129, [000002380BC98300][000002380CA6CB40 49] iPadPro4_129, [000002380BCEA600][000002380CA70C80 49] AppleTV, [000002380BD79300][000002380CA74DC0 49] AppleTV4K, [000002380BCEB700][000002380CA7CF40 49] TVOS, [000002380BD79B00][000002380CA810C0 49] Mac, [000002380BCEA200][000002380CA85240 49] MacClient, [000002380BD79000][000002380CA893C0 49] MacNoEditor, [000002380BCE9600][000002380CA8D540 49] MacServer, [000002380BD78500][000002380CA916C0 49] Linux, [000002380BCE8100][000002380CA95840 49] LinuxAArch64, [000002380BD78900][000002380CA999C0 49] LinuxNoEditor, [000002380BCEB500][000002380CA9DB40 49] LinuxAArch64NoEditor, [000002380BD79800][000002380CAA0140 49] LinuxClient, [000002380BCEB800][000002380CAA42C0 49] LinuxAArch64Client, [000002380BD79500][000002380CAA8440 49] LinuxServer, [000002380BCE8700][000002380CAAC5C0 49] LinuxAArch64Server, [000002380BD79900][000002380CAB0740 49] Android, [000002380BCEBA00][000002380CAB48C0 49] Android_Low, [000002380BD78C00][000002380CAB8A40 49] Android_Mid, [000002380BC9A500][000002380CA78B80 49] Android_High, [000002380BCDFB00][000002380CABCCC0 49] Android_Default, [000002380BC98600][000002380CAC0E00 49] Android_Adreno4xx, [000002380BCDE100][000002380CAC4F40 49] Android_Adreno5xx_Low, [000002380BC99B00][000002380CACD0C0 49] Android_Adreno5xx, [000002380BCDF200][000002380CAD1240 49] Android_Adreno6xx, [000002380BC9A000][000002380CAD53C0 49] Android_Adreno6xx_Vulkan, [000002380BCDC900][000002380CAD9540 49] Android_Mali_T6xx, [000002380BC99F00][000002380CADD6C0 49] Android_Mali_T7xx, [000002380BCDFF00][000002380CAE1840 49] Android_Mali_T8xx, [000002380BC9BE00][000002380CAE59C0 49] Android_Mali_G71, [000002380BCDE400][000002380CAE9B40 49] Android_Mali_G72, [000002380BC9B000][000002380CAEC140 49] Android_Mali_G72_Vulkan, [000002380BCDCA00][000002380CAF02C0 49] Android_Mali_G76, [000002380BC9AB00][000002380CAF4440 49] Android_Mali_G76_Vulkan, [000002380BCDFA00][000002380CAF85C0 49] Android_Mali_G77, [000002380BC99500][000002380CAFC740 49] Android_Mali_G77_Vulkan, [000002380BCDD900][000002380CB008C0 49] Android_Mali_G78, [000002380BC9BA00][000002380CB04A40 49] Android_Mali_G78_Vulkan, [000002380BCDF600][000002380CB08BC0 49] Android_Mali_G710, [000002380BC9AC00][000002380CB0CD40 49] Android_Mali_G710_Vulkan, [000002380BD79E00][000002380CAC8E80 49] Android_Vulkan_SM5, [000002380BC9B500][000002380CB10FC0 49] Android_PowerVR_G6xxx, [000002380BD79400][000002380CB15100 49] Android_PowerVR_GT7xxx, [000002380BC98F00][000002380CB1D280 49] Android_PowerVR_GE8xxx, [000002380BCDD800][000002380CB21400 49] Android_PowerVR_GM9xxx, [000002380BC98500][000002380CB25580 49] Android_PowerVR_GM9xxx_Vulkan, [000002380BCDC200][000002380CB29700 49] Android_TegraK1, [000002380BC9BC00][000002380CB2D880 49] Android_Unknown_Vulkan, [000002380BCDD400][000002380CB31A00 49] Lumin, [000002380BC9A200][000002380CB35B80 49] Lumin_Desktop, [000002380BCDF000][000002380CB38180 49] HoloLens, 
[2022.03.13-17.57.19:406][  0]LogMeshReduction: Using QuadricMeshReduction for automatic static mesh reduction
[2022.03.13-17.57.19:407][  0]LogMeshReduction: Using SimplygonMeshReduction for automatic skeletal mesh reduction
[2022.03.13-17.57.19:407][  0]LogMeshReduction: Using ProxyLODMeshReduction for automatic mesh merging
[2022.03.13-17.57.19:407][  0]LogMeshReduction: No distributed automatic mesh merging module available
[2022.03.13-17.57.19:444][  0]LogMeshMerging: No distributed automatic mesh merging module available
[2022.03.13-17.57.20:059][  0]LogNetVersion: MushMush 1.0.0, NetCL: 17155196, EngineNetVer: 17, GameNetVer: 0 (Checksum: 1127309942)
[2022.03.13-17.57.29:712][  0]LogTexture: Default maximum texture size for cubemaps generated from long-lat sources has been changed from 512 to unlimited. In order to preserve old behaiour for '/Engine/MapTemplates/Sky/DaylightAmbientCubemap.DaylightAmbientCubemap', its maximum texture size has been explicitly set to 512.
[2022.03.13-17.57.30:614][  0]LogHMD: PokeAHoleMaterial loaded successfully
[2022.03.13-17.57.30:684][  0]LogUObjectArray: 17178 objects as part of root set at end of initial load.
[2022.03.13-17.57.30:684][  0]LogUObjectAllocator: 4301856 out of 0 bytes used by permanent object pool.
[2022.03.13-17.57.30:684][  0]LogUObjectArray: CloseDisregardForGC: 0/0 objects in disregard for GC pool
[2022.03.13-17.57.32:781][  0]LogTcpMessaging: Initializing TcpMessaging bridge
[2022.03.13-17.57.32:890][  0]LogUdpMessaging: Initializing bridge on interface 0.0.0.0:0 to multicast group 230.0.0.1:6666.
[2022.03.13-17.57.35:498][  0]LogNiagaraDebuggerClient: Niagara Debugger Client Initialized | Session: 74721279497DF976A9BD57A4B1DA1A0E | Instance: D4DC988148BE505ABEBD099F1D3359A9 (DESKTOP-U92TRET-3560).
[2022.03.13-17.57.36:026][  0]LogImageWrapper: Warning: PNG Warning: Duplicate iCCP chunk
[2022.03.13-17.57.36:026][  0]LogImageWrapper: Warning: PNG Warning: Duplicate iCCP chunk
[2022.03.13-17.57.37:219][  0]LogPython: Using Python 3.7.7
[2022.03.13-17.57.42:056][  0]SourceControl: Source control is disabled
[2022.03.13-17.57.42:056][  0]SourceControl: Source control is disabled
[2022.03.13-17.57.42:180][  0]SourceControl: Source control is disabled
[2022.03.13-17.57.42:232][  0]SourceControl: Source control is disabled
[2022.03.13-17.57.42:386][  0]SourceControl: Source control is disabled
[2022.03.13-17.57.42:525][  0]LogUProjectInfo: Found projects:
[2022.03.13-17.57.42:851][  0]LogAndroidPermission: UAndroidPermissionCallbackProxy::GetInstance
[2022.03.13-17.57.43:233][  0]LogAudioCaptureCore: Display: No Audio Capture implementations found. Audio input will be silent.
[2022.03.13-17.57.43:233][  0]LogAudioCaptureCore: Display: No Audio Capture implementations found. Audio input will be silent.
[2022.03.13-17.57.47:395][  0]LogOpenImageDenoise: OIDN starting up
[2022.03.13-17.57.47:705][  0]LogCollectionManager: Loaded 0 collections in 0.002129 seconds
[2022.03.13-17.57.48:085][  0]LogFileCache: Scanning file cache for directory 'F:/Documents/Unreal/MushMush/Saved/Collections/' took 0.11s
[2022.03.13-17.57.48:085][  0]LogFileCache: Scanning file cache for directory 'F:/Documents/Unreal/MushMush/Content/Developers/lordj/Collections/' took 0.11s
[2022.03.13-17.57.48:085][  0]LogFileCache: Scanning file cache for directory 'F:/Documents/Unreal/MushMush/Content/Collections/' took 0.11s
[2022.03.13-17.57.48:085][  0]LogOcInput: OculusInput pre-init called
[2022.03.13-17.57.48:675][  0]LogImageWrapper: Warning: PNG Warning: Duplicate iCCP chunk
[2022.03.13-17.57.48:675][  0]LogImageWrapper: Warning: PNG Warning: Duplicate iCCP chunk
[2022.03.13-17.57.50:342][  0]LogEngine: Initializing Engine...
[2022.03.13-17.57.50:625][  0]LogHMD: Failed to enumerate extensions. Please check that you have a valid OpenXR runtime installed.
[2022.03.13-17.57.50:642][  0]LogHMD: Failed to initialize OpenVR with code 110
[2022.03.13-17.57.50:651][  0]LogMagicLeap: Warning: VR disabled because ZI is not enabled.  To enable, in the editor, Edit -> Project Settings -> Plugins -> Magic Leap Plugin -> Enable Zero Iteration
[2022.03.13-17.57.50:733][  0]LogStats: UGameplayTagsManager::InitializeManager -  0.010 s
[2022.03.13-17.57.51:658][  0]LogInit: Initializing FReadOnlyCVARCache
[2022.03.13-17.57.52:154][  0]LogAIModule: Creating AISystem for world Untitled
[2022.03.13-17.57.52:236][  0]LogAudio: Display: Initializing Audio Device Manager...
[2022.03.13-17.57.52:287][  0]LogAudio: Display: Loading Default Audio Settings Objects...
[2022.03.13-17.57.52:325][  0]LogAudio: Display: No default SoundConcurrencyObject specified (or failed to load).
[2022.03.13-17.57.52:354][  0]LogAudio: Display: Audio Device Manager Initialized
[2022.03.13-17.57.52:354][  0]LogAudio: Display: Creating Audio Device:                 Id: 1, Scope: Shared, Realtime: True
[2022.03.13-17.57.52:389][  0]LogAudioMixer: Display: Audio Mixer Platform Settings:
[2022.03.13-17.57.52:389][  0]LogAudioMixer: Display: 	Sample Rate:						  48000
[2022.03.13-17.57.52:389][  0]LogAudioMixer: Display: 	Callback Buffer Frame Size Requested: 1024
[2022.03.13-17.57.52:389][  0]LogAudioMixer: Display: 	Callback Buffer Frame Size To Use:	  1024
[2022.03.13-17.57.52:389][  0]LogAudioMixer: Display: 	Number of buffers to queue:			  2
[2022.03.13-17.57.52:389][  0]LogAudioMixer: Display: 	Max Channels (voices):				  32
[2022.03.13-17.57.52:389][  0]LogAudioMixer: Display: 	Number of Async Source Workers:		  0
[2022.03.13-17.57.52:393][  0]LogAudio: Display: AudioDevice MaxSources: 32
[2022.03.13-17.57.52:405][  0]LogAudio: Display: Audio Spatialization Plugin: None (built-in).
[2022.03.13-17.57.52:405][  0]LogAudio: Display: Audio Reverb Plugin: None (built-in).
[2022.03.13-17.57.52:405][  0]LogAudio: Display: Audio Occlusion Plugin: None (built-in).
[2022.03.13-17.57.52:405][  0]LogAudioMixer: Display: Initializing audio mixer.
[2022.03.13-17.57.52:641][  0]LogAudioMixer: Display: 0: FrontLeft
[2022.03.13-17.57.52:641][  0]LogAudioMixer: Display: 1: FrontRight
[2022.03.13-17.57.52:649][  0]LogAudioMixer: Display: Using Audio Device DFX Speakers (DFX Audio Enhancer)
[2022.03.13-17.57.52:674][  0]LogAudioMixer: Display: Initializing Sound Submixes...
[2022.03.13-17.57.52:826][  0]LogAudioMixer: Display: Creating Master Submix 'MasterSubmixDefault'
[2022.03.13-17.57.52:831][  0]LogAudioMixer: Display: Creating Master Submix 'MasterReverbSubmixDefault'
[2022.03.13-17.57.52:832][  0]LogAudioMixer: Display: Creating Master Submix 'MasterEQSubmixDefault'
[2022.03.13-17.57.52:833][  0]LogAudioMixer: FMixerPlatformXAudio2::StartAudioStream() called
[2022.03.13-17.57.52:833][  0]LogAudioMixer: Display: Output buffers initialized: Frames=1024, Channels=2, Samples=2048
[2022.03.13-17.57.52:833][  0]LogAudioMixer: Display: Starting AudioMixerPlatformInterface::RunInternal()
[2022.03.13-17.57.52:834][  0]LogAudioMixer: Display: FMixerPlatformXAudio2::SubmitBuffer() called for the first time
[2022.03.13-17.57.52:834][  0]LogInit: FAudioDevice initialized.
[2022.03.13-17.57.52:834][  0]LogAudio: Display: Audio Device (ID: 1) registered with world 'Untitled'.
[2022.03.13-17.57.52:834][  0]LogNetVersion: Set ProjectVersion to 1.0.0.0. Version Checksum will be recalculated on next use.
[2022.03.13-17.57.52:909][  0]LogDerivedDataCache: Saved boot cache 0.07s 94MB C:/Users/lordj/AppData/Local/UnrealEngine/4.27/DerivedDataCache/Boot.ddc.
[2022.03.13-17.57.52:911][  0]LogInit: Texture streaming: Enabled
[2022.03.13-17.57.53:039][  0]LogAnalytics: Display: [UEEditor.Rocket.Release] APIServer = https://datarouter.ol.epicgames.com/. AppVersion = 4.27.1-17735300+++UE4+Release-4.27
[2022.03.13-17.57.53:061][  0]LogEngineSessionManager: EngineSessionManager initialized
[2022.03.13-17.57.53:083][  0]LogEditorSessionSummary: Verbose: Initializing EditorSessionSummaryWriter for editor session tracking
[2022.03.13-17.57.53:113][  0]LogEditorSessionSummary: EditorSessionSummaryWriter initialized
[2022.03.13-17.57.53:750][  0]LogInit: Transaction tracking system initialized
[2022.03.13-17.57.54:696][  0]BlueprintLog: New page: Editor Load
