AndroidPlatformFactory.RegisterBuildPlatforms: UnrealBuildTool.AndroidPlatformSDK has no valid SDK
IOSPlatformFactory.RegisterBuildPlatforms: UnrealBuildTool.IOSPlatformSDK has no valid SDK
LinuxPlatformFactory.RegisterBuildPlatforms: UnrealBuildTool.LinuxPlatformSDK has no valid SDK
WindowsPlatformFactory.RegisterBuildPlatforms: UnrealBuildTool.WindowsPlatformSDK using manually installed SDK
ProjectFileGenerator.GenerateProjectFiles: Discovering modules, targets and source code for project...
WindowsPlatform.FindVisualStudioInstallations: Found Visual Studio installation: C:\Program Files (x86)\Microsoft Visual Studio\2019\Community (Product=Microsoft.VisualStudio.Product.Community, Version=16.9.31229.75)
WindowsPlatform.FindVisualStudioToolChains: Found Visual Studio toolchain: C:\Program Files (x86)\Microsoft Visual Studio\2019\Community\VC\Tools\MSVC\14.28.29910 (Version=14.28.29915)
WindowsPlatform.FindVisualStudioToolChains: Found Visual Studio toolchain: C:\Program Files (x86)\Microsoft Visual Studio\2019\Community\VC\Tools\MSVC\14.28.29910 (Version=14.28.29910)
UnrealBuildTool.Main: ERROR: Windows SDK must be installed in order to build this target.
UnrealBuildTool.Main: BuildException: Windows SDK must be installed in order to build this target.
UnrealBuildTool.Main:    at UnrealBuildTool.VCEnvironment.Create(WindowsCompiler Compiler, UnrealTargetPlatform Platform, WindowsArchitecture Architecture, String CompilerVersion, String WindowsSdkVersion, String SuppliedSdkDirectoryForVersion) in D:\Build\++UE4\Sync\Engine\Source\Programs\UnrealBuildTool\Platform\Windows\VCEnvironment.cs:line 491
UnrealBuildTool.Main:    at UnrealBuildTool.WindowsPlatform.CreateVCEnvironment(TargetRules Target) in D:\Build\++UE4\Sync\Engine\Source\Programs\UnrealBuildTool\Platform\Windows\UEBuildWindows.cs:line 778
UnrealBuildTool.Main:    at UnrealBuildTool.WindowsPlatform.ValidateTarget(TargetRules Target) in D:\Build\++UE4\Sync\Engine\Source\Programs\UnrealBuildTool\Platform\Windows\UEBuildWindows.cs:line 860
UnrealBuildTool.Main:    at UnrealBuildTool.RulesAssembly.CreateTargetRulesInstance(String TypeName, TargetInfo TargetInfo) in D:\Build\++UE4\Sync\Engine\Source\Programs\UnrealBuildTool\System\RulesAssembly.cs:line 599
UnrealBuildTool.Main:    at UnrealBuildTool.RulesAssembly.CreateTargetRules(String TargetName, UnrealTargetPlatform Platform, UnrealTargetConfiguration Configuration, String Architecture, FileReference ProjectFile, CommandLineArguments Arguments) in D:\Build\++UE4\Sync\Engine\Source\Programs\UnrealBuildTool\System\RulesAssembly.cs:line 659
UnrealBuildTool.Main:    at UnrealBuildTool.ProjectFileGenerator.AddProjectsForAllTargets(PlatformProjectGeneratorCollection PlatformProjectGenerators, List`1 AllGames, List`1 AllTargetFiles, String[] Arguments, ProjectFile& EngineProject, ProjectFile& EnterpriseProject, List`1& GameProjects, Dictionary`2& ProgramProjects) in D:\Build\++UE4\Sync\Engine\Source\Programs\UnrealBuildTool\ProjectFiles\ProjectFileGenerator.cs:line 2339
UnrealBuildTool.Main:    at UnrealBuildTool.ProjectFileGenerator.GenerateProjectFiles(PlatformProjectGeneratorCollection PlatformProjectGenerators, String[] Arguments) in D:\Build\++UE4\Sync\Engine\Source\Programs\UnrealBuildTool\ProjectFiles\ProjectFileGenerator.cs:line 774
UnrealBuildTool.Main:    at UnrealBuildTool.GenerateProjectFilesMode.Execute(CommandLineArguments Arguments) in D:\Build\++UE4\Sync\Engine\Source\Programs\UnrealBuildTool\Modes\GenerateProjectFilesMode.cs:line 208
UnrealBuildTool.Main:    at UnrealBuildTool.UnrealBuildTool.Main(String[] ArgumentsArray) in D:\Build\++UE4\Sync\Engine\Source\Programs\UnrealBuildTool\UnrealBuildTool.cs:line 557
Timeline.Print: Timeline:
Timeline.Print: 
Timeline.Print: [ 0.000]
Timeline.Print: [ 0.000](+0.020) <unknown>
Timeline.Print: [ 0.020](+0.045) XmlConfig.ReadConfigFiles()
Timeline.Print: [ 0.065](+0.000) SingleInstanceMutex.Acquire()
Timeline.Print: [ 0.065](+0.039) UEBuildPlatform.RegisterPlatforms()
Timeline.Print:   0.066          [ 0.000](+0.020) Initializing InstalledPlatformInfo
Timeline.Print:   0.086          [ 0.020](+0.000) Querying types
Timeline.Print:   0.087          [ 0.021](+0.000) MacPlatformFactory
Timeline.Print:   0.088          [ 0.022](+0.000) TVOSPlatformFactory
Timeline.Print:   0.088          [ 0.022](+0.011) AndroidPlatformFactory
Timeline.Print:   0.099          [ 0.033](+0.000) HoloLensPlatformFactory
Timeline.Print:   0.099          [ 0.034](+0.002) IOSPlatformFactory
Timeline.Print:   0.101          [ 0.036](+0.002) LinuxPlatformFactory
Timeline.Print:   0.104          [ 0.039](+0.000) LuminPlatformFactory
Timeline.Print:   0.104          [ 0.039](+0.000) WindowsPlatformFactory
Timeline.Print: [ 0.105](+0.316) <unknown>
Timeline.Print: [ 0.422](+0.001) Finding engine modules
Timeline.Print: [ 0.423](+0.002) Finding plugin modules
Timeline.Print: [ 0.426](+0.023) <unknown>
Timeline.Print: [ 0.450](+0.000) Finding program modules
Timeline.Print: [ 0.450](+0.000) Finding program targets
Timeline.Print: [ 0.450](+0.095) <unknown>
Timeline.Print: [ 0.545](+0.000) FileMetadataPrefetch.Stop()
Timeline.Print: [ 0.547]
